0.693147 -1.780586 -2.389815 
1.098612 -0.177681 -2.085214 
1.386294 -0.191351 -2.686253 
1.609438 -0.301668 -2.173901 
1.791759 -0.178023 -2.104071 
1.945910 -0.324006 -1.849490 
2.079442 -0.250549 -2.124124 
2.197225 -0.322350 -2.126917 
2.302585 -0.270278 -1.945965 
2.397895 -0.352288 -1.990633 
2.484907 -0.291196 -1.847569 
2.564949 -0.328641 -1.691282 
2.639057 -0.321324 -1.550701 
2.708050 -0.339375 -1.613366 
2.772589 -0.358651 -1.524693 
2.833213 -0.335287 -1.279579 
2.890372 -0.350229 -1.262583 
2.944439 -0.388435 -1.172376 
2.995732 -0.340075 -1.254108 
3.044522 -0.397439 -1.215007 
3.091042 -0.311796 -1.108636 
3.135494 -0.366185 -0.892567 
3.178054 -0.424620 -1.110045 
3.218876 -0.413456 -1.114174 
3.258097 -0.418506 -0.851962 
3.295837 -0.426333 -0.959602 
3.332205 -0.332041 -0.617178 
3.367296 -0.377110 -0.851578 
3.401197 -0.435701 -0.676341 
3.433987 -0.448710 -0.742308 
3.465736 -0.408007 -0.879596 
3.496508 -0.440437 -0.764689 
3.526361 -0.381122 -0.484658 
3.555348 -0.428594 -0.733056 
3.583519 -0.363539 -0.384566 
3.610918 -0.584261 -0.783703 
3.637586 -0.340010 -0.345491 
3.663562 -0.406512 -0.356133 
3.688879 -0.328236 -0.399391 
3.713572 -0.516164 -0.704123 
3.737670 -0.528116 -0.698155 
3.761200 -0.651285 -0.860035 
3.784190 -0.338040 -0.181662 
3.806662 -0.460083 -0.481634 
3.828641 -0.498931 -0.333329 
3.850148 -0.383444 -0.171809 
3.871201 -0.550419 -0.324951 
3.891820 -0.342868 -0.187951 
3.912023 -0.464450 -0.258832 
3.931826 -0.437957 -0.192223 
3.951244 -0.355832 -0.206637 
3.970292 -0.407908 -0.104276 
3.988984 -0.439082 -0.076431 
4.007333 -0.351228 0.025087 
4.025352 -0.595625 -0.521564 
4.043051 -0.527115 -0.501540 
4.060443 -0.410851 -0.287663 
4.077537 -0.353450 -0.248939 
4.094345 -0.589161 -0.329385 
4.110874 -0.277493 0.156795 
4.127134 -0.862998 -0.740456 
4.143135 -0.460780 -0.106910 
4.158883 -0.477522 -0.248708 
4.174387 -0.318951 0.095578 
4.189655 -0.417234 -0.001810 
4.204693 -0.476010 0.034541 
4.219508 -0.765003 -0.414426 
4.234107 -0.628943 -0.415436 
4.248495 -0.447363 -0.017021 
4.262680 -0.366403 0.176791 
4.276666 -0.614793 -0.138035 
4.290459 -0.829082 -0.534541 
4.317488 -0.437914 0.097996 
4.330733 -0.326826 0.155818 
4.343805 -0.682754 -0.332730 
4.356709 -0.439367 0.099379 
4.369448 -0.518520 0.141021 
4.382027 -0.594387 -0.157159 
4.394449 -0.728542 -0.362846 
4.406719 -0.394659 0.087513 
4.418841 -0.527382 0.025263 
4.442651 -0.099624 0.575719 
4.454347 -0.535999 0.072450 
4.465908 -0.414763 0.097109 
4.477337 -0.527738 0.087574 
4.488636 -0.524314 0.041827 
4.499810 -0.490056 0.045973 
4.510860 -0.555311 0.139873 
4.521789 -0.599371 -0.264833 
4.532599 -0.340055 0.390626 
4.543295 -0.884508 -0.964382 
4.553877 -0.657903 0.003482 
4.564348 -0.384683 0.448900 
4.574711 -0.407921 0.334137 
4.584967 -0.639212 -0.200694 
4.595120 -0.941413 -0.534661 
4.605170 -0.546233 0.154771 
4.615121 -0.572217 0.030814 
4.634729 -0.506638 0.123625 
4.644391 -0.650670 0.043918 
4.653960 -0.517786 0.198378 
4.663439 -0.299237 0.484402 
4.672829 -0.799791 -0.164150 
4.682131 -0.418841 0.422307 
4.700480 -0.492930 0.121448 
4.709530 -0.316396 0.402318 
4.718499 -0.449924 0.244436 
4.727388 -0.745040 -0.119808 
4.736198 -0.736764 -0.047293 
4.744932 -0.513590 0.212693 
4.753590 -0.227996 0.307630 
4.762174 -0.996461 -0.310483 
4.770685 -0.331988 0.466554 
4.779123 -0.628789 0.026974 
4.787492 -0.818617 -0.109223 
4.795791 -0.706870 0.071081 
4.812184 -0.778056 -0.160782 
4.820282 -0.410213 0.419065 
4.828314 -0.646091 -0.013687 
4.836282 -0.561062 0.096504 
4.844187 -0.579762 0.129083 
4.852030 -0.290023 0.489956 
4.859812 -0.299420 0.404647 
4.867534 -0.468520 0.292889 
4.875197 -0.422493 0.357607 
4.882802 -0.544672 0.057826 
4.890349 -0.650532 0.060306 
4.897840 -0.466825 0.345602 
4.905275 -0.471137 0.362016 
4.912655 -0.387304 0.403926 
4.919981 -0.689491 0.061109 
4.927254 -0.409360 0.288235 
4.934474 -0.697002 -0.107652 
4.948760 -0.723271 -0.065864 
4.955827 -0.747135 0.035746 
4.962845 -0.549445 0.129615 
4.969813 -0.454878 0.244924 
4.976734 -0.535258 0.403610 
4.997212 -0.649220 0.056711 
5.003946 -0.575788 0.069613 
5.010635 -0.702372 0.223864 
5.017280 -0.386951 0.212689 
5.023881 -0.743477 0.072890 
5.030438 -1.009568 -0.449629 
5.036953 -0.582552 0.202486 
5.043425 -0.636630 0.168014 
5.049856 -0.796490 0.138397 
5.062595 -0.825026 -0.088490 
5.068904 -0.715121 0.083181 
5.075174 -0.584621 0.232239 
5.087596 -0.524394 0.365791 
5.093750 -0.993801 -0.221157 
5.099866 -0.541058 0.243075 
5.105945 -0.521492 0.141658 
5.111988 -0.346143 0.577737 
5.117994 -0.298608 0.506704 
5.135798 -0.304938 0.550273 
5.141664 -0.477588 0.269857 
5.147494 -0.382382 0.464065 
5.159055 -0.511530 0.231863 
5.164786 -0.905190 0.024590 
5.176150 -0.867618 -0.102854 
5.181784 -0.683767 0.067731 
5.187386 -0.579667 0.280687 
5.198497 -0.473916 0.361150 
5.204007 -1.574203 -0.788788 
5.209486 -0.448078 0.446590 
5.214936 -1.057436 -0.178422 
5.220356 -0.363556 0.504280 
5.236442 -0.461801 0.269153 
5.241747 -0.466952 0.391896 
5.257495 -0.793537 0.102332 
5.262690 -0.546731 0.277593 
5.273000 -0.579922 0.218815 
5.278115 -0.604369 0.199722 
5.293305 -0.721560 0.189172 
5.298317 -0.389704 0.533826 
5.303305 -0.365178 0.476199 
5.308268 -0.473425 0.405995 
5.313206 -0.623894 0.094084 
5.318120 -0.532432 0.383804 
5.332719 -0.797309 0.146196 
5.337538 -0.751211 0.149063 
5.342334 -0.713459 0.067095 
5.356586 -0.206321 0.717491 
5.361292 -0.581894 0.429548 
5.370638 -0.293593 0.588030 
5.375278 -0.536399 0.403154 
5.379897 -0.736375 0.186794 
5.384495 -0.433740 0.361632 
5.398163 -0.359566 0.559255 
5.402677 -0.662399 0.150465 
5.429346 -0.648105 0.215855 
5.433722 -0.785954 0.149695 
5.438079 -0.519337 0.359329 
5.446737 -0.479619 0.413304 
5.459586 -0.303315 0.595246 
5.463832 -0.563567 0.274609 
5.468060 -0.767315 0.150306 
5.472271 -0.945591 -0.108269 
5.480639 -0.750468 0.188801 
5.484797 -0.816456 0.035872 
5.488938 -0.575356 0.309031 
5.493061 -1.274885 -0.328948 
5.497168 -0.705242 0.009382 
5.501258 -0.740058 0.194997 
5.509388 -0.526171 0.387872 
5.517453 -0.379227 0.524982 
5.529429 -0.820981 0.104603 
5.537334 -0.721969 0.205052 
5.545177 -0.672429 0.236132 
5.556828 -0.531047 0.392705 
5.560682 -0.538839 0.336260 
5.564520 -0.402402 0.565776 
5.568345 -0.587671 0.314244 
5.575949 -0.393870 0.595765 
5.579730 -0.768314 0.017128 
5.594711 -0.588566 0.341368 
5.605802 -0.773006 0.125054 
5.609472 -0.380460 0.509974 
5.613128 -0.990859 -0.038540 
5.620401 -0.467997 0.441191 
5.624018 -0.506538 0.434251 
5.631212 -0.586563 0.382345 
5.645447 -0.871199 0.105365 
5.652489 -0.554876 0.416386 
5.655992 -0.641130 0.314287 
5.659482 -0.684999 0.233893 
5.662960 -1.037868 -0.073584 
5.676754 -0.435980 0.508858 
5.683580 -0.540564 0.390113 
5.686975 -0.705420 0.277472 
5.690359 -0.427220 0.490596 
5.703782 -0.840305 0.123314 
5.710427 -0.584431 0.327882 
5.713733 -0.773366 0.212743 
5.723585 -0.440491 0.481291 
5.726848 -0.971486 -0.115361 
5.730100 -1.069238 -0.089872 
5.736572 -0.552713 0.369001 
5.739793 -1.002964 -0.017056 
5.743003 -0.817488 0.134408 
5.758902 -0.770684 0.176461 
5.768321 -0.478111 0.458486 
5.771441 -0.541287 0.403780 
5.774552 -0.810347 0.153449 
5.780744 -0.715439 0.071929 
5.786897 -0.451515 0.523456 
5.789960 -1.027516 -0.040775 
5.793014 -0.590588 0.392096 
5.796058 -0.745825 0.215337 
5.802118 -0.821331 0.070126 
5.808142 -0.833060 0.137607 
5.811141 -0.827789 0.164986 
5.814131 -0.918357 0.045842 
5.817111 -0.605066 0.378887 
5.828946 -0.483039 0.433790 
5.831882 -0.619905 0.310603 
5.834811 -0.688777 0.288227 
5.837730 -1.056739 -0.080996 
5.840642 -0.492145 0.443877 
5.846439 -0.430630 0.517705 
5.849325 -0.694528 0.279483 
5.866468 -0.747948 0.254823 
5.872118 -0.730447 0.169894 
5.877736 -0.583269 0.356107 
5.880533 -0.947937 -0.104238 
5.888878 -0.804329 0.183618 
5.891644 -0.706254 0.288198 
5.905362 -0.630718 0.293987 
5.926926 -0.789569 0.148812 
5.929589 -0.743904 0.238447 
5.932245 -0.814856 0.137736 
5.950643 -0.578570 0.359520 
5.953243 -1.042441 -0.053228 
5.955837 -1.072298 -0.057822 
5.958425 -0.649419 0.274557 
5.976351 -0.637535 0.368146 
5.981414 -0.603576 0.347933 
5.993961 -0.564066 0.380405 
6.003887 -0.656152 0.312585 
6.011267 -1.034109 -0.028381 
6.013715 -0.596274 0.346065 
6.021023 -0.744004 0.254082 
6.023448 -0.621985 0.357955 
6.028279 -0.990190 -0.013433 
6.030685 -0.590684 0.360917 
6.037871 -0.689532 0.288535 
6.042633 -0.668155 0.272427 
6.047372 -0.776300 0.151482 
6.049733 -1.006731 -0.015798 
6.054439 -0.827507 0.131263 
6.075346 -1.007821 0.004224 
6.077642 -0.932600 0.061273 
6.079933 -0.872850 0.098842 
6.084499 -0.859791 0.120850 
6.102559 -0.763086 0.176509 
6.107023 -0.908212 0.099561 
6.159095 -0.915237 0.115275 
6.167516 -0.788839 0.177877 
6.171701 -1.147077 -0.142311 
6.175867 -0.943171 0.053750 
6.182085 -0.886209 0.053709 
6.184149 -1.015543 -0.004859 
6.186209 -0.999186 -0.002560 
6.192362 -0.970881 0.023841 
6.194405 -0.864653 0.107342 
6.202536 -0.908292 0.090478 
6.204558 -0.934592 -0.007135 
6.212606 -0.785963 0.199387 
6.218600 -1.037384 -0.023392 
6.220590 -0.990120 -0.039341 
6.232448 -0.879476 0.130835 
6.261492 -0.873778 0.107002 
6.284134 -1.096242 -0.094247 
6.289716 -0.888170 0.098887 
6.298949 -0.962015 -0.001475 
6.302619 -1.073884 -0.127173 
6.315358 -1.011167 0.001999 
6.320768 -1.069922 -0.055142 
6.342121 -0.951821 0.031386 
6.352629 -1.143776 -0.153355 
6.359574 -0.994724 -0.011111 
6.383507 -1.106336 -0.124665 
6.395262 -0.987510 -0.009118 
6.413459 -1.031413 -0.067943 
6.415097 -1.214032 -0.203888 
6.418365 -1.133015 -0.156860 
6.424869 -0.980774 -0.018986 
6.436150 -0.968989 0.004754 
6.444131 -1.100222 -0.120179 
6.445720 -1.064754 -0.084244 
6.463029 -1.268103 -0.256456 
6.473891 -1.226472 -0.223674 
6.495266 -1.069025 -0.091265 
6.502790 -1.323747 -0.380539 
6.522093 -1.146659 -0.163842 
6.523562 -1.175949 -0.153421 
6.527958 -1.316663 -0.314825 
6.543912 -1.283765 -0.265727 
6.558198 -1.131148 -0.119412 
6.572283 -1.456053 -0.450083 
6.591674 -1.253804 -0.296174 
6.606650 -1.210220 -0.228635 
6.624065 -1.339514 -0.382043 
6.625392 -1.323753 -0.337832 
6.635947 -1.336163 -0.319776 
6.642487 -1.285560 -0.279035 
6.656727 -1.314649 -0.346252 
6.672033 -1.307809 -0.332066 
6.674561 -1.437850 -0.476741 
6.706862 -1.363621 -0.382345 
6.723832 -1.400807 -0.385707 
6.729824 -1.448422 -0.438348 
6.741701 -1.405218 -0.426141 
6.853299 -1.638625 -0.631069 
7.082549 -1.890514 -0.891084 
7.092574 -1.919663 -0.917807 
7.095893 -1.931347 -0.924854 
7.156177 -1.922367 -0.923667 
7.181592 -2.021601 -1.021485 
7.352441 -2.306333 -1.305246 
