0.693147 -2.791637 -3.270987 
1.098612 -0.321124 -3.178204 
1.386294 -0.338774 -3.141874 
1.609438 -0.509868 -2.858887 
1.791759 -0.403531 -2.629784 
1.945910 -0.466790 -2.478079 
2.079442 -0.468949 -2.740573 
2.197225 -0.495449 -2.505853 
2.302585 -0.440329 -2.184174 
2.397895 -0.484136 -1.797681 
2.484907 -0.507395 -2.188710 
2.564949 -0.499447 -1.835053 
2.639057 -0.421788 -1.489695 
2.708050 -0.474643 -1.680716 
2.772589 -0.530415 -1.840873 
2.833213 -0.507730 -1.740947 
2.890372 -0.427898 -1.205635 
2.944439 -0.519945 -1.415798 
2.995732 -0.519977 -1.459605 
3.044522 -0.570621 -1.229600 
3.091042 -0.438642 -0.951222 
3.135494 -0.476940 -1.118519 
3.178054 -0.539459 -0.960563 
3.218876 -0.526693 -0.879323 
3.258097 -0.575946 -0.725340 
3.295837 -0.588398 -1.023001 
3.332205 -0.471578 -0.622872 
3.367296 -0.357770 -0.532725 
3.401197 -0.550099 -0.738423 
3.433987 -0.494270 -0.591199 
3.465736 -0.517203 -0.407057 
3.496508 -0.432246 -0.615010 
3.526361 -0.652926 -0.704675 
3.555348 -0.539640 -0.353189 
3.583519 -0.657760 -0.735856 
3.610918 -0.702724 -0.886573 
3.637586 -0.643733 -0.778799 
3.663562 -0.578581 -0.347428 
3.688879 -0.684882 -0.642558 
3.713572 -0.511744 -0.178439 
3.737670 -0.416259 -0.222175 
3.761200 -0.849610 -0.516685 
3.784190 -0.573109 -0.025413 
3.806662 -0.770806 -0.296524 
3.828641 -0.655301 -0.280258 
3.850148 -0.576743 -0.277723 
3.871201 -0.487001 -0.101140 
3.891820 -0.432857 -0.009939 
3.912023 -0.698968 -0.458511 
3.931826 -0.720395 -0.357389 
3.951244 -0.584802 -0.160195 
3.970292 -0.653529 -0.462059 
3.988984 -0.400607 0.120899 
4.007333 -0.537716 -0.106659 
4.025352 -0.453167 0.040800 
4.043051 -1.135029 -1.162538 
4.060443 -0.491924 -0.109015 
4.077537 -0.624091 -0.187308 
4.094345 -0.753330 -0.228591 
4.110874 -0.739635 -0.171325 
4.127134 -0.842195 -0.379936 
4.143135 -0.870491 -0.285868 
4.174387 -0.682925 -0.174306 
4.189655 -0.658107 -0.067560 
4.204693 -0.334342 0.280196 
4.219508 -0.555097 0.123015 
4.234107 -1.047667 -0.366935 
4.248495 -0.394369 0.377034 
4.262680 -0.641510 -0.339786 
4.276666 -0.693670 -0.126864 
4.290459 -0.552048 -0.015833 
4.304065 -0.790849 -0.415446 
4.317488 -0.736830 -0.169195 
4.330733 -0.830369 -0.208334 
4.343805 -0.427215 0.215344 
4.356709 -0.647341 -0.129122 
4.369448 -0.528478 -0.006068 
4.394449 -0.902735 -0.184046 
4.418841 -0.706215 -0.096675 
4.430817 -0.536210 0.139711 
4.442651 -0.331996 0.357897 
4.454347 -0.404550 0.298422 
4.477337 -0.650704 -0.057852 
4.488636 -0.590914 0.103611 
4.510860 -0.634890 -0.070525 
4.521789 -0.335694 0.253822 
4.532599 -0.422989 0.101781 
4.543295 -0.688638 0.141488 
4.553877 -0.527728 0.290429 
4.564348 -0.339034 0.286946 
4.574711 -0.641854 0.109878 
4.584967 -0.705883 -0.131716 
4.595120 -0.835196 -0.185039 
4.634729 -0.790464 -0.159183 
4.644391 -0.256711 0.628034 
4.653960 -1.161570 -0.649603 
4.672829 -0.605584 0.285394 
4.682131 -0.942967 -0.217743 
4.691348 -0.386069 0.238482 
4.700480 -0.770465 0.088682 
4.709530 -0.374863 0.358875 
4.718499 -0.342043 0.363807 
4.727388 -0.389155 0.360717 
4.736198 -0.582277 0.309271 
4.744932 -0.513222 0.163461 
4.753590 -0.208341 0.666362 
4.762174 -0.758830 0.076667 
4.770685 -0.598369 -0.021101 
4.779123 -0.325212 0.538936 
4.787492 -0.675903 0.101451 
4.804021 -0.726258 -0.044600 
4.812184 -0.556296 0.305653 
4.820282 -0.476076 0.374247 
4.828314 -0.620241 0.100832 
4.836282 -0.310939 0.528674 
4.844187 -0.570964 0.124704 
4.859812 -0.563572 0.226414 
4.867534 -0.627641 0.145555 
4.882802 -0.343762 0.524454 
4.897840 -0.773321 0.081408 
4.905275 -0.995982 -0.245251 
4.912655 -0.573793 0.168494 
4.927254 -0.353545 0.503925 
4.934474 -1.110810 -0.287214 
4.955827 -0.545914 0.359985 
4.962845 -0.314051 0.546576 
4.969813 -0.734239 0.128232 
4.976734 -1.262670 -0.327290 
4.983607 -0.741557 0.119117 
4.997212 -0.577108 0.262006 
5.003946 -0.639435 0.273703 
5.010635 -0.823936 0.071045 
5.017280 -0.558137 0.100634 
5.023881 -0.385333 0.490329 
5.030438 -0.526343 0.422108 
5.043425 -0.610864 0.363787 
5.049856 -0.923258 -0.046115 
5.056246 -0.372978 0.502876 
5.068904 -0.419662 0.407661 
5.075174 -0.988343 -0.377440 
5.081404 -0.766256 0.151878 
5.087596 -0.931769 -0.087940 
5.093750 -0.923013 -0.187874 
5.123964 -1.401834 -0.523734 
5.129899 -0.604329 0.278770 
5.147494 -0.536657 0.365727 
5.153292 -0.607819 0.301360 
5.159055 -0.661925 0.292513 
5.164786 -0.534740 0.322602 
5.170484 -0.639015 0.191303 
5.181784 -0.944111 -0.032935 
5.192957 -1.025015 -0.309645 
5.198497 -0.485028 0.427602 
5.204007 -0.521097 0.449008 
5.209486 -0.523715 0.382870 
5.214936 -0.507098 0.396577 
5.225747 -0.589617 0.270689 
5.236442 -0.791796 0.148017 
5.241747 -0.762051 0.132487 
5.247024 -0.552909 0.382548 
5.273000 -0.795085 0.076574 
5.283204 -0.887984 0.056752 
5.288267 -0.960086 -0.016526 
5.298317 -0.957414 -0.072723 
5.303305 -0.660931 0.289694 
5.308268 -0.615833 0.319196 
5.323010 -0.673809 0.189370 
5.332719 -0.786851 0.093728 
5.337538 -0.512134 0.380388 
5.347108 -0.760076 0.202017 
5.356586 -0.841910 0.016740 
5.361292 -0.510630 0.373162 
5.365976 -0.421594 0.489847 
5.370638 -1.158633 -0.402577 
5.379897 -0.891687 0.017467 
5.389072 -0.538296 0.388857 
5.402677 -0.517749 0.362906 
5.407172 -0.632374 0.288878 
5.416100 -0.652743 0.233149 
5.420535 -0.684274 0.195746 
5.424950 -0.904727 -0.023280 
5.433722 -0.591635 0.315591 
5.451038 -0.871526 0.090128 
5.459586 -0.662045 0.278762 
5.463832 -0.757522 0.193388 
5.484797 -1.044108 -0.148151 
5.488938 -0.682083 0.224816 
5.497168 -1.092025 -0.121567 
5.501258 -1.014727 -0.074986 
5.537334 -0.901716 0.074689 
5.549076 -0.717613 0.207420 
5.568345 -0.871012 0.065385 
5.572154 -0.730203 0.209680 
5.587249 -0.657216 0.316406 
5.605802 -1.013228 -0.043573 
5.613128 -0.767638 0.119176 
5.620401 -1.112474 -0.119737 
5.627621 -0.730634 0.238234 
5.631212 -0.956263 0.006723 
5.634790 -0.898872 0.019603 
5.676754 -0.973139 -0.028826 
5.697093 -0.942409 0.003858 
5.700444 -0.918081 0.054888 
5.733341 -1.044966 -0.096455 
5.739793 -1.055645 -0.115251 
5.755742 -1.143874 -0.197488 
5.786897 -1.033122 -0.044907 
5.796058 -0.886831 0.082826 
5.808142 -0.858489 0.130041 
5.817111 -0.805243 0.140950 
5.828946 -0.994671 -0.046864 
5.834811 -0.981567 -0.014783 
5.866468 -0.965803 0.000328 
5.869297 -0.846059 0.089328 
5.872118 -0.881106 0.077744 
5.899897 -1.141626 -0.190492 
5.908083 -1.196580 -0.208282 
5.913503 -1.213893 -0.301975 
5.921578 -1.066867 -0.120667 
5.932245 -0.947752 -0.002436 
5.942799 -1.143538 -0.156308 
5.996452 -0.998980 -0.035828 
5.998937 -1.105220 -0.127373 
6.033086 -1.263053 -0.306738 
6.052089 -1.142620 -0.197208 
6.070738 -1.000974 -0.042795 
6.079933 -1.089024 -0.150647 
6.098074 -1.173053 -0.204346 
6.100319 -1.072160 -0.118935 
6.111467 -1.161327 -0.187563 
6.118097 -1.108163 -0.149420 
6.122493 -1.333428 -0.366923 
6.129050 -1.422957 -0.445286 
6.154858 -1.229597 -0.263833 
6.165418 -1.175858 -0.228437 
6.177944 -1.362737 -0.416758 
6.220590 -1.404757 -0.456432 
6.244167 -1.332719 -0.376071 
6.298949 -1.593294 -0.611415 
6.313548 -1.488640 -0.501404 
6.343880 -1.581181 -0.587128 
6.350886 -1.638487 -0.652133 
6.484635 -1.691732 -0.718635 
6.599870 -1.864670 -0.881384 
6.618739 -1.855217 -0.865460 
6.641182 -1.815754 -0.838741 
6.701960 -2.007212 -1.019713 
6.722630 -1.911557 -0.935795 
6.866933 -2.204008 -1.222825 
