0.693147 -2.179983 -3.509559 
1.098612 -0.341614 -2.784287 
1.386294 -0.316142 -3.179210 
1.609438 -0.432053 -3.136030 
1.791759 -0.417007 -2.724690 
1.945910 -0.426560 -2.607749 
2.079442 -0.437705 -2.708383 
2.197225 -0.501225 -2.772503 
2.302585 -0.426553 -2.490185 
2.397895 -0.457872 -2.128386 
2.484907 -0.418930 -1.824250 
2.564949 -0.474304 -1.865777 
2.639057 -0.429691 -1.800412 
2.708050 -0.496896 -1.878048 
2.772589 -0.478528 -1.393068 
2.833213 -0.447551 -1.677657 
2.890372 -0.507091 -1.685890 
2.944439 -0.401418 -1.153647 
2.995732 -0.479411 -1.297105 
3.044522 -0.560607 -1.481177 
3.091042 -0.540854 -1.289784 
3.135494 -0.511810 -1.317928 
3.178054 -0.588904 -1.270869 
3.218876 -0.548031 -1.044575 
3.258097 -0.416938 -0.693621 
3.295837 -0.464828 -0.826454 
3.332205 -0.524305 -1.047478 
3.367296 -0.451927 -0.615809 
3.401197 -0.568151 -0.942086 
3.433987 -0.504417 -0.646887 
3.465736 -0.364732 -0.361514 
3.496508 -0.540606 -0.815996 
3.526361 -0.494356 -0.556698 
3.555348 -0.509493 -0.401116 
3.583519 -0.494912 -0.455316 
3.610918 -0.529298 -0.479106 
3.637586 -0.483102 -0.361975 
3.663562 -0.639738 -0.504086 
3.688879 -0.660899 -0.774856 
3.713572 -0.405710 -0.377808 
3.737670 -0.546234 -0.320370 
3.761200 -0.448751 -0.132372 
3.784190 -0.443268 -0.238182 
3.806662 -0.570385 -0.337791 
3.828641 -0.434069 -0.088531 
3.850148 -0.682758 -0.362879 
3.871201 -0.431170 -0.070641 
3.891820 -0.543084 -0.250483 
3.912023 -0.610258 -0.198264 
3.931826 -0.478134 -0.005774 
3.951244 -0.464745 -0.069470 
3.970292 -0.757317 -0.524188 
3.988984 -0.406057 -0.070819 
4.007333 -0.899877 -0.714642 
4.025352 -0.586449 -0.157916 
4.043051 -0.521350 -0.168396 
4.060443 -0.607406 -0.044910 
4.077537 -0.431839 0.108051 
4.094345 -0.618196 -0.344888 
4.110874 -0.723713 -0.582953 
4.127134 -0.587150 -0.212385 
4.143135 -0.434992 0.201998 
4.158883 -0.353674 0.301060 
4.174387 -0.557383 0.109924 
4.189655 -0.884865 -0.383232 
4.204693 -0.464939 0.203439 
4.219508 -0.587489 0.157721 
4.234107 -0.602838 -0.011856 
4.248495 -0.270419 0.527846 
4.262680 -0.654407 -0.109044 
4.276666 -0.815673 -0.347711 
4.290459 -0.345480 0.327126 
4.304065 -0.768524 -0.114903 
4.317488 -0.503104 0.168171 
4.330733 -0.594011 0.057298 
4.343805 -0.918709 -0.292274 
4.356709 -0.614099 0.114504 
4.369448 -0.427398 0.348871 
4.382027 -0.665743 -0.126523 
4.394449 -0.865459 -0.144699 
4.406719 -0.347503 0.337226 
4.418841 -0.881683 -0.398711 
4.442651 -0.488131 0.171926 
4.454347 -0.687717 0.131843 
4.465908 -0.642903 -0.069131 
4.477337 -0.362695 0.250860 
4.488636 -0.682253 0.001287 
4.499810 -0.447867 0.144552 
4.510860 -0.279824 0.536385 
4.521789 -0.294239 0.204788 
4.532599 -0.608247 0.088482 
4.543295 -0.734087 0.073473 
4.553877 -0.586153 0.186127 
4.564348 -0.800119 -0.176735 
4.574711 -0.724289 -0.105787 
4.584967 -0.462052 0.167432 
4.595120 -0.526942 0.054358 
4.605170 -0.946352 -0.209169 
4.615121 -0.527560 0.136384 
4.624973 -0.647297 0.096142 
4.634729 -0.510441 0.177432 
4.644391 -0.576006 -0.005799 
4.653960 -0.721339 0.067222 
4.663439 -0.397818 0.334751 
4.672829 -0.692184 -0.044881 
4.682131 -0.606285 -0.057037 
4.691348 -0.758584 0.044885 
4.709530 -0.461955 0.251510 
4.718499 -0.261597 0.544632 
4.727388 -0.464462 0.374475 
4.736198 -0.638407 0.209896 
4.744932 -1.326425 -0.506744 
4.753590 -0.408473 0.418643 
4.762174 -0.720145 0.184291 
4.770685 -0.425062 0.308743 
4.779123 -0.716849 0.063639 
4.787492 -1.055242 -0.286726 
4.795791 -0.432229 0.340575 
4.804021 -0.597020 0.257862 
4.812184 -0.665759 0.111926 
4.820282 -0.720456 0.164969 
4.828314 -0.764547 -0.084599 
4.844187 -0.490101 0.315097 
4.852030 -0.592737 0.051801 
4.859812 -0.873254 -0.121432 
4.867534 -0.619168 0.262367 
4.875197 -0.583321 0.364418 
4.882802 -0.551454 0.310620 
4.890349 -0.513272 0.417725 
4.905275 -0.347554 0.540261 
4.919981 -0.929372 -0.012702 
4.927254 -1.226374 -0.464787 
4.948760 -0.202831 0.724227 
4.955827 -0.526622 0.191718 
4.962845 -0.573437 0.348559 
4.976734 -0.597073 0.270801 
4.983607 -0.695895 0.054175 
4.997212 -0.568479 0.376228 
5.003946 -0.529388 0.284562 
5.010635 -0.825645 -0.037040 
5.017280 -0.507906 0.289365 
5.023881 -0.988764 -0.163483 
5.030438 -0.481303 0.261178 
5.036953 -0.419241 0.441845 
5.043425 -0.555294 0.282263 
5.049856 -0.417318 0.446785 
5.056246 -0.832269 0.098420 
5.062595 -0.552267 0.303825 
5.068904 -0.721501 -0.031639 
5.075174 -0.642953 0.274578 
5.081404 -0.657634 0.200314 
5.087596 -0.707812 0.228772 
5.099866 -0.586031 0.356521 
5.105945 -1.142663 -0.251689 
5.111988 -0.441349 0.520500 
5.117994 -0.408731 0.468470 
5.123964 -0.316788 0.544165 
5.135798 -0.636992 0.182623 
5.141664 -0.702314 0.138386 
5.147494 -0.577416 0.357996 
5.153292 -0.302195 0.616183 
5.176150 -0.955118 -0.054319 
5.181784 -0.667117 0.281083 
5.187386 -0.693311 0.213948 
5.198497 -0.603104 0.267554 
5.209486 -0.579175 0.313125 
5.220356 -0.469464 0.521300 
5.225747 -0.528844 0.467883 
5.231109 -0.527232 0.424659 
5.241747 -0.332240 0.557165 
5.252273 -0.673211 0.320302 
5.267858 -0.427341 0.496640 
5.273000 -0.691189 0.186755 
5.278115 -0.656062 0.314082 
5.283204 -0.573839 0.184185 
5.298317 -0.597096 0.189270 
5.303305 -0.455290 0.459559 
5.308268 -0.797890 0.104396 
5.313206 -0.389885 0.506607 
5.323010 -0.717420 0.251326 
5.327876 -0.831447 0.086097 
5.337538 -0.708490 0.274962 
5.347108 -0.505486 0.434422 
5.351858 -0.481451 0.443886 
5.356586 -0.754541 0.192565 
5.365976 -1.023823 -0.072391 
5.370638 -0.506901 0.473281 
5.375278 -0.821558 0.072804 
5.379897 -0.686612 0.272386 
5.384495 -0.689279 0.271307 
5.389072 -0.375280 0.541057 
5.411646 -1.038556 -0.061791 
5.416100 -0.803894 0.181063 
5.424950 -0.700924 0.226210 
5.429346 -0.475066 0.472979 
5.438079 -0.445517 0.560819 
5.442418 -0.540118 0.373734 
5.446737 -0.765519 0.087791 
5.459586 -0.707120 0.178146 
5.463832 -0.559604 0.358109 
5.468060 -0.781129 0.184210 
5.472271 -1.077886 -0.227698 
5.476464 -0.661842 0.314150 
5.488938 -0.611389 0.346801 
5.497168 -0.569478 0.421506 
5.505332 -0.996640 -0.008648 
5.525453 -0.817690 0.169148 
5.533389 -0.407595 0.542398 
5.537334 -0.769920 0.241868 
5.549076 -0.545641 0.438198 
5.552960 -0.983690 -0.147165 
5.556828 -0.492699 0.448984 
5.564520 -0.536059 0.451452 
5.572154 -0.919561 -0.026147 
5.594711 -0.920573 0.039735 
5.605802 -0.642453 0.309533 
5.609472 -1.019527 -0.054178 
5.613128 -0.572335 0.402287 
5.616771 -0.533450 0.423497 
5.620401 -0.689985 0.232919 
5.624018 -0.668211 0.282438 
5.631212 -0.741343 0.185107 
5.634790 -0.583458 0.354796 
5.638355 -0.701170 0.204429 
5.645447 -0.832249 0.133634 
5.676754 -0.907788 0.038534 
5.680173 -0.596033 0.346554 
5.700444 -0.695078 0.257617 
5.703782 -0.633134 0.344472 
5.707110 -0.618106 0.333833 
5.710427 -0.870264 0.119816 
5.717028 -0.827115 0.146317 
5.726848 -0.677008 0.284361 
5.733341 -0.639089 0.382308 
5.736572 -0.746650 0.204664 
5.752573 -0.774509 0.246662 
5.768321 -0.782062 0.211080 
5.771441 -1.015237 -0.025948 
5.777652 -0.747798 0.237204 
5.789960 -0.668476 0.285827 
5.814131 -0.840783 0.149192 
5.820083 -0.863757 0.100298 
5.837730 -1.052600 -0.045551 
5.849325 -1.016222 -0.065455 
5.857933 -0.751005 0.183079 
5.877736 -1.227847 -0.247048 
5.880533 -0.980452 0.039051 
5.886104 -0.842300 0.126672 
5.899897 -0.906491 0.069427 
5.913503 -0.906874 0.126646 
5.918894 -0.736011 0.272597 
5.926926 -0.881632 0.091758 
5.942799 -1.036756 -0.048795 
5.948035 -0.741371 0.226775 
5.955837 -1.068258 -0.063902 
5.973810 -0.845778 0.162751 
5.981414 -1.168049 -0.164764 
5.986452 -1.004667 -0.040823 
5.991465 -1.051282 -0.046012 
6.033086 -0.925627 0.079347 
6.052089 -1.027903 -0.017400 
6.061457 -1.074347 -0.080521 
6.063785 -0.842463 0.130617 
6.073045 -1.115422 -0.097365 
6.075346 -1.084445 -0.100531 
6.079933 -0.893628 0.106003 
6.107023 -0.956296 0.028797 
6.109248 -1.026630 -0.034671 
6.111467 -1.105550 -0.105126 
6.142037 -1.154235 -0.131326 
6.150603 -1.163250 -0.156875 
6.152733 -1.306985 -0.298945 
6.159095 -1.161125 -0.157958 
6.182085 -1.074051 -0.072824 
6.186209 -1.056826 -0.049913 
6.212606 -1.112996 -0.117758 
6.218600 -1.364292 -0.358959 
6.253829 -1.258215 -0.283322 
6.259581 -1.033693 -0.048274 
6.265301 -1.056103 -0.067121 
6.298949 -1.284043 -0.283207 
6.313548 -1.197892 -0.187507 
6.318968 -1.163972 -0.170175 
6.322565 -1.174451 -0.157763 
6.356108 -1.331662 -0.352241 
6.363028 -1.203937 -0.211589 
6.376727 -1.197858 -0.217159 
6.380123 -1.380923 -0.359635 
6.388561 -1.426821 -0.421373 
6.405228 -1.352568 -0.369141 
6.413459 -1.231249 -0.232506 
6.439350 -1.336499 -0.338091 
6.484635 -1.437460 -0.440261 
6.517671 -1.452656 -0.438884 
6.558198 -1.467568 -0.469799 
6.565265 -1.576066 -0.566660 
6.620073 -1.718581 -0.704118 
6.669498 -1.683681 -0.678155 
6.689599 -1.775206 -0.757472 
6.715383 -1.730527 -0.730796 
6.762730 -1.760875 -0.750238 
6.833032 -1.909667 -0.889708 
6.861711 -1.834983 -0.827649 
6.920672 -1.919832 -0.912245 
6.970730 -2.137812 -1.124796 
7.092574 -2.242466 -1.236097 
