0.693147 -1.992430 -3.042190 
1.098612 -0.366023 -3.038021 
1.386294 -0.215923 -2.822583 
1.609438 -0.373296 -3.218260 
1.791759 -0.344405 -2.528597 
1.945910 -0.354373 -2.631645 
2.079442 -0.367499 -2.207407 
2.197225 -0.454108 -2.295362 
2.302585 -0.399693 -2.473990 
2.397895 -0.409130 -2.112901 
2.484907 -0.453605 -1.902059 
2.564949 -0.454148 -2.062122 
2.639057 -0.425018 -1.935060 
2.708050 -0.439982 -1.653254 
2.772589 -0.454676 -1.709557 
2.833213 -0.472209 -1.725100 
2.890372 -0.457606 -1.303586 
2.944439 -0.456573 -1.411176 
2.995732 -0.450633 -1.551038 
3.044522 -0.516500 -1.391136 
3.091042 -0.537726 -1.364335 
3.135494 -0.475579 -1.342303 
3.178054 -0.456444 -1.099263 
3.218876 -0.469606 -1.038695 
3.258097 -0.581708 -0.949177 
3.295837 -0.520113 -0.933384 
3.332205 -0.578681 -0.990397 
3.367296 -0.565096 -1.295478 
3.401197 -0.497690 -0.791580 
3.433987 -0.534003 -0.853420 
3.465736 -0.574878 -0.819769 
3.496508 -0.409849 -0.541547 
3.526361 -0.362566 -0.386005 
3.555348 -0.509660 -0.517386 
3.583519 -0.597817 -0.901591 
3.610918 -0.451033 -0.492324 
3.637586 -0.518687 -0.599080 
3.663562 -0.407829 -0.315191 
3.688879 -0.646698 -0.669413 
3.713572 -0.588462 -0.802628 
3.737670 -0.618128 -0.642067 
3.761200 -0.525223 -0.316485 
3.784190 -0.679438 -0.553267 
3.806662 -0.489504 -0.320351 
3.828641 -0.662210 -0.509232 
3.850148 -0.370761 -0.036047 
3.871201 -0.456961 -0.299191 
3.891820 -0.412679 0.023736 
3.912023 -0.532003 -0.246088 
3.931826 -0.419992 -0.230678 
3.951244 -0.547718 -0.292457 
3.970292 -0.590185 -0.296436 
3.988984 -0.740391 -0.409618 
4.007333 -0.736116 -0.494047 
4.025352 -0.704641 -0.361809 
4.043051 -0.582553 -0.255716 
4.060443 -0.490015 -0.197678 
4.077537 -0.710995 -0.387666 
4.094345 -0.661857 -0.356738 
4.110874 -0.499434 -0.217750 
4.127134 -0.307616 0.234961 
4.143135 -0.407255 0.238066 
4.158883 -0.714474 -0.444233 
4.174387 -0.388388 0.161834 
4.189655 -0.701100 -0.178525 
4.204693 -0.650156 -0.155467 
4.219508 -0.665201 -0.128797 
4.234107 -0.758350 -0.442694 
4.248495 -0.877115 -0.344412 
4.262680 -0.831607 -0.337478 
4.276666 -0.572154 -0.174345 
4.290459 -0.781842 -0.301732 
4.304065 -0.614437 -0.111182 
4.317488 -0.777553 -0.283387 
4.330733 -0.394381 0.236923 
4.343805 -0.628151 -0.069668 
4.356709 -0.824152 -0.241521 
4.369448 -0.461874 0.098431 
4.382027 -0.724362 -0.240718 
4.394449 -1.029780 -0.580856 
4.406719 -0.865563 -0.300189 
4.418841 -1.070768 -0.447870 
4.430817 -0.653074 -0.038271 
4.442651 -0.580625 -0.095681 
4.454347 -0.430063 0.140516 
4.465908 -1.325958 -0.801786 
4.477337 -0.638644 -0.074274 
4.488636 -0.404217 0.267696 
4.499810 -0.632367 -0.189342 
4.510860 -0.335164 0.411620 
4.521789 -0.985863 -0.606047 
4.532599 -0.643342 -0.125610 
4.543295 -0.901365 -0.210429 
4.553877 -0.343887 0.195301 
4.564348 -0.541765 0.193816 
4.574711 -0.378011 0.280070 
4.584967 -0.870428 -0.187494 
4.595120 -0.634392 0.125508 
4.605170 -0.376947 0.216675 
4.615121 -0.319925 0.255984 
4.624973 -0.474630 0.374935 
4.634729 -0.677880 -0.007591 
4.644391 -0.525226 0.072541 
4.653960 -0.827924 -0.285324 
4.663439 -0.991483 -0.487527 
4.672829 -0.432313 0.293093 
4.682131 -0.676733 -0.247709 
4.691348 -0.923386 -0.336981 
4.700480 -0.490587 0.282648 
4.709530 -0.205691 0.548592 
4.718499 -0.721142 0.089195 
4.727388 -0.581850 0.021993 
4.736198 -0.936672 -0.311370 
4.744932 -0.835517 -0.122553 
4.753590 -1.022005 -0.282015 
4.762174 -0.516395 0.193077 
4.770685 -0.410761 0.469785 
4.779123 -0.579252 0.206597 
4.795791 -0.664318 -0.215230 
4.804021 -0.521713 0.088636 
4.820282 -0.549039 0.072592 
4.828314 -0.394638 0.397631 
4.836282 -0.563118 0.384725 
4.844187 -0.857847 0.011758 
4.852030 -0.737130 0.163081 
4.867534 -0.449953 0.166936 
4.882802 -0.619966 0.008917 
4.890349 -0.610488 0.063724 
4.912655 -0.729330 0.028032 
4.919981 -0.695019 0.154366 
4.927254 -0.735823 0.063175 
4.934474 -0.731320 0.050626 
4.941642 -0.716375 0.075041 
4.948760 -0.466033 0.342383 
4.955827 -1.077903 -0.521185 
4.969813 -1.033329 -0.359186 
4.976734 -0.538314 0.231298 
4.983607 -0.555129 0.189722 
4.990433 -0.764942 -0.012855 
4.997212 -0.558335 0.321718 
5.010635 -1.338350 -0.675441 
5.023881 -0.525343 0.153562 
5.030438 -0.544846 0.259852 
5.036953 -0.557791 0.291332 
5.043425 -0.526987 0.167090 
5.049856 -0.336184 0.486677 
5.056246 -1.126264 -0.307179 
5.062595 -0.500888 0.226819 
5.068904 -0.415823 0.317418 
5.075174 -0.376964 0.557888 
5.081404 -0.688274 0.097425 
5.087596 -0.654529 -0.053439 
5.093750 -0.591773 0.225178 
5.099866 -0.443931 0.455682 
5.105945 -0.545403 0.277611 
5.117994 -0.676629 0.077132 
5.123964 -0.484909 0.310408 
5.129899 -0.820315 0.024523 
5.135798 -0.503072 0.361324 
5.147494 -0.365634 0.476978 
5.170484 -0.438075 0.449959 
5.176150 -0.544692 0.365306 
5.181784 -0.710902 -0.047986 
5.187386 -0.611650 0.287020 
5.192957 -0.656531 0.217126 
5.198497 -0.359071 0.497769 
5.209486 -1.316712 -0.442977 
5.220356 -0.388017 0.480993 
5.225747 -0.605844 0.202869 
5.231109 -1.080440 -0.289986 
5.236442 -0.625470 0.203313 
5.241747 -0.624327 0.272341 
5.252273 -0.509255 0.343343 
5.262690 -0.701304 0.042456 
5.278115 -0.759687 0.120247 
5.283204 -0.803473 0.061561 
5.288267 -0.580613 0.302781 
5.293305 -0.818376 0.064232 
5.298317 -0.374154 0.484994 
5.303305 -0.510938 0.363120 
5.323010 -0.831270 0.070461 
5.327876 -0.524031 0.362164 
5.332719 -0.630371 0.085536 
5.337538 -0.892240 -0.006395 
5.351858 -0.682085 -0.018870 
5.356586 -0.747210 0.141264 
5.361292 -0.969456 -0.073123 
5.365976 -0.611231 0.316590 
5.370638 -0.812927 0.084469 
5.375278 -0.483487 0.369502 
5.384495 -1.408113 -0.538365 
5.393628 -0.739395 0.172024 
5.402677 -0.741121 0.151636 
5.416100 -0.653681 0.223462 
5.420535 -0.570782 0.326779 
5.438079 -1.096077 -0.383865 
5.442418 -0.609185 0.211529 
5.446737 -0.886861 0.009191 
5.451038 -0.720387 0.098436 
5.455321 -0.568119 0.327385 
5.459586 -0.565847 0.322051 
5.463832 -0.733525 0.074638 
5.488938 -0.446346 0.405627 
5.501258 -0.680609 0.269697 
5.517453 -0.419209 0.462598 
5.521461 -1.078695 -0.144979 
5.525453 -0.606306 0.284515 
5.541264 -1.033929 -0.105240 
5.545177 -0.527133 0.376687 
5.572154 -0.807741 0.028693 
5.590987 -0.681670 0.220260 
5.594711 -0.911011 -0.052065 
5.598422 -0.590632 0.340414 
5.602119 -0.826185 0.086990 
5.613128 -0.662099 0.248042 
5.616771 -0.546523 0.333806 
5.620401 -0.704379 0.154540 
5.624018 -1.144254 -0.253431 
5.631212 -0.725657 0.162171 
5.638355 -0.830641 0.052886 
5.655992 -0.716611 0.134536 
5.666427 -1.006613 -0.071458 
5.673323 -0.870019 0.029073 
5.676754 -0.692314 0.182677 
5.680173 -0.635294 0.255732 
5.686975 -0.744811 0.129946 
5.697093 -0.984361 -0.128423 
5.703782 -0.681788 0.218123 
5.733341 -0.670420 0.195572 
5.736572 -0.937077 0.001166 
5.749393 -0.829268 0.081126 
5.755742 -0.803026 0.106401 
5.762051 -0.752452 0.169713 
5.765191 -1.218554 -0.298455 
5.805135 -0.949777 -0.030793 
5.814131 -0.804064 0.110018 
5.817111 -1.014854 -0.118462 
5.823046 -0.908522 -0.003952 
5.855072 -1.054681 -0.108256 
5.877736 -0.973256 -0.060520 
5.888878 -0.907188 -0.041719 
5.910797 -0.950822 -0.031344 
5.921578 -1.044957 -0.084350 
5.934894 -1.116219 -0.196542 
5.937536 -0.811900 0.088555 
5.981414 -1.121315 -0.164594 
5.991465 -0.957215 -0.028019 
5.996452 -1.128038 -0.208630 
5.998937 -1.133905 -0.213181 
6.003887 -1.063138 -0.098691 
6.030685 -1.008683 -0.069864 
6.037871 -0.927718 -0.028655 
6.049733 -1.161321 -0.228598 
6.054439 -0.919125 0.019244 
6.056784 -1.116437 -0.160184 
6.061457 -1.164647 -0.264881 
6.075346 -1.290013 -0.349203 
6.082219 -1.041573 -0.113213 
6.107023 -1.125675 -0.197676 
6.129050 -1.032932 -0.101895 
6.146329 -1.279860 -0.351918 
6.154858 -1.163928 -0.234444 
6.159095 -1.008928 -0.096539 
6.196444 -1.449481 -0.502351 
6.204558 -1.136431 -0.207624 
6.206576 -1.082021 -0.154370 
6.208590 -1.121069 -0.216243 
6.218600 -1.317243 -0.356140 
6.234411 -1.143025 -0.206159 
6.240276 -1.152476 -0.223703 
6.249975 -1.174995 -0.220636 
6.269096 -1.378780 -0.428942 
6.302619 -1.250231 -0.300056 
6.322565 -1.170254 -0.237152 
6.327937 -1.373987 -0.438040 
6.352629 -1.429104 -0.512269 
6.357842 -1.304406 -0.375607 
6.396930 -1.311248 -0.380490 
6.408529 -1.456782 -0.545022 
6.423247 -1.378037 -0.442591 
6.436150 -1.444424 -0.492619 
6.475433 -1.550497 -0.596118 
6.551080 -1.629426 -0.661682 
6.566672 -1.677141 -0.717738 
6.770789 -1.888633 -0.934342 
6.807935 -1.915425 -0.955966 
6.846943 -1.891479 -0.941139 
6.853299 -1.999374 -1.047149 
6.898715 -2.010135 -1.057877 
7.061334 -2.258982 -1.302757 
