0.693147 -1.853317 -2.799629 
1.098612 -0.292136 -2.890633 
1.386294 -0.238411 -2.652992 
1.609438 -0.420666 -3.221703 
1.791759 -0.352319 -2.663449 
1.945910 -0.435346 -2.794594 
2.079442 -0.491245 -2.512262 
2.197225 -0.490743 -2.403425 
2.302585 -0.378170 -2.229461 
2.397895 -0.492513 -2.346439 
2.484907 -0.459918 -1.927039 
2.564949 -0.443299 -1.796997 
2.639057 -0.414956 -1.748792 
2.708050 -0.470165 -1.810460 
2.772589 -0.483499 -1.686315 
2.833213 -0.479559 -1.564975 
2.890372 -0.450522 -1.617258 
2.944439 -0.484807 -1.431956 
2.995732 -0.534198 -1.407083 
3.044522 -0.447660 -1.133030 
3.091042 -0.466541 -1.243733 
3.135494 -0.534071 -1.233237 
3.178054 -0.415097 -1.076429 
3.218876 -0.534704 -1.116107 
3.258097 -0.435751 -0.953268 
3.295837 -0.589683 -1.194384 
3.332205 -0.556505 -1.095283 
3.367296 -0.532896 -0.903321 
3.401197 -0.432633 -0.788872 
3.433987 -0.489347 -0.570958 
3.465736 -0.592209 -0.823016 
3.496508 -0.586056 -0.812412 
3.526361 -0.475957 -0.606041 
3.555348 -0.623539 -0.856231 
3.583519 -0.396380 -0.388401 
3.610918 -0.517138 -0.545836 
3.637586 -0.413016 -0.405483 
3.663562 -0.646178 -0.698159 
3.688879 -0.572412 -0.644002 
3.713572 -0.719101 -0.610461 
3.737670 -0.572887 -0.561873 
3.761200 -0.487437 -0.425301 
3.784190 -0.923534 -0.811055 
3.806662 -0.461196 -0.282859 
3.828641 -0.336132 0.101911 
3.850148 -0.361734 -0.067569 
3.871201 -0.603144 -0.393604 
3.891820 -0.463732 -0.027976 
3.912023 -0.738726 -0.673824 
3.931826 -0.491767 -0.392970 
3.951244 -0.575802 -0.274419 
3.970292 -0.542129 -0.205416 
3.988984 -0.393299 -0.067397 
4.007333 -0.718464 -0.494733 
4.025352 -0.709601 -0.637590 
4.043051 -0.733542 -0.638448 
4.077537 -0.674779 -0.300669 
4.094345 -0.675444 -0.523509 
4.110874 -0.635032 -0.265966 
4.127134 -0.545109 0.011059 
4.143135 -0.616582 -0.127675 
4.158883 -0.717314 -0.292931 
4.174387 -0.493728 0.108312 
4.189655 -0.710412 -0.261628 
4.204693 -0.694080 -0.150446 
4.219508 -0.565220 -0.221745 
4.234107 -0.421501 -0.113523 
4.248495 -0.531463 0.034963 
4.262680 -0.558515 -0.125371 
4.276666 -0.815305 -0.262453 
4.290459 -0.832329 -0.543507 
4.317488 -0.679528 -0.259164 
4.330733 -0.789399 -0.337711 
4.343805 -0.712785 -0.192543 
4.356709 -0.857460 -0.362289 
4.369448 -0.602497 0.040001 
4.382027 -0.375896 0.243308 
4.394449 -0.558838 -0.118081 
4.406719 -0.846326 -0.327446 
4.418841 -0.717269 -0.343449 
4.430817 -0.772310 -0.334824 
4.454347 -0.156073 0.448976 
4.477337 -0.616813 -0.071641 
4.488636 -0.625836 0.132210 
4.499810 -0.786858 -0.164717 
4.510860 -0.627175 0.005702 
4.521789 -0.542185 -0.106056 
4.532599 -0.586861 -0.037766 
4.543295 -0.549385 0.024844 
4.553877 -0.880782 -0.321210 
4.564348 -0.520212 0.350637 
4.574711 -0.368419 0.514298 
4.584967 -0.534082 0.124878 
4.595120 -0.689452 -0.025433 
4.605170 -0.594056 0.313440 
4.615121 -0.345915 0.242321 
4.624973 -0.568475 0.093173 
4.634729 -0.666796 -0.025345 
4.644391 -0.711677 -0.043878 
4.653960 -0.775689 -0.153189 
4.663439 -0.545756 -0.031331 
4.672829 -0.914317 -0.181192 
4.682131 -0.721283 0.061306 
4.691348 -0.448438 0.060490 
4.700480 -0.392020 0.358276 
4.718499 -0.553242 -0.030349 
4.727388 -0.592044 0.096250 
4.736198 -0.620849 0.078029 
4.753590 -0.637902 0.210699 
4.762174 -0.447705 0.355918 
4.770685 -0.667002 0.063872 
4.779123 -0.781742 -0.088690 
4.804021 -0.969461 -0.313237 
4.812184 -0.571714 0.280629 
4.820282 -0.869521 -0.148846 
4.828314 -0.951065 -0.240521 
4.836282 -0.561718 0.043208 
4.844187 -0.348217 0.313777 
4.852030 -0.256173 0.501471 
4.867534 -1.008498 -0.421975 
4.875197 -1.062245 -0.404208 
4.882802 -0.995664 -0.203701 
4.897840 -0.327347 0.508934 
4.919981 -0.897895 -0.168328 
4.927254 -0.538276 0.121869 
4.934474 -0.489928 0.232417 
4.948760 -0.473563 0.283301 
4.962845 -0.554608 0.140915 
4.969813 -0.391544 0.455402 
4.983607 -0.968596 -0.320175 
4.990433 -0.773424 0.068567 
4.997212 -0.353021 0.350243 
5.003946 -0.430169 0.456470 
5.010635 -0.643635 0.029743 
5.017280 -0.705185 0.132153 
5.023881 -0.639220 0.062145 
5.030438 -0.545577 0.314899 
5.036953 -0.474872 0.300549 
5.043425 -0.855760 -0.002621 
5.062595 -0.500501 0.291532 
5.068904 -0.608725 0.133776 
5.075174 -0.573006 0.182063 
5.081404 -0.821879 0.067458 
5.093750 -0.369329 0.462785 
5.111988 -1.181882 -0.390993 
5.117994 -0.836771 -0.032942 
5.123964 -0.649931 0.194022 
5.129899 -0.749543 0.064502 
5.135798 -0.591243 0.258862 
5.147494 -0.486984 0.354451 
5.159055 -0.861968 -0.006678 
5.176150 -0.554351 0.374727 
5.181784 -0.839635 -0.122580 
5.192957 -0.711666 0.162755 
5.198497 -0.843675 -0.040581 
5.209486 -1.224218 -0.397075 
5.214936 -0.646859 0.234790 
5.220356 -0.480125 0.405198 
5.225747 -0.985385 -0.245933 
5.231109 -0.663497 0.199308 
5.241747 -0.832293 -0.129155 
5.252273 -0.602566 0.204506 
5.262690 -0.638244 0.199058 
5.278115 -0.674761 -0.021394 
5.283204 -0.897629 -0.132932 
5.293305 -0.715115 -0.032937 
5.308268 -0.828591 0.062924 
5.313206 -0.477498 0.347956 
5.318120 -0.598685 0.276848 
5.332719 -0.712052 0.169470 
5.337538 -1.013133 -0.164946 
5.342334 -0.869705 0.047655 
5.351858 -0.934645 -0.065154 
5.356586 -0.875225 -0.012853 
5.370638 -0.403499 0.431330 
5.384495 -0.484176 0.450317 
5.398163 -0.954143 -0.092775 
5.407172 -0.848958 -0.024258 
5.420535 -0.632750 0.201676 
5.424950 -0.846622 0.017032 
5.429346 -0.568999 0.259813 
5.442418 -0.472337 0.367197 
5.446737 -0.745859 0.158158 
5.455321 -0.848561 0.073019 
5.459586 -0.889614 0.006657 
5.468060 -0.525075 0.383546 
5.476464 -0.524451 0.339425 
5.484797 -0.946771 -0.085761 
5.488938 -0.740152 0.137920 
5.501258 -1.127205 -0.226796 
5.509388 -0.982463 -0.103454 
5.525453 -0.834588 0.005342 
5.537334 -0.639681 0.260866 
5.541264 -0.848241 -0.019476 
5.552960 -0.837349 0.014464 
5.560682 -0.549289 0.308497 
5.575949 -0.637137 0.271972 
5.583496 -0.830296 0.120657 
5.587249 -0.822644 -0.006959 
5.594711 -0.700683 0.180147 
5.598422 -0.828840 0.082247 
5.624018 -0.663064 0.188821 
5.638355 -0.650735 0.301147 
5.645447 -1.050222 -0.114245 
5.652489 -0.861206 0.066930 
5.655992 -1.105570 -0.171373 
5.659482 -0.677921 0.194091 
5.662960 -0.731837 0.194161 
5.666427 -1.165960 -0.213449 
5.673323 -0.918709 0.023613 
5.683580 -0.985460 -0.078522 
5.686975 -0.948256 0.001149 
5.690359 -0.832032 0.062629 
5.693732 -0.834243 0.138375 
5.707110 -0.697075 0.180876 
5.723585 -1.301086 -0.409501 
5.739793 -0.750246 0.122156 
5.762051 -0.877965 0.020845 
5.786897 -0.697540 0.181429 
5.805135 -0.886880 -0.061965 
5.808142 -0.843581 0.064675 
5.834811 -1.133062 -0.197625 
5.837730 -1.071554 -0.142669 
5.849325 -1.179410 -0.213997 
5.860786 -0.880274 0.068511 
5.874931 -1.057558 -0.180735 
5.891644 -1.000072 -0.050258 
5.902633 -1.074196 -0.174110 
5.913503 -1.012061 -0.101836 
5.918894 -0.930409 0.016162 
5.955837 -1.140823 -0.168371 
5.973810 -1.125337 -0.166815 
5.991465 -1.066454 -0.098734 
5.996452 -1.052453 -0.103873 
5.998937 -1.268476 -0.326516 
6.008813 -1.128017 -0.177605 
6.018593 -1.027784 -0.084518 
6.023448 -0.963907 -0.042616 
6.025866 -1.020632 -0.098268 
6.028279 -1.137307 -0.209768 
6.042633 -0.960195 -0.074294 
6.045005 -1.155937 -0.224553 
6.047372 -1.351846 -0.394499 
6.066108 -1.014608 -0.115226 
6.073045 -0.953873 -0.037446 
6.086775 -1.240345 -0.270288 
6.100319 -1.027045 -0.099319 
6.107023 -1.103720 -0.149038 
6.113682 -1.133101 -0.188448 
6.152733 -1.143642 -0.201383 
6.165418 -1.449766 -0.482643 
6.169611 -1.072870 -0.170334 
6.173786 -1.267831 -0.335314 
6.186209 -1.203185 -0.278006 
6.188264 -1.373137 -0.411463 
6.228511 -1.223357 -0.296201 
6.238325 -1.413460 -0.477193 
6.244167 -1.367378 -0.436509 
6.246107 -1.151509 -0.220577 
6.270988 -1.266817 -0.303762 
6.342121 -1.335602 -0.399181 
6.343880 -1.274077 -0.352516 
6.359574 -1.499353 -0.548044 
6.369901 -1.432442 -0.482399 
6.386879 -1.389535 -0.452525 
6.490724 -1.739999 -0.766782 
6.508769 -1.706007 -0.739631 
6.576470 -1.690967 -0.731314 
6.759255 -1.955002 -0.990137 
6.763885 -1.960269 -0.996760 
6.809039 -1.920137 -0.968863 
6.834109 -1.992218 -1.033560 
7.011214 -2.283734 -1.327696 
