0.693147 -1.800493 -3.150874 
1.098612 -0.195014 -2.961528 
1.386294 -0.218040 -3.048115 
1.609438 -0.383939 -3.051158 
1.791759 -0.339221 -2.493078 
1.945910 -0.411735 -2.579960 
2.079442 -0.380772 -2.404849 
2.197225 -0.463044 -2.503845 
2.302585 -0.402141 -2.418459 
2.397895 -0.376198 -1.677528 
2.484907 -0.425000 -2.102899 
2.564949 -0.450919 -1.979860 
2.639057 -0.416215 -1.759378 
2.708050 -0.501062 -1.788202 
2.772589 -0.454841 -1.634055 
2.833213 -0.462636 -1.806595 
2.890372 -0.445536 -1.436703 
2.944439 -0.481391 -1.429297 
2.995732 -0.482669 -1.476172 
3.044522 -0.517676 -1.410688 
3.091042 -0.463194 -1.134015 
3.135494 -0.507098 -1.100518 
3.178054 -0.487763 -1.132776 
3.218876 -0.403263 -0.660135 
3.258097 -0.523206 -1.132662 
3.295837 -0.446224 -0.795940 
3.332205 -0.478087 -0.787543 
3.367296 -0.533445 -0.879413 
3.401197 -0.527950 -1.116436 
3.433987 -0.417984 -0.576906 
3.465736 -0.466234 -0.631760 
3.496508 -0.453310 -0.538490 
3.526361 -0.519472 -0.704133 
3.555348 -0.452575 -0.690228 
3.583519 -0.411636 -0.247075 
3.610918 -0.638711 -0.558996 
3.637586 -0.517157 -0.570261 
3.663562 -0.474793 -0.506563 
3.688879 -0.630793 -0.664922 
3.713572 -0.601916 -0.539495 
3.737670 -0.497738 -0.242560 
3.761200 -0.327966 -0.233308 
3.784190 -0.555145 -0.534426 
3.806662 -0.794449 -0.904240 
3.828641 -0.593815 -0.303541 
3.850148 -0.511529 -0.503652 
3.871201 -0.478635 -0.263878 
3.891820 -0.351377 -0.120553 
3.912023 -0.581398 -0.378267 
3.931826 -0.580256 -0.541176 
3.951244 -0.595260 -0.240061 
3.970292 -0.461144 -0.152567 
3.988984 -0.554943 -0.127336 
4.007333 -0.707441 -0.391030 
4.025352 -0.686337 -0.625567 
4.043051 -0.584805 -0.275549 
4.060443 -0.577861 -0.271741 
4.077537 -0.672556 -0.534820 
4.094345 -0.740387 -0.430585 
4.110874 -0.356204 0.143640 
4.127134 -0.777442 -0.466982 
4.143135 -0.432024 0.051796 
4.158883 -0.326268 0.333213 
4.174387 -0.544360 -0.095547 
4.189655 -0.751041 -0.428122 
4.204693 -0.762463 -0.188306 
4.219508 -0.407369 0.165466 
4.234107 -0.531535 0.004652 
4.248495 -0.690347 -0.149962 
4.262680 -0.740431 -0.298038 
4.276666 -0.765730 -0.212726 
4.290459 -0.482838 0.025400 
4.304065 -0.654997 -0.164259 
4.317488 -0.482825 0.262017 
4.330733 -0.764878 -0.378860 
4.343805 -0.549672 -0.152848 
4.356709 -0.591948 -0.206798 
4.369448 -0.613435 0.076021 
4.382027 -0.883775 -0.324412 
4.394449 -0.598157 -0.250061 
4.406719 -0.499327 0.057308 
4.418841 -0.814823 -0.276026 
4.430817 -0.451528 0.069103 
4.442651 -0.550226 -0.009623 
4.454347 -0.700057 -0.192807 
4.465908 -0.716721 -0.124236 
4.477337 -0.770099 -0.198906 
4.488636 -0.813086 -0.469833 
4.499810 -0.258312 0.243999 
4.510860 -0.557141 -0.014665 
4.521789 -0.764560 -0.309128 
4.532599 -0.595882 0.044393 
4.543295 -0.672514 -0.030824 
4.553877 -0.900852 -0.089608 
4.574711 -0.674808 -0.045412 
4.584967 -0.566443 -0.010962 
4.595120 -0.578360 -0.063909 
4.605170 -0.435337 0.011473 
4.615121 -0.240228 0.278541 
4.634729 -0.684333 -0.142940 
4.644391 -0.626556 -0.026495 
4.653960 -0.405246 0.319944 
4.663439 -0.617798 0.031488 
4.672829 -0.665146 -0.123289 
4.682131 -0.599143 -0.164464 
4.691348 -0.629747 0.026204 
4.700480 -0.275520 0.370343 
4.718499 -0.554587 0.144287 
4.727388 -0.385488 0.336425 
4.736198 -0.392150 0.110062 
4.744932 -0.715338 -0.010059 
4.753590 -0.733842 -0.165122 
4.770685 -0.437112 0.282524 
4.779123 -0.531552 0.233979 
4.795791 -1.066695 -0.347473 
4.804021 -0.624415 0.088461 
4.812184 -0.917290 -0.120256 
4.820282 -0.767428 -0.036626 
4.828314 -0.775357 0.063852 
4.836282 -0.641871 -0.012674 
4.844187 -0.645891 0.143531 
4.867534 -0.829604 -0.095848 
4.875197 -0.840445 -0.092942 
4.882802 -0.970515 -0.435218 
4.890349 -0.868660 -0.263256 
4.897840 -0.527719 0.072463 
4.905275 -0.560382 0.076559 
4.912655 -0.904750 -0.150858 
4.919981 -0.655351 0.112119 
4.927254 -0.936093 -0.150205 
4.934474 -0.458384 0.388489 
4.941642 -0.768439 0.051959 
4.948760 -0.778751 0.036639 
4.955827 -0.631076 0.044915 
4.969813 -0.635760 0.098521 
4.976734 -0.620371 0.195373 
4.983607 -0.414719 0.285349 
4.990433 -0.594930 0.125463 
5.003946 -0.369320 0.391935 
5.017280 -0.744617 0.064189 
5.023881 -0.478036 0.332717 
5.030438 -0.420879 0.242242 
5.036953 -0.687597 0.131560 
5.043425 -0.556828 0.124179 
5.049856 -0.545694 0.238240 
5.056246 -1.007498 -0.216568 
5.062595 -0.633788 -0.113361 
5.068904 -0.787551 0.043171 
5.075174 -0.377676 0.407448 
5.081404 -0.613362 0.256831 
5.087596 -0.488324 0.278742 
5.093750 -0.825187 -0.128101 
5.099866 -0.418740 0.240429 
5.111988 -0.429375 0.439775 
5.123964 -0.567338 0.183840 
5.129899 -0.329291 0.470348 
5.141664 -0.375958 0.369737 
5.153292 -0.763591 0.062131 
5.164786 -0.506075 0.311663 
5.176150 -0.648147 0.211958 
5.181784 -0.601362 0.194802 
5.187386 -0.825019 0.033681 
5.198497 -0.711607 0.050643 
5.209486 -0.677556 0.191708 
5.214936 -1.418998 -0.559732 
5.220356 -0.730378 -0.106222 
5.252273 -0.533782 0.303971 
5.257495 -0.625027 0.277198 
5.262690 -0.742561 0.076571 
5.267858 -0.484025 0.301196 
5.273000 -0.496277 0.309826 
5.278115 -1.104046 -0.238057 
5.283204 -0.671101 0.086830 
5.288267 -0.683397 0.093631 
5.313206 -0.643964 0.239783 
5.318120 -0.805403 -0.123439 
5.323010 -0.540035 0.340121 
5.327876 -0.807726 0.008108 
5.337538 -0.653529 0.126174 
5.342334 -0.779269 0.067190 
5.347108 -0.923254 -0.200636 
5.351858 -0.508136 0.265848 
5.361292 -0.598439 0.219593 
5.379897 -0.848016 0.007387 
5.389072 -0.741632 0.133126 
5.398163 -0.837958 0.033784 
5.407172 -0.925007 -0.216041 
5.416100 -0.729335 -0.066542 
5.424950 -0.852294 -0.021946 
5.438079 -0.624006 0.189054 
5.459586 -0.628570 0.214000 
5.468060 -0.796914 0.064780 
5.472271 -0.908996 -0.096637 
5.480639 -0.672549 0.210631 
5.497168 -1.112200 -0.289434 
5.501258 -0.673241 0.134249 
5.509388 -0.522025 0.346629 
5.525453 -0.959306 -0.068126 
5.529429 -0.588551 0.292298 
5.533389 -0.461580 0.369964 
5.541264 -0.816036 0.047192 
5.545177 -0.865535 -0.022785 
5.552960 -0.836293 0.018884 
5.556828 -0.724063 0.207500 
5.568345 -0.768953 0.147915 
5.587249 -0.655473 0.158074 
5.598422 -0.638490 0.245976 
5.602119 -0.791684 0.110771 
5.613128 -1.109018 -0.214296 
5.616771 -0.743552 0.129525 
5.620401 -0.663961 0.205028 
5.634790 -0.558764 0.280511 
5.648974 -0.766566 0.031385 
5.659482 -0.636890 0.222169 
5.666427 -0.729742 0.100920 
5.669881 -0.739583 0.070432 
5.676754 -1.082742 -0.168888 
5.680173 -0.669118 0.166286 
5.683580 -0.954824 -0.130225 
5.697093 -0.905927 -0.021993 
5.703782 -0.831095 0.011403 
5.707110 -0.659062 0.175610 
5.717028 -0.800813 0.050444 
5.723585 -0.937463 -0.021021 
5.730100 -0.971395 -0.098057 
5.739793 -1.066002 -0.181543 
5.746203 -0.815400 0.038135 
5.758902 -0.821241 0.015151 
5.762051 -1.229590 -0.317180 
5.768321 -0.698856 0.224246 
5.777652 -1.028282 -0.131262 
5.780744 -0.871060 -0.012689 
5.814131 -0.877795 0.050119 
5.828946 -0.984298 -0.102266 
5.846439 -0.965917 -0.168423 
5.869297 -1.072584 -0.129450 
5.877736 -0.910826 -0.051054 
5.916202 -1.109758 -0.225344 
5.921578 -0.901262 0.008183 
5.929589 -0.887426 0.028706 
5.940171 -1.133306 -0.191922 
5.945421 -1.213281 -0.291640 
5.948035 -1.082592 -0.140039 
5.966147 -1.004647 -0.049263 
5.988961 -1.095137 -0.207252 
5.996452 -1.053039 -0.170722 
5.998937 -0.974383 -0.051962 
6.013715 -1.224435 -0.303859 
6.016157 -0.967410 -0.059715 
6.023448 -0.920233 -0.068467 
6.030685 -1.095021 -0.151394 
6.035481 -1.202864 -0.383370 
6.054439 -1.014176 -0.138529 
6.068426 -0.935788 -0.042649 
6.095825 -1.302853 -0.357719 
6.100319 -1.296826 -0.383114 
6.120297 -0.979582 -0.118243 
6.139885 -1.023314 -0.129493 
6.154858 -1.249786 -0.301877 
6.156979 -1.113733 -0.216203 
6.171701 -1.073294 -0.181115 
6.173786 -1.095711 -0.206079 
6.190315 -1.376570 -0.472020 
6.198479 -1.454196 -0.517305 
6.220590 -1.150729 -0.249628 
6.226537 -1.197424 -0.309704 
6.240276 -1.220049 -0.291649 
6.257668 -1.345638 -0.412158 
6.289716 -1.273413 -0.406257 
6.304449 -1.278106 -0.345019 
6.311735 -1.369083 -0.451906 
6.333280 -1.222847 -0.332713 
6.335054 -1.398667 -0.522071 
6.366470 -1.427093 -0.547930 
6.368187 -1.346835 -0.460661 
6.410175 -1.372995 -0.469009 
6.423247 -1.339315 -0.452550 
6.428105 -1.449799 -0.514711 
6.458338 -1.516960 -0.582683 
6.490724 -1.611221 -0.663775 
6.549651 -1.698894 -0.769384 
6.749931 -1.837434 -0.905599 
6.775366 -1.873736 -0.936676 
6.815640 -1.861026 -0.933639 
6.835185 -2.008971 -1.077738 
6.898715 -2.062697 -1.134956 
7.076654 -2.268137 -1.338894 
