0.693147 -1.630640 -2.716000 
1.098612 -0.243409 -2.946323 
1.386294 -0.274845 -3.185008 
1.609438 -0.460728 -2.819279 
1.791759 -0.374177 -2.810888 
1.945910 -0.413012 -2.558054 
2.079442 -0.497146 -2.641536 
2.197225 -0.461208 -2.366568 
2.302585 -0.403883 -2.209382 
2.397895 -0.395537 -2.158746 
2.484907 -0.469448 -2.136688 
2.564949 -0.452557 -1.770626 
2.639057 -0.444587 -1.870888 
2.708050 -0.445834 -1.687864 
2.772589 -0.471394 -1.499839 
2.833213 -0.471910 -1.575912 
2.890372 -0.457214 -1.535020 
2.944439 -0.444562 -1.351020 
2.995732 -0.561228 -1.466342 
3.044522 -0.453229 -1.319691 
3.091042 -0.503212 -1.270818 
3.135494 -0.496681 -1.180074 
3.178054 -0.515144 -1.116003 
3.218876 -0.517524 -0.958802 
3.258097 -0.467095 -0.840587 
3.295837 -0.582181 -1.224796 
3.332205 -0.504746 -0.817518 
3.367296 -0.580136 -0.924805 
3.401197 -0.505412 -0.738289 
3.433987 -0.557960 -0.698549 
3.465736 -0.413441 -0.307836 
3.496508 -0.581115 -0.817279 
3.526361 -0.369645 -0.446152 
3.555348 -0.543299 -0.636799 
3.583519 -0.624716 -0.635290 
3.610918 -0.456833 -0.409354 
3.637586 -0.509763 -0.504886 
3.663562 -0.523817 -0.454697 
3.688879 -0.505276 -0.379443 
3.713572 -0.418339 -0.219263 
3.737670 -0.602030 -0.508786 
3.761200 -0.553772 -0.279921 
3.784190 -0.671324 -0.576956 
3.806662 -0.699482 -0.516861 
3.828641 -0.472761 -0.252652 
3.850148 -0.632689 -0.292724 
3.871201 -0.668815 -0.539455 
3.891820 -0.596384 -0.397245 
3.912023 -0.575630 -0.253049 
3.931826 -0.605876 -0.296991 
3.951244 -0.457837 -0.029073 
3.970292 -0.751940 -0.493017 
3.988984 -0.605205 -0.194148 
4.007333 -0.514714 -0.172674 
4.025352 -0.411175 0.165538 
4.043051 -0.623693 -0.222389 
4.060443 -0.166795 0.609000 
4.077537 -0.457422 -0.225512 
4.094345 -0.663634 -0.326934 
4.110874 -0.358678 0.377374 
4.127134 -0.755288 -0.224569 
4.143135 -0.750529 -0.295087 
4.158883 -0.718315 -0.256759 
4.174387 -0.821928 -0.440765 
4.189655 -0.601942 0.051546 
4.204693 -0.933429 -0.574277 
4.219508 -0.967528 -0.433919 
4.234107 -0.454259 0.113356 
4.248495 -0.997981 -0.578946 
4.262680 -0.564879 0.019998 
4.276666 -0.555967 0.131910 
4.290459 -0.487814 0.141004 
4.304065 -0.525588 0.070691 
4.317488 -0.474914 0.145609 
4.330733 -1.113880 -0.571942 
4.343805 -0.570573 0.057694 
4.356709 -1.021651 -0.551447 
4.369448 -0.585239 0.172886 
4.382027 -0.655810 -0.122256 
4.406719 -0.531221 0.110514 
4.418841 -0.581842 -0.168058 
4.430817 -0.433953 0.128400 
4.442651 -0.583969 -0.006880 
4.454347 -1.320708 -1.117625 
4.465908 -0.571938 0.198269 
4.477337 -0.665677 -0.098655 
4.488636 -0.664733 0.139056 
4.499810 -0.534372 -0.139335 
4.510860 -0.652190 -0.010870 
4.521789 -0.642701 -0.017769 
4.532599 -0.827745 -0.233475 
4.543295 -0.603536 -0.079703 
4.553877 -0.898604 -0.212041 
4.564348 -0.850888 -0.337134 
4.574711 -0.726622 -0.102132 
4.584967 -0.538033 0.111667 
4.595120 -0.498819 0.194109 
4.605170 -0.697852 -0.062655 
4.615121 -0.685569 0.162182 
4.634729 -0.488336 0.156903 
4.644391 -0.264568 0.550683 
4.653960 -0.550931 0.209212 
4.663439 -1.158008 -0.543599 
4.672829 -0.524541 0.294285 
4.682131 -0.400169 0.401592 
4.691348 -0.743271 0.050789 
4.700480 -1.134014 -0.389281 
4.718499 -0.686386 -0.227230 
4.727388 -0.356675 0.312581 
4.736198 -0.741445 0.009562 
4.753590 -0.621329 0.238684 
4.762174 -0.798649 -0.063191 
4.770685 -0.746054 0.101258 
4.779123 -0.583549 0.290878 
4.795791 -0.724511 0.151147 
4.804021 -0.672377 0.175977 
4.812184 -0.523221 0.257907 
4.820282 -0.480247 0.512129 
4.828314 -0.924910 -0.075747 
4.836282 -0.573646 0.057707 
4.844187 -0.549131 0.130654 
4.867534 -0.830347 -0.032971 
4.875197 -0.608147 0.084441 
4.882802 -0.302913 0.529836 
4.890349 -0.511353 0.290255 
4.897840 -0.255582 0.595675 
4.905275 -0.566159 0.222199 
4.912655 -0.553461 0.166838 
4.919981 -0.617227 0.051459 
4.927254 -0.542198 0.326723 
4.934474 -0.587787 0.094838 
4.941642 -0.745382 0.092910 
4.948760 -0.541193 0.217453 
4.955827 -0.546819 0.330456 
4.962845 -0.643957 0.190332 
4.969813 -0.763915 0.057328 
4.976734 -0.604771 0.165595 
4.997212 -0.656849 0.064231 
5.003946 -0.782238 -0.030096 
5.010635 -0.483242 0.363701 
5.036953 -0.562499 0.240427 
5.043425 -0.382720 0.551957 
5.049856 -0.709605 0.125966 
5.062595 -0.880316 -0.004850 
5.068904 -0.603577 0.283760 
5.075174 -0.713529 0.170313 
5.081404 -0.574301 0.279607 
5.105945 -0.557725 0.383058 
5.129899 -0.332153 0.569137 
5.147494 -0.402208 0.425045 
5.153292 -0.614666 0.319690 
5.159055 -0.582790 0.294756 
5.170484 -0.820905 0.072653 
5.176150 -0.504606 0.398391 
5.181784 -0.631134 0.095142 
5.187386 -0.777175 0.207109 
5.192957 -0.701397 0.102700 
5.209486 -0.472999 0.442361 
5.214936 -0.739628 0.084156 
5.231109 -0.640582 0.260284 
5.236442 -0.497692 0.427969 
5.241747 -1.093512 -0.207034 
5.247024 -0.399197 0.482182 
5.252273 -0.457126 0.410788 
5.257495 -0.782274 0.142612 
5.262690 -0.499867 0.380035 
5.267858 -0.786202 0.083326 
5.278115 -0.615819 0.321810 
5.283204 -1.007111 -0.104446 
5.303305 -0.702392 0.078910 
5.308268 -1.030081 -0.131754 
5.313206 -1.012173 -0.090443 
5.318120 -0.496014 0.413266 
5.332719 -0.521846 0.390835 
5.337538 -0.565619 0.334363 
5.342334 -1.146222 -0.192157 
5.361292 -0.719903 0.156544 
5.365976 -0.505510 0.422566 
5.370638 -0.674653 0.262737 
5.375278 -0.493620 0.430551 
5.379897 -1.034969 -0.344556 
5.384495 -0.886051 -0.007292 
5.402677 -0.784978 0.114423 
5.407172 -0.855881 0.017666 
5.424950 -0.862881 0.101451 
5.433722 -0.479116 0.421337 
5.451038 -0.717640 0.200906 
5.455321 -0.813698 0.063676 
5.480639 -0.524123 0.372626 
5.484797 -0.586146 0.394924 
5.497168 -0.617166 0.316296 
5.501258 -0.794404 0.077436 
5.505332 -0.600091 0.322608 
5.509388 -1.066537 -0.141782 
5.517453 -0.909402 0.029463 
5.521461 -0.640250 0.275336 
5.537334 -0.723801 0.268539 
5.541264 -0.728554 0.265528 
5.556828 -0.542985 0.392432 
5.560682 -0.918424 -0.024859 
5.575949 -0.603287 0.313740 
5.587249 -0.553781 0.362747 
5.590987 -0.770261 0.148585 
5.594711 -0.773491 0.214653 
5.598422 -0.601627 0.367843 
5.620401 -1.073925 -0.122757 
5.634790 -0.660854 0.274959 
5.641907 -0.637825 0.273762 
5.652489 -0.980337 -0.062280 
5.673323 -0.984820 -0.003586 
5.676754 -0.716316 0.225724 
5.683580 -0.937839 0.038171 
5.700444 -0.820685 0.150172 
5.710427 -0.797679 0.155047 
5.736572 -1.232020 -0.271534 
5.739793 -1.079343 -0.105373 
5.758902 -0.921760 0.019818 
5.762051 -0.832889 0.075534 
5.799093 -0.933904 0.058378 
5.820083 -1.038355 -0.055910 
5.837730 -0.861167 0.116073 
5.840642 -0.755128 0.227415 
5.863631 -1.123977 -0.173426 
5.877736 -0.861164 0.113186 
5.886104 -1.070585 -0.100161 
5.891644 -0.780360 0.147989 
5.902633 -0.948679 0.017011 
5.905362 -1.041760 -0.105747 
5.929589 -1.118936 -0.149463 
5.932245 -1.146840 -0.140447 
5.945421 -1.270463 -0.297108 
5.948035 -1.001896 -0.000087 
5.955837 -0.988528 -0.049368 
5.961005 -1.085710 -0.110300 
5.968708 -0.939166 0.035304 
5.971262 -1.097086 -0.137272 
5.996452 -1.163510 -0.213700 
6.001415 -0.860558 0.074729 
6.016157 -1.095770 -0.100837 
6.018593 -1.139217 -0.157643 
6.025866 -1.007382 -0.029194 
6.037871 -1.122535 -0.154186 
6.040255 -1.162968 -0.194369 
6.056784 -1.001468 -0.023755 
6.066108 -1.004057 -0.043792 
6.095825 -1.083878 -0.120052 
6.109248 -1.099709 -0.128272 
6.133398 -1.437009 -0.454572 
6.173786 -1.046093 -0.087986 
6.180017 -1.098461 -0.143251 
6.188264 -1.155581 -0.187217 
6.192362 -1.076342 -0.120837 
6.222576 -1.335249 -0.330926 
6.240276 -1.172458 -0.185495 
6.251904 -1.214288 -0.231597 
6.255750 -1.361587 -0.386400 
6.259581 -1.156007 -0.189476 
6.311735 -1.408132 -0.443292 
6.324359 -1.384357 -0.429623 
6.338594 -1.349411 -0.370530 
6.386879 -1.365415 -0.390360 
6.395262 -1.357705 -0.388469 
6.401917 -1.426837 -0.434385 
6.410175 -1.375324 -0.396491 
6.495266 -1.601555 -0.612944 
6.516193 -1.639476 -0.635132 
6.543912 -1.750663 -0.753152 
6.647688 -1.855579 -0.874675 
6.688355 -1.785108 -0.792147 
6.770789 -1.894705 -0.894784 
6.800170 -1.865106 -0.877003 
6.830874 -1.914915 -0.925121 
6.845880 -2.040011 -1.042686 
7.027315 -2.262660 -1.269077 
