0.693147 -1.902108 -2.263716 
1.098612 -0.150282 -2.458313 
1.386294 -0.105361 -1.657245 
1.609438 -0.182322 -2.048116 
1.791759 -0.277952 -1.986736 
1.945910 -0.243532 -1.882173 
2.079442 -0.275200 -2.291029 
2.197225 -0.274239 -1.776889 
2.302585 -0.251001 -1.698827 
2.397895 -0.269011 -1.538677 
2.484907 -0.322804 -2.280203 
2.564949 -0.296256 -1.589324 
2.639057 -0.339040 -1.525764 
2.708050 -0.286563 -1.387295 
2.772589 -0.281823 -1.278141 
2.833213 -0.318775 -1.522239 
2.890372 -0.333814 -1.303853 
2.944439 -0.343582 -1.109755 
2.995732 -0.325987 -1.186982 
3.044522 -0.301471 -1.080998 
3.091042 -0.350669 -0.949290 
3.135494 -0.374473 -1.007561 
3.178054 -0.295152 -0.708168 
3.218876 -0.263455 -0.558024 
3.258097 -0.335410 -0.987739 
3.295837 -0.324381 -0.660213 
3.332205 -0.336957 -1.024252 
3.367296 -0.373900 -0.648980 
3.401197 -0.361890 -0.783131 
3.433987 -0.391350 -0.827813 
3.465736 -0.364319 -0.527298 
3.496508 -0.339959 -0.550533 
3.526361 -0.370967 -0.489950 
3.555348 -0.408257 -0.657625 
3.583519 -0.368787 -0.442231 
3.610918 -0.350835 -0.426124 
3.637586 -0.455376 -0.446874 
3.663562 -0.423313 -0.418625 
3.688879 -0.401885 -0.501918 
3.713572 -0.417374 -0.412287 
3.737670 -0.350072 -0.261121 
3.761200 -0.379665 -0.457646 
3.784190 -0.491523 -0.612211 
3.806662 -0.454745 -0.475454 
3.828641 -0.426128 -0.382855 
3.850148 -0.399475 -0.236301 
3.871201 -0.440177 -0.177203 
3.891820 -0.493888 -0.338956 
3.912023 -0.352686 0.021352 
3.931826 -0.329771 0.116205 
3.951244 -0.427207 -0.004890 
3.970292 -0.410629 -0.292322 
3.988984 -0.412881 -0.356610 
4.007333 -0.528890 -0.518660 
4.025352 -0.463497 -0.252381 
4.043051 -0.467517 -0.088349 
4.060443 -0.529175 -0.276986 
4.077537 -0.339486 -0.109970 
4.094345 -0.325429 0.140763 
4.110874 -0.367993 -0.049770 
4.127134 -0.318825 0.142974 
4.143135 -0.331820 0.119447 
4.158883 -0.432568 -0.080959 
4.174387 -0.330045 0.072674 
4.189655 -0.374642 0.060188 
4.204693 -0.486561 -0.179070 
4.219508 -0.457641 -0.040281 
4.234107 -0.576008 -0.207237 
4.248495 -0.438937 -0.061305 
4.262680 -0.550309 -0.329472 
4.276666 -0.412767 0.009644 
4.290459 -0.471491 0.022654 
4.304065 -0.428440 0.091089 
4.317488 -0.482604 0.046460 
4.330733 -0.492713 0.014962 
4.343805 -0.327172 0.201550 
4.356709 -0.263280 0.278890 
4.369448 -0.432685 0.027030 
4.382027 -0.435366 0.176062 
4.394449 -0.629757 0.167658 
4.406719 -0.536348 0.150624 
4.418841 -0.561200 -0.015208 
4.430817 -0.327671 0.180685 
4.442651 -0.510169 0.022940 
4.454347 -0.279707 0.462594 
4.465908 -0.622144 -0.302368 
4.477337 -0.558903 -0.013852 
4.488636 -0.519801 0.016180 
4.499810 -0.297661 0.247359 
4.510860 -0.472731 0.169280 
4.521789 -0.608019 -0.065502 
4.532599 -0.590653 0.176186 
4.543295 -0.427999 0.341825 
4.553877 -0.921429 -0.607803 
4.564348 -0.652384 -0.033539 
4.574711 -0.359164 0.272530 
4.584967 -0.509551 0.246233 
4.595120 -0.479308 0.269711 
4.605170 -0.846593 -0.095746 
4.615121 -0.316277 0.359790 
4.624973 -0.431199 0.186011 
4.634729 -0.610261 -0.008641 
4.644391 -0.406533 0.374872 
4.653960 -0.477317 0.330109 
4.663439 -0.460089 0.453620 
4.672829 -0.247809 0.367956 
4.682131 -0.520659 0.076150 
4.691348 -0.404398 0.267222 
4.700480 -0.689096 0.140587 
4.709530 -0.428740 0.208596 
4.718499 -0.388140 0.203025 
4.727388 -0.391126 0.372990 
4.736198 -0.543597 0.182940 
4.744932 -0.099847 0.804684 
4.753590 -0.699562 0.166351 
4.762174 -0.478425 0.138323 
4.770685 -0.487632 0.262288 
4.779123 -0.432361 0.382152 
4.787492 -0.601656 0.216449 
4.795791 -0.516335 0.155295 
4.804021 -0.601042 0.094203 
4.812184 -0.433218 0.433363 
4.820282 -0.587232 0.105642 
4.828314 -0.293136 0.681192 
4.836282 -0.766363 -0.128452 
4.844187 -0.877173 -0.319799 
4.852030 -0.186807 0.699172 
4.859812 -0.551277 0.301367 
4.867534 -0.306334 0.666105 
4.875197 -0.607557 0.214719 
4.882802 -0.476949 0.355584 
4.890349 -1.137656 -0.425042 
4.897840 -0.471437 0.394164 
4.905275 -0.522740 0.438059 
4.912655 -0.638160 0.133493 
4.919981 -0.519210 0.361475 
4.927254 -0.591602 0.262756 
4.934474 -0.541872 0.246463 
4.941642 -0.824321 -0.121822 
4.955827 -0.339783 0.553515 
4.962845 -0.173946 0.613397 
4.969813 -0.573027 0.254174 
4.976734 -0.418117 0.414010 
4.990433 -0.668556 0.094437 
4.997212 -0.492146 0.361393 
5.003946 -0.411100 0.355896 
5.023881 -0.484378 0.335140 
5.036953 -0.738684 0.055511 
5.043425 -0.537916 0.251130 
5.049856 -0.642079 0.192447 
5.068904 -0.265578 0.582371 
5.075174 -0.219627 0.770037 
5.081404 -0.858095 0.170618 
5.087596 -0.261638 0.474214 
5.093750 -0.494065 0.424157 
5.099866 -0.596947 0.108378 
5.105945 -0.588472 0.155977 
5.111988 -0.328204 0.533069 
5.123964 -0.806417 0.057589 
5.129899 -0.394731 0.637101 
5.141664 -0.681021 0.035896 
5.147494 -0.552840 0.279500 
5.153292 -0.487019 0.489605 
5.164786 -0.357230 0.616927 
5.170484 -0.718578 0.106142 
5.176150 -0.584297 0.231942 
5.181784 -0.860922 0.002776 
5.187386 -0.617753 0.273928 
5.198497 -0.278799 0.715370 
5.204007 -0.355343 0.674532 
5.209486 -0.435025 0.556914 
5.214936 -0.626262 0.066693 
5.220356 -0.894419 0.018329 
5.231109 -0.651322 0.303966 
5.236442 -0.313076 0.704742 
5.241747 -0.518487 0.413411 
5.247024 -0.627814 0.182398 
5.252273 -0.670458 0.192829 
5.257495 -0.660276 0.205500 
5.262690 -1.077548 -0.266574 
5.267858 -0.282016 0.669985 
5.273000 -0.384719 0.440369 
5.283204 -0.311194 0.697114 
5.288267 -0.418358 0.609916 
5.293305 -0.396368 0.578863 
5.298317 -0.460802 0.324018 
5.303305 -0.449567 0.566190 
5.308268 -0.485137 0.394128 
5.313206 -0.404666 0.581600 
5.323010 -0.535073 0.438011 
5.337538 -0.511589 0.255935 
5.342334 -0.540509 0.290643 
5.347108 -0.503328 0.412965 
5.351858 -0.491496 0.493324 
5.356586 -0.784531 0.077516 
5.361292 -0.327651 0.474172 
5.365976 -0.566627 0.421079 
5.370638 -0.624181 0.300182 
5.375278 -0.636651 0.147923 
5.379897 -0.661113 0.152727 
5.393628 -1.019185 -0.133020 
5.398163 -0.539289 0.507922 
5.416100 -0.600608 0.328759 
5.420535 -0.855485 0.143032 
5.424950 -0.746842 0.193933 
5.429346 -0.811321 0.177858 
5.433722 -0.411980 0.615300 
5.438079 -0.447873 0.570669 
5.442418 -0.431421 0.562485 
5.463832 -1.103095 -0.128729 
5.468060 -0.345389 0.703042 
5.476464 -0.477360 0.385908 
5.480639 -0.511275 0.397449 
5.484797 -0.865289 0.142831 
5.488938 -0.481911 0.471808 
5.493061 -0.338321 0.628006 
5.497168 -0.439091 0.562553 
5.501258 -0.468450 0.589398 
5.505332 -0.487230 0.546016 
5.513429 -0.492416 0.527711 
5.517453 -0.895951 0.106167 
5.525453 -0.916863 -0.013968 
5.529429 -0.352784 0.615943 
5.537334 -0.584303 0.395314 
5.541264 -0.404488 0.571377 
5.549076 -0.330039 0.652865 
5.552960 -0.422902 0.560907 
5.564520 -0.867181 0.140395 
5.579730 -0.641569 0.329942 
5.583496 -0.424537 0.534503 
5.587249 -0.277339 0.701658 
5.598422 -0.479609 0.554948 
5.602119 -0.416961 0.544413 
5.609472 -0.326122 0.676126 
5.616771 -0.881564 0.061180 
5.624018 -0.546947 0.422514 
5.627621 -0.600766 0.419142 
5.634790 -0.847343 0.196676 
5.641907 -0.584736 0.349130 
5.645447 -0.431469 0.560037 
5.648974 -0.206248 0.789757 
5.655992 -0.572778 0.500357 
5.659482 -0.582710 0.387418 
5.662960 -0.335842 0.701594 
5.676754 -0.808172 0.188638 
5.680173 -0.361927 0.625257 
5.683580 -0.469947 0.496446 
5.690359 -0.520472 0.522571 
5.697093 -0.440783 0.528548 
5.700444 -0.622628 0.392707 
5.703782 -0.508796 0.532110 
5.707110 -0.527622 0.419702 
5.710427 -0.687002 0.267324 
5.713733 -0.818258 0.205374 
5.720312 -0.703009 0.210588 
5.723585 -1.010013 0.001451 
5.726848 -0.735927 0.307023 
5.749393 -1.136227 -0.110293 
5.752573 -0.362921 0.625511 
5.758902 -0.631639 0.404442 
5.762051 -0.753391 0.249369 
5.771441 -0.623052 0.376465 
5.774552 -0.549913 0.446586 
5.780744 -0.656188 0.350785 
5.789960 -0.754426 0.266599 
5.799093 -0.599859 0.388825 
5.814131 -0.757388 0.198704 
5.820083 -0.706579 0.333364 
5.826000 -0.616625 0.408976 
5.828946 -0.341826 0.685513 
5.831882 -0.391369 0.684734 
5.834811 -0.521001 0.476137 
5.843544 -0.538464 0.530913 
5.846439 -0.649300 0.341744 
5.860786 -0.473276 0.537192 
5.863631 -0.452436 0.545618 
5.869297 -0.694925 0.323934 
5.874931 -0.622150 0.404625 
5.883322 -0.599602 0.448112 
5.886104 -0.343575 0.668616 
5.891644 -0.770387 0.276548 
5.894403 -0.519151 0.514855 
5.897154 -0.615163 0.445993 
5.899897 -0.417716 0.648374 
5.905362 -0.600770 0.426512 
5.913503 -0.399821 0.621963 
5.918894 -0.557247 0.492839 
5.921578 -0.633878 0.399036 
5.924256 -0.402347 0.602297 
5.929589 -0.423814 0.584501 
5.942799 -0.701250 0.331741 
5.945421 -0.880785 0.125714 
5.961005 -0.793896 0.204117 
5.971262 -0.569901 0.447556 
5.976351 -1.130592 -0.095608 
5.978886 -0.650007 0.262144 
5.981414 -0.588060 0.433389 
5.983936 -0.804577 0.215599 
5.993961 -0.635092 0.380598 
6.011267 -0.455795 0.540998 
6.013715 -0.736325 0.275524 
6.018593 -0.797888 0.238647 
6.021023 -0.453193 0.563898 
6.023448 -0.754519 0.246924 
6.025866 -0.472155 0.523960 
6.030685 -0.629050 0.395090 
6.033086 -0.646310 0.404608 
6.040255 -0.574074 0.453993 
6.042633 -0.767406 0.275101 
6.047372 -0.970702 0.007854 
6.049733 -0.988255 0.077917 
6.059123 -0.990309 0.064754 
6.061457 -1.165254 -0.128187 
6.066108 -0.623293 0.430359 
6.068426 -0.903674 0.156031 
6.079933 -0.864993 0.150557 
6.086775 -0.821419 0.223553 
6.098074 -0.541191 0.465989 
6.100319 -0.556217 0.462527 
6.126869 -0.566062 0.452901 
6.129050 -0.750917 0.301607 
6.148468 -0.863650 0.212357 
6.150603 -0.728607 0.344857 
6.154858 -0.554668 0.486302 
6.156979 -0.714598 0.320519 
6.159095 -0.608677 0.410281 
6.165418 -0.739897 0.290387 
6.173786 -0.628678 0.400586 
6.180017 -0.635599 0.431828 
6.186209 -0.764097 0.253927 
6.190315 -0.721883 0.330990 
6.204558 -0.720717 0.323265 
6.208590 -0.987568 -0.063716 
6.210600 -0.651632 0.394961 
6.212606 -0.827957 0.247947 
6.222576 -0.595929 0.437005 
6.226537 -0.736526 0.321874 
6.228511 -0.621183 0.412079 
6.232448 -0.633777 0.405132 
6.234411 -0.799074 0.263531 
6.251904 -0.674890 0.347565 
6.267201 -0.756239 0.316324 
6.270988 -1.031047 0.047582 
6.280396 -0.957122 0.105543 
6.287859 -0.675125 0.370528 
6.300786 -0.952459 0.116859 
6.302619 -0.877738 0.154622 
6.313548 -0.800093 0.252182 
6.315358 -0.820402 0.202739 
6.324359 -1.057371 0.018406 
6.326149 -0.957822 0.107864 
6.329721 -0.837496 0.182977 
6.331502 -0.826117 0.220774 
6.352629 -0.956719 0.122407 
6.359574 -0.862809 0.221104 
6.366470 -0.756158 0.289776 
6.390241 -0.902221 0.186745 
6.393591 -0.826191 0.194250 
6.395262 -0.962401 0.113349 
6.405228 -1.161112 -0.096588 
6.408529 -0.989824 0.077299 
6.415097 -0.867372 0.186538 
6.423247 -1.036734 0.040228 
6.431331 -0.963808 0.109515 
6.440947 -0.925747 0.101654 
6.444131 -0.841550 0.228919 
6.455199 -0.896274 0.180155 
6.456770 -0.952329 0.120471 
6.466145 -1.187978 -0.120045 
6.480045 -0.843113 0.198146 
6.481577 -1.078050 0.003791 
6.493754 -0.878939 0.183583 
6.496775 -1.036466 -0.003433 
6.516193 -1.045670 0.042722 
6.519147 -0.928991 0.124651 
6.520621 -1.035452 0.037622 
6.526495 -1.020983 0.054762 
6.549651 -1.110821 -0.043751 
6.551080 -0.945465 0.110190 
6.563856 -1.160767 -0.095608 
6.565265 -1.071648 0.013834 
6.568078 -0.983117 0.062454 
6.588926 -0.973519 0.080058 
6.591674 -1.101403 -0.032884 
6.595781 -1.037828 0.011003 
6.602588 -1.095328 -0.035308 
6.603944 -1.017547 0.026086 
6.612041 -1.121734 -0.063222 
6.630683 -1.079251 -0.020005 
6.635947 -1.182564 -0.124143 
6.639876 -0.998446 0.049494 
6.661855 -1.132248 -0.075348 
6.672033 -1.273339 -0.201328 
6.678342 -1.238947 -0.163328 
6.693324 -1.193807 -0.121608 
6.704414 -1.092940 -0.038171 
6.716595 -1.244271 -0.170655 
6.734592 -1.290546 -0.253977 
6.742881 -1.187841 -0.107653 
6.748760 -1.405980 -0.329226 
6.763885 -1.137520 -0.063444 
6.778785 -1.299158 -0.260820 
6.792344 -1.227365 -0.167703 
6.797940 -1.265830 -0.224331 
6.803505 -1.310259 -0.246821 
6.825460 -1.384555 -0.348194 
6.831954 -1.320848 -0.261727 
6.842683 -1.305230 -0.233992 
6.866933 -1.323889 -0.271598 
6.869014 -1.311440 -0.259231 
6.880384 -1.360012 -0.282288 
6.902743 -1.401406 -0.350489 
6.910751 -1.400578 -0.326765 
6.932448 -1.470107 -0.395566 
6.966967 -1.471574 -0.415806 
7.001246 -1.558505 -0.494543 
7.085901 -1.677455 -0.620356 
7.094235 -1.741937 -0.670672 
7.116394 -1.748162 -0.673553 
7.136483 -1.755501 -0.687525 
7.241366 -1.845673 -0.780927 
7.284135 -1.958232 -0.883738 
7.301822 -1.893216 -0.826185 
7.313220 -2.003535 -0.933948 
7.350516 -2.029142 -0.961021 
7.526179 -2.320016 -1.251994 
