0.693147 -2.095971 -2.947325 
1.098612 -0.186679 -2.614514 
1.386294 -0.215658 -3.344565 
1.609438 -0.374962 -2.593835 
1.791759 -0.338873 -2.823924 
1.945910 -0.427525 -2.712202 
2.079442 -0.371959 -2.262493 
2.197225 -0.430725 -2.501805 
2.302585 -0.434898 -2.536804 
2.397895 -0.409397 -2.100011 
2.484907 -0.468065 -2.129385 
2.564949 -0.429614 -1.698399 
2.639057 -0.450923 -1.978481 
2.708050 -0.438244 -1.515248 
2.772589 -0.427710 -1.607549 
2.833213 -0.436270 -1.545786 
2.890372 -0.508274 -1.626073 
2.944439 -0.550451 -1.867747 
2.995732 -0.456906 -1.298276 
3.044522 -0.503103 -1.337131 
3.091042 -0.491938 -1.324175 
3.135494 -0.419836 -0.942541 
3.178054 -0.506523 -1.162151 
3.218876 -0.458799 -1.040588 
3.258097 -0.586114 -1.056609 
3.295837 -0.517298 -0.982452 
3.332205 -0.450021 -0.768859 
3.367296 -0.566379 -1.029174 
3.401197 -0.451817 -0.488181 
3.433987 -0.688491 -1.124970 
3.465736 -0.441902 -0.625527 
3.496508 -0.466734 -0.537700 
3.526361 -0.462600 -0.622764 
3.555348 -0.542867 -0.779133 
3.583519 -0.577516 -0.633222 
3.610918 -0.501332 -0.441999 
3.637586 -0.518643 -0.525209 
3.663562 -0.462732 -0.487649 
3.688879 -0.565354 -0.475651 
3.713572 -0.512592 -0.600115 
3.737670 -0.574100 -0.547312 
3.761200 -0.713919 -0.758719 
3.784190 -0.551533 -0.234885 
3.806662 -0.489478 -0.236482 
3.828641 -0.696498 -0.437514 
3.850148 -0.661658 -0.461818 
3.871201 -0.563543 -0.287477 
3.891820 -0.694527 -0.499687 
3.912023 -0.421481 -0.118164 
3.931826 -0.637879 -0.411216 
3.951244 -0.574694 -0.376868 
3.970292 -0.475286 -0.224293 
3.988984 -0.561310 -0.286697 
4.007333 -0.424344 -0.166538 
4.025352 -0.512576 -0.067161 
4.043051 -0.414556 0.068885 
4.060443 -0.637263 -0.202669 
4.077537 -0.395021 0.214557 
4.094345 -0.836659 -0.460002 
4.110874 -0.597668 -0.031160 
4.127134 -0.803453 -0.619231 
4.143135 -0.576101 -0.138954 
4.158883 -0.750536 -0.512334 
4.174387 -0.525214 0.086537 
4.189655 -0.777375 -0.290992 
4.204693 -0.467105 0.201281 
4.219508 -0.561930 -0.099319 
4.234107 -0.765523 -0.344838 
4.248495 -0.614524 0.062619 
4.262680 -0.614559 -0.083225 
4.276666 -0.699510 -0.182778 
4.290459 -0.880751 -0.443505 
4.304065 -0.736198 -0.179699 
4.317488 -0.652937 -0.081594 
4.330733 -0.775099 -0.116306 
4.343805 -0.640073 -0.169792 
4.356709 -0.433139 0.114080 
4.369448 -0.780466 -0.300666 
4.382027 -0.757115 -0.087598 
4.394449 -0.558961 -0.110689 
4.406719 -0.295293 0.515609 
4.418841 -0.531962 0.085623 
4.430817 -0.776160 -0.133971 
4.442651 -0.531353 -0.048399 
4.454347 -0.404713 0.274333 
4.465908 -0.650225 -0.028884 
4.477337 -0.617713 -0.131453 
4.488636 -0.693304 -0.080566 
4.499810 -0.495861 -0.042110 
4.510860 -0.439075 0.112702 
4.521789 -0.765093 -0.238111 
4.532599 -0.763217 -0.094549 
4.543295 -1.000544 -0.386945 
4.553877 -0.702923 -0.128819 
4.564348 -0.403865 0.196053 
4.574711 -0.473013 0.096649 
4.584967 -0.623366 -0.149941 
4.595120 -0.688479 0.051874 
4.605170 -0.698664 -0.026188 
4.615121 -0.552078 -0.019716 
4.624973 -0.631571 -0.102459 
4.634729 -1.289111 -0.808771 
4.644391 -0.535295 -0.000714 
4.653960 -1.282721 -0.693032 
4.663439 -0.330242 0.442542 
4.672829 -0.514344 0.329836 
4.682131 -0.645863 0.023745 
4.691348 -0.559292 0.119726 
4.700480 -0.705034 -0.109717 
4.709530 -0.636082 0.083340 
4.744932 -0.608132 0.044153 
4.753590 -0.837397 -0.355945 
4.762174 -0.567666 0.269529 
4.770685 -0.932527 -0.130369 
4.787492 -0.853155 -0.087904 
4.795791 -0.629608 0.150979 
4.820282 -0.635116 0.027107 
4.828314 -0.623491 0.207315 
4.836282 -0.378743 0.430088 
4.844187 -0.648535 0.163282 
4.852030 -0.651508 0.170389 
4.859812 -0.633402 0.032624 
4.867534 -0.621095 -0.004742 
4.882802 -0.371297 0.419029 
4.897840 -0.607652 0.041578 
4.905275 -0.330271 0.540705 
4.912655 -0.624402 0.010379 
4.927254 -0.714759 0.129618 
4.941642 -0.437110 0.354996 
4.948760 -0.668999 0.172413 
4.955827 -0.662055 0.086109 
4.962845 -0.344060 0.462731 
4.969813 -0.809463 0.011737 
4.976734 -0.919609 -0.188696 
4.983607 -0.687959 0.041972 
4.990433 -0.798200 0.001182 
4.997212 -0.524326 0.245600 
5.003946 -0.599084 0.112064 
5.010635 -0.576641 0.344016 
5.017280 -0.740548 -0.000172 
5.023881 -0.504374 0.248751 
5.030438 -0.845292 0.004738 
5.036953 -0.893357 -0.157822 
5.049856 -0.580379 0.306406 
5.062595 -0.320217 0.552612 
5.075174 -0.382599 0.579870 
5.081404 -0.594485 0.155121 
5.087596 -0.514577 0.402641 
5.099866 -0.618027 0.241597 
5.105945 -0.695979 0.166015 
5.117994 -0.596919 0.150666 
5.135798 -0.418849 0.482532 
5.141664 -0.721139 0.100633 
5.147494 -0.541843 0.308277 
5.153292 -0.711663 0.185183 
5.164786 -0.545896 0.184003 
5.181784 -0.688654 0.218361 
5.192957 -0.456888 0.436032 
5.225747 -0.829799 -0.179688 
5.231109 -0.800056 0.091744 
5.236442 -1.284122 -0.367745 
5.241747 -0.400899 0.479333 
5.247024 -0.711413 0.191560 
5.252273 -0.563112 0.295991 
5.257495 -0.604909 0.316515 
5.262690 -0.439237 0.478669 
5.267858 -0.490987 0.377020 
5.273000 -0.487157 0.437859 
5.278115 -1.018181 -0.132356 
5.283204 -1.424121 -0.566602 
5.288267 -0.805585 0.127126 
5.293305 -0.652396 0.279827 
5.298317 -0.840618 0.080809 
5.303305 -0.819331 0.098181 
5.308268 -0.500082 0.418243 
5.313206 -0.898042 -0.195644 
5.323010 -0.497980 0.414416 
5.332719 -1.213221 -0.306481 
5.347108 -0.742724 0.142421 
5.351858 -0.826877 -0.083982 
5.361292 -0.680072 0.231987 
5.370638 -0.786698 0.137935 
5.379897 -0.615283 0.285785 
5.393628 -0.633798 0.266451 
5.398163 -0.600195 0.307313 
5.407172 -0.783764 0.125615 
5.411646 -0.936553 -0.117302 
5.416100 -0.700331 0.183033 
5.438079 -0.660420 0.267654 
5.442418 -0.677521 0.264556 
5.446737 -0.455595 0.439546 
5.451038 -0.849375 -0.007100 
5.455321 -0.967962 -0.115248 
5.459586 -0.647646 0.326795 
5.468060 -1.054760 -0.108275 
5.505332 -0.595953 0.366904 
5.513429 -0.596760 0.326937 
5.517453 -0.544760 0.345876 
5.529429 -0.465757 0.436019 
5.533389 -0.579128 0.306449 
5.541264 -0.825803 0.058317 
5.545177 -0.615954 0.308038 
5.549076 -0.728675 0.180755 
5.556828 -0.985187 -0.078348 
5.560682 -0.992534 -0.052946 
5.568345 -0.856986 0.074576 
5.572154 -0.643412 0.241967 
5.590987 -1.125531 -0.200451 
5.594711 -0.750836 0.159848 
5.602119 -0.587270 0.332819 
5.609472 -0.579841 0.321685 
5.624018 -1.093151 -0.171718 
5.631212 -1.002207 -0.109401 
5.638355 -0.845351 0.102288 
5.648974 -0.807560 0.158766 
5.659482 -0.959593 -0.003498 
5.662960 -0.779214 0.153432 
5.666427 -0.919183 0.019629 
5.683580 -0.699008 0.207475 
5.690359 -1.151319 -0.248169 
5.693732 -0.731374 0.190046 
5.700444 -0.930114 0.001178 
5.723585 -0.727239 0.179315 
5.730100 -0.802175 0.134745 
5.736572 -0.817710 0.139771 
5.739793 -0.883485 0.098853 
5.774552 -1.134164 -0.207486 
5.777652 -0.853951 0.034746 
5.786897 -0.752624 0.214907 
5.789960 -1.028796 -0.068777 
5.811141 -0.947864 -0.031700 
5.863631 -1.000244 -0.018117 
5.866468 -1.121732 -0.203232 
5.872118 -0.858147 0.115736 
5.883322 -0.854877 0.099646 
5.910797 -0.790306 0.137804 
5.921578 -1.144239 -0.198463 
5.924256 -1.132695 -0.183129 
5.934894 -1.143960 -0.165450 
5.937536 -1.055983 -0.105593 
5.966147 -1.033240 -0.111158 
5.968708 -1.285030 -0.338789 
5.976351 -1.113829 -0.153187 
5.991465 -0.953463 0.001481 
5.996452 -0.960483 0.002976 
5.998937 -1.256720 -0.280942 
6.006353 -0.875735 0.052679 
6.008813 -1.183519 -0.216732 
6.013715 -1.106643 -0.135466 
6.021023 -1.164371 -0.223346 
6.030685 -0.910355 0.047101 
6.054439 -1.215796 -0.276780 
6.070738 -1.055782 -0.111640 
6.075346 -1.198065 -0.239219 
6.082219 -1.126378 -0.168815 
6.084499 -1.052113 -0.089275 
6.095825 -1.035964 -0.095909 
6.126869 -1.060155 -0.111743 
6.135565 -1.059297 -0.123286 
6.165418 -1.432608 -0.459510 
6.173786 -1.049207 -0.119201 
6.184149 -1.123581 -0.173262 
6.190315 -1.120618 -0.155265 
6.202536 -1.065942 -0.120852 
6.212606 -1.316511 -0.335182 
6.216606 -1.193003 -0.236373 
6.240276 -1.180357 -0.207664 
6.248043 -1.406248 -0.441297 
6.274762 -1.372018 -0.406909 
6.280396 -1.263708 -0.297233 
6.308098 -1.227046 -0.274615 
6.318968 -1.381320 -0.449607 
6.329721 -1.224308 -0.270189 
6.366470 -1.449834 -0.514858 
6.373320 -1.325467 -0.372592 
6.406880 -1.396324 -0.440227 
6.419995 -1.451720 -0.475733 
6.452049 -1.560028 -0.593413 
6.536692 -1.677274 -0.694042 
6.568078 -1.734965 -0.756506 
6.729824 -1.814013 -0.839746 
6.805723 -1.939287 -0.954995 
6.825460 -1.880399 -0.909419 
6.866933 -1.974303 -0.999580 
6.890609 -2.141762 -1.169000 
7.038784 -2.294779 -1.321068 
