0.693147 -2.966745 -3.854687 
1.098612 -0.420064 -3.570240 
1.386294 -0.370955 -3.535974 
1.609438 -0.596155 -3.225630 
1.791759 -0.520005 -2.940875 
1.945910 -0.511649 -2.510111 
2.079442 -0.531136 -2.498220 
2.197225 -0.533899 -2.435582 
2.302585 -0.489934 -2.239668 
2.397895 -0.551730 -2.121917 
2.484907 -0.512462 -1.978596 
2.564949 -0.539513 -1.764551 
2.639057 -0.528774 -1.717223 
2.708050 -0.597604 -1.913367 
2.772589 -0.559154 -1.739498 
2.833213 -0.482855 -1.372968 
2.890372 -0.521292 -1.323709 
2.944439 -0.577020 -1.284901 
2.995732 -0.562418 -1.290486 
3.044522 -0.571160 -1.243362 
3.091042 -0.585492 -0.981517 
3.135494 -0.526770 -1.135459 
3.178054 -0.505998 -0.880137 
3.218876 -0.491145 -0.805191 
3.258097 -0.520314 -0.782424 
3.295837 -0.534978 -0.743319 
3.332205 -0.544867 -0.610066 
3.367296 -0.656799 -0.820090 
3.401197 -0.726805 -0.550865 
3.433987 -0.598069 -0.566849 
3.465736 -0.877755 -0.862072 
3.496508 -0.771324 -0.776518 
3.526361 -0.622151 -0.372323 
3.555348 -0.407664 -0.313042 
3.583519 -0.638964 -0.493766 
3.610918 -0.765089 -0.611551 
3.637586 -0.468117 -0.185002 
3.663562 -0.663422 -0.365640 
3.688879 -0.899469 -0.711439 
3.713572 -0.442966 -0.120107 
3.737670 -0.675097 -0.512860 
3.761200 -0.708292 -0.380662 
3.784190 -0.486542 -0.154103 
3.806662 -0.756182 -0.395868 
3.828641 -0.440409 0.165008 
3.850148 -0.676269 -0.204852 
3.871201 -0.749823 -0.557597 
3.891820 -0.847299 -0.460423 
3.912023 -0.468171 -0.083166 
3.931826 -0.662749 -0.184306 
3.951244 -1.131274 -0.629795 
3.970292 -0.603150 -0.224982 
3.988984 -0.695236 -0.032960 
4.007333 -0.728498 -0.065706 
4.025352 -1.206778 -0.615945 
4.043051 -0.533332 0.018966 
4.060443 -1.047695 -1.023751 
4.077537 -0.775289 -0.331794 
4.094345 -0.403049 -0.049012 
4.110874 -0.295085 0.123487 
4.127134 -0.732098 -0.238300 
4.143135 -0.659861 -0.058094 
4.158883 -0.592810 -0.064225 
4.174387 -0.456268 0.134487 
4.189655 -0.957855 -0.477399 
4.204693 -0.694367 -0.119880 
4.219508 -0.610185 -0.051996 
4.234107 -0.408274 0.079546 
4.248495 -0.542088 0.049265 
4.262680 -0.638072 0.157177 
4.276666 -1.034509 -0.353282 
4.290459 -0.971737 -0.407094 
4.304065 -0.600766 0.057017 
4.317488 -0.653621 -0.021777 
4.343805 -0.546567 -0.001426 
4.356709 -0.446731 0.242262 
4.369448 -0.369143 0.463030 
4.382027 -0.443434 0.174726 
4.406719 -0.864514 -0.128427 
4.418841 -0.398955 0.400898 
4.430817 -0.843329 -0.121395 
4.442651 -0.630350 0.061556 
4.454347 -0.385787 0.239075 
4.465908 -0.519661 0.055989 
4.477337 -0.615666 0.141114 
4.488636 -0.404631 0.347658 
4.499810 -0.675209 -0.116963 
4.510860 -0.348307 0.259738 
4.521789 -0.513558 0.068687 
4.532599 -0.555900 0.061043 
4.543295 -1.701083 -0.875331 
4.553877 -0.627868 0.150367 
4.574711 -0.553058 0.146690 
4.584967 -0.814121 -0.019946 
4.605170 -0.412209 0.244959 
4.615121 -0.467996 0.353957 
4.644391 -0.428557 0.184897 
4.653960 -1.557154 -0.801957 
4.663439 -0.598886 0.116811 
4.672829 -0.699955 0.201398 
4.682131 -1.049015 -0.166416 
4.691348 -0.830023 -0.016988 
4.700480 -0.384704 0.459965 
4.709530 -0.314646 0.515839 
4.718499 -0.520131 0.301915 
4.727388 -0.639350 0.108333 
4.762174 -0.673007 0.099286 
4.770685 -0.735132 0.025344 
4.779123 -0.768255 0.086196 
4.787492 -0.773580 -0.055412 
4.795791 -0.303991 0.591829 
4.804021 -0.789818 -0.149733 
4.812184 -0.761597 0.103101 
4.828314 -0.706527 0.238599 
4.836282 -0.660955 0.159101 
4.852030 -0.713291 0.183314 
4.859812 -0.748246 -0.068962 
4.875197 -0.642654 0.073362 
4.890349 -1.185004 -0.393288 
4.905275 -0.466937 0.479118 
4.927254 -0.949122 -0.139198 
4.934474 -0.682988 0.241470 
4.941642 -0.657732 0.259970 
4.955827 -0.455707 0.405562 
4.969813 -1.012512 -0.153101 
4.976734 -0.958910 -0.019519 
4.983607 -1.256515 -0.407717 
4.990433 -1.047506 -0.165790 
5.003946 -0.526958 0.354091 
5.010635 -0.750603 0.086292 
5.017280 -0.512581 0.353011 
5.023881 -0.662036 0.193766 
5.036953 -0.390558 0.486867 
5.049856 -0.514268 0.354456 
5.056246 -0.506458 0.382156 
5.081404 -0.535029 0.325156 
5.087596 -0.506813 0.339246 
5.093750 -0.404499 0.485281 
5.123964 -0.594454 0.289993 
5.129899 -0.893451 0.074130 
5.135798 -1.140235 -0.177310 
5.141664 -0.658854 0.255406 
5.147494 -1.013980 -0.134056 
5.153292 -1.245124 -0.346058 
5.164786 -0.680810 0.189482 
5.170484 -0.719410 0.252913 
5.198497 -0.487110 0.385897 
5.214936 -0.737932 0.068528 
5.225747 -0.652136 0.223545 
5.241747 -0.890315 0.081465 
5.257495 -0.633017 0.250128 
5.273000 -0.802879 0.135347 
5.303305 -1.002329 -0.084334 
5.308268 -0.762821 0.163026 
5.313206 -1.029829 -0.081247 
5.347108 -1.033816 -0.121141 
5.351858 -0.724419 0.169074 
5.356586 -0.956697 -0.116710 
5.379897 -0.741802 0.136186 
5.389072 -0.848462 0.109385 
5.393628 -0.921742 0.042517 
5.402677 -1.162126 -0.165425 
5.407172 -0.739813 0.133745 
5.420535 -1.081591 -0.194928 
5.429346 -0.957641 -0.032896 
5.472271 -1.196804 -0.227007 
5.505332 -1.049755 -0.056349 
5.537334 -1.231257 -0.226326 
5.552960 -0.937473 0.009734 
5.583496 -0.844831 0.093431 
5.587249 -1.057032 -0.070789 
5.605802 -1.102371 -0.135986 
5.609472 -1.124879 -0.247788 
5.613128 -0.867461 0.075376 
5.631212 -0.901077 0.060937 
5.641907 -1.052590 -0.053034 
5.655992 -1.071305 -0.114170 
5.659482 -0.975994 -0.010838 
5.697093 -0.986115 -0.049023 
5.700444 -1.282360 -0.298466 
5.723585 -1.206125 -0.256557 
5.736572 -0.995387 -0.064678 
5.749393 -0.939247 -0.010977 
5.752573 -1.138301 -0.159603 
5.817111 -1.264646 -0.305097 
5.826000 -1.300308 -0.358679 
5.899897 -1.159999 -0.184281 
5.902633 -1.116274 -0.156782 
5.908083 -1.188978 -0.228143 
5.918894 -1.290253 -0.313095 
5.924256 -1.193166 -0.270777 
5.940171 -1.188459 -0.211672 
5.945421 -1.406716 -0.462149 
5.971262 -1.140705 -0.193511 
5.988961 -1.190640 -0.241027 
6.025866 -1.219597 -0.265056 
6.030685 -1.575351 -0.568177 
6.040255 -1.613759 -0.634451 
6.086775 -1.497455 -0.511985 
6.159095 -1.615695 -0.607640 
6.202536 -1.568865 -0.577988 
6.432940 -1.825525 -0.837585 
6.448889 -1.879358 -0.873563 
6.556778 -2.134830 -1.132810 
6.586172 -2.046795 -1.053483 
6.599870 -2.139299 -1.141420 
6.802395 -2.422264 -1.421873 
