0.693147 -2.507380 -3.257252 
1.098612 -0.325422 -3.540361 
1.386294 -0.302497 -2.974854 
1.609438 -0.370374 -2.884673 
1.791759 -0.356675 -2.684172 
1.945910 -0.426446 -2.619897 
2.079442 -0.439384 -2.572965 
2.197225 -0.497267 -2.343947 
2.302585 -0.440784 -2.582743 
2.397895 -0.464306 -2.210372 
2.484907 -0.458708 -2.052667 
2.564949 -0.459395 -2.017209 
2.639057 -0.447380 -1.960554 
2.708050 -0.465811 -1.670088 
2.772589 -0.485386 -1.697700 
2.833213 -0.481897 -1.566665 
2.890372 -0.428052 -1.267485 
2.944439 -0.557103 -1.480714 
2.995732 -0.493474 -1.545664 
3.044522 -0.472381 -1.177125 
3.091042 -0.534827 -1.402433 
3.135494 -0.506600 -1.358324 
3.178054 -0.462090 -1.038950 
3.218876 -0.578315 -1.168946 
3.258097 -0.483323 -0.956202 
3.295837 -0.512184 -0.809502 
3.332205 -0.545442 -0.878715 
3.367296 -0.484686 -0.822385 
3.401197 -0.604940 -0.939905 
3.433987 -0.449535 -0.667684 
3.465736 -0.574583 -0.790073 
3.496508 -0.504820 -0.733090 
3.526361 -0.634326 -0.920962 
3.555348 -0.464938 -0.434289 
3.583519 -0.501913 -0.646227 
3.610918 -0.471973 -0.170082 
3.637586 -0.541602 -0.435688 
3.663562 -0.561837 -0.574085 
3.688879 -0.616787 -0.829115 
3.713572 -0.493467 -0.287686 
3.737670 -0.486503 -0.313915 
3.761200 -0.756814 -0.592205 
3.784190 -0.565217 -0.420987 
3.806662 -0.473436 -0.368661 
3.828641 -0.574768 -0.292123 
3.850148 -0.856963 -0.585765 
3.871201 -0.682258 -0.395867 
3.891820 -0.507751 -0.327315 
3.912023 -0.643269 -0.345119 
3.931826 -0.586873 -0.456008 
3.951244 -0.685554 -0.466340 
3.970292 -0.536132 -0.091794 
3.988984 -0.434789 -0.064118 
4.007333 -1.014795 -1.409401 
4.025352 -0.743655 -0.447825 
4.043051 -0.470727 -0.066611 
4.060443 -0.796878 -0.452713 
4.077537 -0.628682 -0.136402 
4.094345 -0.545530 0.141946 
4.110874 -0.549847 0.051529 
4.127134 -0.449173 0.022303 
4.143135 -0.618364 0.012235 
4.158883 -0.786384 -0.203511 
4.174387 -0.728888 -0.367417 
4.189655 -0.530716 -0.060009 
4.204693 -0.763985 -0.402595 
4.219508 -0.683531 -0.032136 
4.234107 -0.839952 -0.366383 
4.248495 -0.648038 -0.210040 
4.262680 -0.759829 -0.336762 
4.276666 -0.737431 -0.201265 
4.290459 -0.526113 -0.055552 
4.304065 -0.838582 -0.214302 
4.317488 -0.393521 0.140291 
4.330733 -0.876883 -0.372594 
4.343805 -0.614512 0.002084 
4.356709 -0.549760 -0.081658 
4.369448 -0.886218 -0.409935 
4.394449 -0.614846 0.086348 
4.406719 -0.228031 0.517741 
4.418841 -0.444562 0.211741 
4.430817 -0.526919 0.076280 
4.442651 -0.525814 -0.003769 
4.454347 -0.723363 -0.156808 
4.465908 -0.816308 -0.463737 
4.477337 -0.695552 -0.107598 
4.488636 -0.586593 0.040533 
4.499810 -0.514286 0.040190 
4.510860 -0.744250 -0.166876 
4.521789 -0.565034 -0.072841 
4.532599 -0.602773 0.150518 
4.543295 -0.667278 -0.098015 
4.553877 -0.671753 -0.021969 
4.564348 -0.701187 -0.177698 
4.574711 -0.855340 -0.389799 
4.584967 -0.557642 0.183810 
4.595120 -0.525390 0.156055 
4.605170 -0.667107 0.144732 
4.615121 -0.709104 0.106388 
4.624973 -0.834335 -0.131997 
4.634729 -0.742881 -0.064205 
4.644391 -0.700312 -0.243800 
4.663439 -0.913503 -0.123739 
4.672829 -0.582082 0.051570 
4.691348 -0.740093 -0.062205 
4.709530 -0.710429 0.004931 
4.718499 -0.628860 0.247471 
4.736198 -0.435977 0.162898 
4.744932 -0.906428 -0.108272 
4.753590 -0.533913 0.318551 
4.762174 -0.622539 0.024917 
4.770685 -0.652873 0.127442 
4.779123 -0.690628 0.179884 
4.787492 -0.671653 0.089731 
4.795791 -0.710694 0.124270 
4.804021 -0.563462 0.106326 
4.812184 -1.041554 -0.230896 
4.820282 -0.642824 0.199637 
4.828314 -0.215215 0.655402 
4.836282 -0.511209 0.360089 
4.844187 -0.376337 0.445196 
4.852030 -0.492700 0.311320 
4.859812 -0.938801 -0.219401 
4.867534 -0.653234 0.120458 
4.875197 -0.333150 0.497606 
4.882802 -0.450905 0.224714 
4.890349 -1.032339 -0.210837 
4.897840 -0.461019 0.324747 
4.905275 -0.698124 -0.023258 
4.912655 -0.621926 0.136440 
4.919981 -0.883298 -0.149104 
4.927254 -0.609418 0.228579 
4.934474 -0.266841 0.610237 
4.941642 -0.992807 -0.318657 
4.948760 -0.735843 0.153077 
4.955827 -0.639740 0.257167 
4.962845 -0.399629 0.488857 
4.976734 -0.683840 0.209562 
4.983607 -0.584453 0.351439 
4.990433 -0.495539 0.384634 
5.003946 -0.450194 0.396591 
5.010635 -0.612947 0.299445 
5.036953 -0.714854 0.026570 
5.056246 -0.902625 -0.011795 
5.062595 -0.732574 0.179222 
5.068904 -0.395313 0.513652 
5.081404 -0.450405 0.319553 
5.099866 -0.841595 -0.264087 
5.105945 -0.359536 0.518142 
5.111988 -0.531768 0.434141 
5.117994 -0.399724 0.480337 
5.129899 -0.694099 0.219271 
5.135798 -0.609034 0.328442 
5.153292 -0.779233 0.094145 
5.164786 -0.632257 0.226403 
5.170484 -0.596115 0.292265 
5.176150 -0.641914 0.258943 
5.181784 -1.348203 -0.461544 
5.192957 -0.592842 0.124283 
5.209486 -0.607005 0.352642 
5.214936 -1.035891 -0.341537 
5.236442 -0.513146 0.367037 
5.241747 -0.750168 0.066211 
5.247024 -0.691249 0.166446 
5.252273 -0.820703 0.129162 
5.262690 -0.448244 0.419664 
5.267858 -0.627957 0.349788 
5.273000 -0.869843 0.075091 
5.283204 -0.820199 0.045501 
5.288267 -0.413760 0.490468 
5.298317 -0.577977 0.376881 
5.308268 -0.908387 -0.003424 
5.313206 -0.973768 -0.046328 
5.318120 -1.039612 -0.137895 
5.323010 -0.801338 0.034502 
5.327876 -0.733271 0.112206 
5.332719 -0.630760 0.270948 
5.361292 -0.491304 0.448490 
5.370638 -0.501715 0.436600 
5.375278 -0.939622 -0.020624 
5.379897 -0.868414 0.027566 
5.384495 -0.898843 0.011148 
5.389072 -0.879167 0.059065 
5.398163 -0.832412 0.049088 
5.402677 -0.697219 0.258005 
5.407172 -0.690359 0.134958 
5.411646 -0.584645 0.386586 
5.438079 -1.000450 -0.068924 
5.442418 -0.546171 0.366582 
5.451038 -1.009394 -0.051852 
5.455321 -0.700469 0.232744 
5.459586 -0.525029 0.399771 
5.468060 -0.645205 0.273911 
5.476464 -0.683249 0.256330 
5.484797 -0.560595 0.359062 
5.497168 -0.557156 0.343326 
5.509388 -0.813954 0.070022 
5.517453 -0.726992 0.251479 
5.525453 -0.732338 0.194126 
5.529429 -0.935363 -0.015928 
5.533389 -0.605003 0.376959 
5.545177 -0.838256 0.045729 
5.549076 -1.133970 -0.175608 
5.552960 -1.053197 -0.098053 
5.556828 -1.035982 -0.131159 
5.560682 -0.776355 0.153672 
5.587249 -0.879552 0.076409 
5.594711 -0.937880 0.025647 
5.613128 -0.641991 0.282915 
5.616771 -0.600947 0.312649 
5.620401 -0.731365 0.217564 
5.641907 -0.739323 0.198308 
5.648974 -0.760381 0.166078 
5.652489 -0.814452 0.153688 
5.662960 -0.812617 0.131448 
5.686975 -1.132113 -0.171786 
5.707110 -0.922715 0.004075 
5.713733 -0.877645 0.112113 
5.717028 -0.857586 0.105556 
5.739793 -0.998391 -0.032193 
5.746203 -1.319511 -0.377434 
5.755742 -0.839217 0.060073 
5.768321 -1.038716 -0.107165 
5.783825 -0.772070 0.208429 
5.796058 -1.023915 -0.044532 
5.799093 -0.866908 0.106747 
5.814131 -1.127415 -0.189868 
5.831882 -1.145398 -0.197917 
5.840642 -0.825199 0.148837 
5.860786 -0.811215 0.118468 
5.883322 -1.197370 -0.245274 
5.886104 -1.029141 -0.074436 
5.888878 -1.259887 -0.290607 
5.897154 -1.010611 -0.019697 
5.908083 -1.101832 -0.159366 
5.913503 -0.942111 0.036440 
5.926926 -1.111297 -0.131880 
5.932245 -1.168896 -0.229107 
5.940171 -1.158068 -0.160066 
5.950643 -1.097754 -0.170925 
5.961005 -1.058891 -0.105887 
5.971262 -1.055722 -0.115399 
6.006353 -1.052588 -0.099170 
6.013715 -0.974390 -0.005940 
6.018593 -1.103343 -0.140263 
6.021023 -1.019552 -0.038225 
6.028279 -1.002732 -0.049416 
6.061457 -1.209309 -0.242744 
6.095825 -1.063686 -0.106140 
6.131226 -1.060232 -0.120522 
6.135565 -1.458070 -0.478094 
6.137727 -1.027144 -0.079464 
6.146329 -1.362720 -0.372812 
6.159095 -1.156962 -0.200371 
6.167516 -1.087720 -0.131594 
6.194405 -1.195087 -0.225051 
6.226537 -1.374367 -0.406734 
6.232448 -1.164703 -0.197264 
6.236370 -1.265107 -0.290222 
6.238325 -1.345201 -0.399145 
6.240276 -1.249348 -0.263389 
6.248043 -1.208269 -0.254875 
6.261492 -1.186443 -0.232718 
6.274762 -1.424284 -0.471939 
6.369901 -1.443510 -0.458315 
6.371612 -1.367008 -0.392221 
6.378426 -1.371309 -0.411611 
6.444131 -1.579825 -0.591954 
6.495266 -1.648598 -0.654621 
6.505784 -1.752188 -0.765075 
6.677083 -1.812296 -0.830750 
6.733402 -1.904326 -0.909564 
6.801283 -1.935915 -0.957023 
6.817831 -1.959014 -0.974181 
6.839476 -2.078722 -1.092742 
7.005789 -2.276916 -1.288855 
