0.693147 -1.802809 -2.562899 
1.098612 -0.233615 -2.606425 
1.386294 -0.161366 -2.472675 
1.609438 -0.252414 -2.820579 
1.791759 -0.180051 -2.223483 
1.945910 -0.376929 -2.226787 
2.079442 -0.295117 -2.129318 
2.197225 -0.329108 -2.006445 
2.302585 -0.339878 -2.366995 
2.397895 -0.375802 -2.126656 
2.484907 -0.347073 -2.099744 
2.564949 -0.395986 -1.825949 
2.639057 -0.336208 -1.683830 
2.708050 -0.348076 -1.544471 
2.772589 -0.358099 -1.567059 
2.833213 -0.376233 -1.492571 
2.890372 -0.385807 -1.363434 
2.944439 -0.309805 -1.023005 
2.995732 -0.338959 -1.218133 
3.044522 -0.324662 -0.906423 
3.091042 -0.425047 -1.076742 
3.135494 -0.358849 -0.861416 
3.178054 -0.440299 -1.246031 
3.218876 -0.461131 -0.906196 
3.258097 -0.355046 -0.979204 
3.295837 -0.407946 -0.884777 
3.332205 -0.437320 -0.871674 
3.367296 -0.449685 -0.928857 
3.401197 -0.494883 -0.705571 
3.433987 -0.505256 -0.760859 
3.465736 -0.424156 -0.660870 
3.496508 -0.373622 -0.502015 
3.526361 -0.377316 -0.750067 
3.555348 -0.433367 -0.449635 
3.583519 -0.440007 -0.423707 
3.610918 -0.447309 -0.539509 
3.637586 -0.517610 -0.517693 
3.663562 -0.467848 -0.417170 
3.688879 -0.392378 -0.563504 
3.713572 -0.519174 -0.492633 
3.737670 -0.474302 -0.419425 
3.761200 -0.394925 -0.051311 
3.784190 -0.420764 -0.325295 
3.806662 -0.442388 -0.281000 
3.828641 -0.477601 -0.455676 
3.850148 -0.486157 -0.352450 
3.871201 -0.535263 -0.380164 
3.891820 -0.448186 -0.395938 
3.912023 -0.420344 -0.164703 
3.931826 -0.524609 -0.232940 
3.951244 -0.521201 -0.248327 
3.970292 -0.547433 -0.337608 
3.988984 -0.450192 -0.243084 
4.007333 -0.396233 -0.136898 
4.025352 -0.576635 -0.188217 
4.043051 -0.553189 -0.108523 
4.060443 -0.645897 -0.427165 
4.077537 -0.499252 -0.013543 
4.094345 -0.385837 -0.002619 
4.110874 -0.515800 -0.389410 
4.127134 -0.450318 -0.060169 
4.143135 -0.699061 -0.220903 
4.158883 -0.495264 -0.053323 
4.174387 -0.552781 -0.046181 
4.189655 -0.415249 0.071128 
4.204693 -0.290009 0.344627 
4.219508 -0.523029 0.029292 
4.234107 -0.560015 0.054286 
4.248495 -0.484141 0.019217 
4.262680 -0.683930 -0.310281 
4.276666 -0.440334 0.186430 
4.290459 -0.503053 0.066868 
4.304065 -0.304683 0.371338 
4.317488 -0.748190 -0.223357 
4.330733 -0.159097 0.686670 
4.343805 -0.596084 0.051399 
4.356709 -0.575596 -0.091000 
4.369448 -0.502061 0.089271 
4.382027 -0.481181 0.163241 
4.394449 -0.713260 -0.134898 
4.406719 -0.437814 0.136458 
4.418841 -0.234959 0.615123 
4.430817 -0.632122 0.001188 
4.442651 -0.690470 -0.390034 
4.454347 -0.416835 0.343896 
4.465908 -0.726565 -0.018067 
4.477337 -0.266215 0.447966 
4.488636 -0.643417 -0.011480 
4.499810 -0.595916 -0.017377 
4.510860 -0.653845 0.057336 
4.521789 -0.395975 0.363040 
4.532599 -0.674387 -0.207776 
4.553877 -0.485174 0.230443 
4.564348 -0.141798 0.772333 
4.574711 -0.634771 -0.047266 
4.584967 -0.624042 -0.052130 
4.595120 -0.643845 -0.204869 
4.605170 -0.587224 0.231551 
4.615121 -0.280518 0.553758 
4.624973 -0.545951 0.280228 
4.644391 -0.505487 0.179137 
4.653960 -0.617944 0.252537 
4.663439 -0.482932 0.284975 
4.672829 -0.842183 -0.160932 
4.682131 -0.440348 0.384364 
4.691348 -0.633872 0.030896 
4.700480 -0.324569 0.525828 
4.709530 -0.537276 0.148003 
4.718499 -0.529100 0.363740 
4.727388 -0.433952 0.477293 
4.736198 -0.553649 0.163569 
4.744932 -0.833226 -0.058981 
4.753590 -0.160251 0.825775 
4.762174 -0.496437 0.245962 
4.770685 -0.507982 0.138394 
4.779123 -0.463981 0.306039 
4.787492 -0.514199 0.300604 
4.795791 -0.285662 0.581379 
4.804021 -0.961155 -0.135975 
4.820282 -0.554864 0.019048 
4.828314 -0.435181 0.404985 
4.836282 -0.244159 0.672035 
4.844187 -0.480655 0.371258 
4.852030 -0.668973 0.086158 
4.859812 -0.523182 0.413338 
4.867534 -0.547091 0.385437 
4.875197 -0.473047 0.373284 
4.882802 -0.588048 0.283217 
4.890349 -0.505374 0.237495 
4.897840 -0.629948 0.229204 
4.905275 -0.587035 0.299819 
4.912655 -0.396558 0.230134 
4.919981 -0.514608 0.415828 
4.927254 -0.583847 0.227633 
4.948760 -0.864675 -0.021404 
4.955827 -0.462863 0.398073 
4.962845 -0.824854 -0.016203 
4.969813 -0.762812 -0.114907 
4.976734 -0.438897 0.565702 
4.983607 -0.306927 0.499614 
4.990433 -0.417491 0.496441 
5.003946 -0.695415 0.042661 
5.010635 -0.503870 0.274589 
5.017280 -0.833430 -0.023721 
5.023881 -0.583734 0.347278 
5.030438 -0.793615 -0.014928 
5.036953 -0.687061 0.308148 
5.043425 -0.397477 0.524202 
5.049856 -0.433629 0.430043 
5.056246 -0.535513 0.345579 
5.062595 -0.727138 0.099290 
5.068904 -0.573385 0.397688 
5.075174 -0.590091 0.327884 
5.087596 -0.862562 -0.098590 
5.093750 -0.684875 0.259781 
5.099866 -0.550522 0.358196 
5.111988 -0.265222 0.683971 
5.117994 -0.424870 0.364962 
5.123964 -0.306013 0.647564 
5.129899 -0.282268 0.688472 
5.135798 -0.520156 0.369575 
5.147494 -0.414069 0.651528 
5.153292 -0.468258 0.495026 
5.164786 -0.989998 -0.116353 
5.176150 -0.569485 0.358781 
5.181784 -0.697973 0.254615 
5.187386 -0.617734 0.167524 
5.192957 -0.340497 0.613353 
5.209486 -1.489388 -0.618816 
5.214936 -0.418388 0.548693 
5.225747 -0.522848 0.435260 
5.236442 -0.682267 0.258705 
5.241747 -0.701703 0.288823 
5.247024 -0.195967 0.810941 
5.252273 -0.933223 0.009731 
5.267858 -0.634804 0.177934 
5.278115 -0.494960 0.529499 
5.283204 -0.472028 0.424665 
5.293305 -0.467430 0.469115 
5.303305 -0.694021 0.296090 
5.308268 -0.214914 0.743078 
5.313206 -0.521840 0.477529 
5.318120 -0.520978 0.490017 
5.327876 -0.613655 0.284544 
5.332719 -0.682305 0.354278 
5.337538 -0.856071 0.149055 
5.342334 -0.563354 0.394571 
5.347108 -0.208150 0.786099 
5.351858 -0.499775 0.434351 
5.361292 -0.549674 0.353843 
5.365976 -0.799369 0.235404 
5.370638 -0.477714 0.548127 
5.379897 -1.093215 -0.303547 
5.384495 -0.538296 0.483796 
5.393628 -0.401251 0.595291 
5.398163 -0.238379 0.750201 
5.411646 -0.468189 0.460154 
5.416100 -0.307394 0.626541 
5.420535 -0.542949 0.443730 
5.424950 -0.591231 0.260730 
5.429346 -0.630796 0.372230 
5.433722 -0.450735 0.517847 
5.438079 -0.685860 0.237083 
5.446737 -0.884476 0.037835 
5.455321 -0.525825 0.473772 
5.459586 -0.242412 0.758657 
5.472271 -0.808632 0.189262 
5.476464 -0.696588 0.251178 
5.480639 -0.762376 0.251058 
5.484797 -0.692163 0.275719 
5.488938 -0.449764 0.540547 
5.497168 -0.798350 0.197841 
5.505332 -0.714147 0.299378 
5.509388 -0.378053 0.645575 
5.517453 -0.370640 0.671819 
5.525453 -0.498249 0.563886 
5.529429 -0.450454 0.558477 
5.533389 -0.718224 0.269268 
5.537334 -0.461748 0.525944 
5.541264 -0.642860 0.325826 
5.545177 -0.814087 0.190413 
5.556828 -0.669712 0.330416 
5.564520 -0.540075 0.471008 
5.568345 -0.698482 0.293726 
5.572154 -0.557576 0.474571 
5.579730 -0.777848 0.153922 
5.587249 -1.015588 0.000558 
5.590987 -0.666397 0.356771 
5.594711 -0.673977 0.330249 
5.609472 -0.318799 0.707511 
5.620401 -0.398791 0.595659 
5.624018 -0.370651 0.647242 
5.631212 -0.406620 0.660390 
5.634790 -0.719508 0.252466 
5.652489 -0.581644 0.464853 
5.655992 -0.791550 0.236139 
5.659482 -0.492441 0.531122 
5.676754 -0.421252 0.581567 
5.680173 -0.782077 0.243082 
5.683580 -0.859518 0.180436 
5.697093 -0.601275 0.361632 
5.700444 -0.582954 0.471747 
5.703782 -0.947439 -0.022568 
5.707110 -0.438358 0.552240 
5.717028 -0.653454 0.330499 
5.720312 -0.525942 0.485973 
5.726848 -0.590136 0.455930 
5.730100 -0.756227 0.278659 
5.733341 -0.798057 0.228388 
5.739793 -0.486877 0.519220 
5.749393 -0.767086 0.278008 
5.755742 -0.770575 0.276381 
5.768321 -0.540998 0.486825 
5.771441 -1.000825 -0.027519 
5.774552 -0.612233 0.342235 
5.780744 -0.533587 0.516477 
5.786897 -0.654146 0.397357 
5.793014 -0.676239 0.276365 
5.799093 -0.792249 0.248317 
5.802118 -0.737535 0.319080 
5.805135 -0.700710 0.275588 
5.808142 -0.613608 0.439045 
5.820083 -0.829453 0.156633 
5.837730 -0.807932 0.231088 
5.840642 -0.736239 0.324102 
5.843544 -0.682417 0.368026 
5.849325 -1.052801 -0.016360 
5.852202 -0.531822 0.513597 
5.855072 -0.445323 0.566875 
5.863631 -0.581384 0.449800 
5.869297 -0.727431 0.329158 
5.877736 -0.816320 0.200299 
5.897154 -0.738295 0.261279 
5.899897 -0.543139 0.466905 
5.902633 -0.735606 0.306784 
5.913503 -0.460319 0.589163 
5.924256 -0.516811 0.506705 
5.929589 -0.537300 0.474205 
5.945421 -0.587734 0.448269 
5.948035 -0.840710 0.191637 
5.953243 -0.927602 0.110628 
5.955837 -0.543240 0.477381 
5.958425 -0.954530 -0.031875 
5.963579 -0.571390 0.448553 
5.973810 -0.700879 0.329460 
5.978886 -0.819005 0.215687 
5.983936 -0.645678 0.385059 
5.993961 -0.673536 0.392234 
5.998937 -0.624609 0.400559 
6.008813 -1.034407 0.026709 
6.011267 -0.692297 0.334330 
6.016157 -0.608001 0.415112 
6.025866 -0.979424 0.087343 
6.028279 -0.826258 0.207271 
6.033086 -0.959267 0.056832 
6.042633 -0.695905 0.368582 
6.045005 -0.832187 0.229804 
6.049733 -0.803060 0.249589 
6.066108 -0.755160 0.296523 
6.075346 -0.913861 0.153610 
6.089045 -0.846467 0.238859 
6.093570 -0.695883 0.351286 
6.102559 -0.864300 0.206632 
6.115892 -0.852568 0.204626 
6.122493 -0.780723 0.261626 
6.152733 -0.787175 0.224812 
6.156979 -0.880041 0.148506 
6.196444 -0.890440 0.146466 
6.208590 -1.045152 0.026246 
6.222576 -0.983584 0.082148 
6.224558 -1.226660 -0.165556 
6.226537 -1.022761 0.026739 
6.236370 -1.008415 0.075415 
6.242223 -0.825652 0.242214 
6.244167 -0.841285 0.219065 
6.246107 -0.983210 0.095073 
6.248043 -0.865517 0.177483 
6.259581 -0.803689 0.241383 
6.270988 -0.896833 0.166472 
6.278521 -1.007764 0.075779 
6.285998 -0.885416 0.169422 
6.304449 -1.068327 0.002342 
6.331502 -0.862972 0.175045 
6.336826 -1.046206 0.001516 
6.343880 -1.015859 0.037758 
6.347389 -0.877289 0.180414 
6.366470 -1.174594 -0.114131 
6.373320 -1.064883 0.021946 
6.381816 -1.127112 -0.068606 
6.383507 -1.106294 -0.053768 
6.401917 -0.983428 0.062151 
6.406880 -1.065197 -0.006123 
6.428105 -1.188463 -0.129884 
6.431331 -1.135824 -0.057682 
6.432940 -1.067687 -0.009997 
6.436150 -1.091082 -0.049267 
6.439350 -1.131318 -0.063225 
6.444131 -1.169595 -0.098477 
6.448889 -1.231608 -0.153708 
6.452049 -1.151882 -0.081603 
6.499787 -1.199296 -0.162424 
6.523562 -1.083388 -0.032560 
6.558198 -1.119344 -0.064573 
6.565265 -1.405716 -0.335150 
6.576470 -1.289764 -0.226496 
6.583409 -1.180034 -0.118166 
6.584791 -1.184288 -0.109745 
6.593045 -1.188898 -0.149326 
6.618739 -1.197272 -0.126379 
6.629363 -1.269775 -0.219300 
6.632002 -1.358729 -0.322101 
6.642487 -1.371401 -0.293971 
6.647688 -1.249547 -0.186791 
6.650279 -1.363639 -0.325654 
6.684612 -1.393222 -0.329638 
6.687109 -1.327690 -0.275315 
6.733402 -1.399963 -0.327452 
6.766192 -1.415241 -0.358891 
6.782192 -1.522981 -0.452070 
6.839476 -1.562020 -0.497435 
6.911747 -1.754709 -0.678592 
6.924612 -1.744080 -0.665086 
6.979145 -1.809731 -0.749802 
7.024649 -1.777475 -0.709442 
7.095893 -1.910871 -0.831987 
7.126087 -1.878028 -0.813302 
7.152269 -1.970824 -0.902656 
7.175490 -2.085714 -1.011092 
7.319202 -2.242680 -1.174525 
