0.693147 -2.044102 -2.928353 
1.098612 -0.184386 -2.720451 
1.386294 -0.307240 -3.429077 
1.609438 -0.423903 -2.902270 
1.791759 -0.316406 -2.540724 
1.945910 -0.412457 -2.556408 
2.079442 -0.369678 -2.438355 
2.197225 -0.454464 -2.236933 
2.302585 -0.394655 -2.170243 
2.397895 -0.463568 -2.183912 
2.484907 -0.469792 -2.142314 
2.564949 -0.456682 -1.934219 
2.639057 -0.400865 -1.771469 
2.708050 -0.479512 -1.624515 
2.772589 -0.472759 -1.608860 
2.833213 -0.445315 -1.558343 
2.890372 -0.484217 -1.653266 
2.944439 -0.444701 -1.453771 
2.995732 -0.504066 -1.524701 
3.044522 -0.445022 -1.328480 
3.091042 -0.508247 -1.288233 
3.135494 -0.445327 -1.141174 
3.178054 -0.430279 -0.983571 
3.218876 -0.476177 -1.141199 
3.258097 -0.528723 -0.969856 
3.295837 -0.462547 -0.839654 
3.332205 -0.562399 -0.917178 
3.367296 -0.443503 -0.861806 
3.401197 -0.495365 -0.905050 
3.433987 -0.495655 -0.737391 
3.465736 -0.395208 -0.526459 
3.496508 -0.466620 -0.536977 
3.526361 -0.523799 -0.804394 
3.555348 -0.522061 -0.646027 
3.583519 -0.555780 -0.635451 
3.610918 -0.576890 -0.711084 
3.637586 -0.444625 -0.314606 
3.663562 -0.541545 -0.663963 
3.688879 -0.586403 -0.700837 
3.713572 -0.577697 -0.376936 
3.737670 -0.488298 -0.615787 
3.761200 -0.585098 -0.503523 
3.784190 -0.426871 -0.305072 
3.806662 -0.517566 -0.465243 
3.828641 -0.602838 -0.520709 
3.850148 -0.469035 -0.269926 
3.871201 -0.442615 -0.236630 
3.891820 -0.772923 -0.670243 
3.912023 -0.518069 -0.267965 
3.931826 -0.359572 0.080612 
3.951244 -0.463638 -0.563671 
3.970292 -0.534243 -0.184422 
3.988984 -0.636284 -0.398702 
4.007333 -0.581147 -0.366699 
4.025352 -0.599399 -0.372909 
4.043051 -0.553376 -0.433278 
4.060443 -0.537343 -0.216120 
4.077537 -0.520780 -0.542150 
4.094345 -0.446768 0.129853 
4.110874 -0.879079 -0.681195 
4.127134 -0.782827 -0.418209 
4.143135 -0.501865 -0.113640 
4.158883 -0.660404 -0.414079 
4.174387 -0.483288 -0.136327 
4.189655 -0.445653 -0.008596 
4.204693 -0.508437 0.053408 
4.219508 -0.507343 0.033034 
4.234107 -0.516007 -0.028919 
4.248495 -0.663685 -0.196367 
4.262680 -0.785340 -0.354177 
4.276666 -0.555454 0.020509 
4.290459 -0.679856 -0.268233 
4.304065 -0.600266 -0.097728 
4.317488 -0.492503 0.094898 
4.330733 -0.449480 0.116930 
4.343805 -0.781604 -0.303889 
4.356709 -0.514594 0.054685 
4.369448 -0.593080 -0.351347 
4.382027 -0.609711 0.041013 
4.394449 -0.941515 -0.510449 
4.406719 -0.718583 -0.212139 
4.418841 -0.602670 0.058963 
4.430817 -0.737243 -0.448517 
4.442651 -0.747056 -0.262344 
4.454347 -0.643030 -0.136928 
4.465908 -0.522812 0.065808 
4.477337 -0.910265 -0.484181 
4.488636 -0.590575 -0.015659 
4.499810 -0.770353 -0.102337 
4.510860 -0.759771 -0.300314 
4.521789 -0.493672 0.161725 
4.532599 -0.702957 -0.384438 
4.543295 -0.618670 -0.394457 
4.553877 -0.651582 -0.044934 
4.564348 -0.684442 -0.001477 
4.584967 -0.822293 -0.267671 
4.595120 -0.218668 0.208410 
4.605170 -0.592952 -0.037407 
4.615121 -0.561627 -0.155196 
4.624973 -0.459717 -0.113813 
4.634729 -0.445066 0.050133 
4.644391 -0.651769 -0.167174 
4.653960 -0.514248 0.115958 
4.663439 -0.624435 0.030172 
4.691348 -0.352275 0.377337 
4.700480 -0.369052 -0.004767 
4.709530 -0.812359 -0.186508 
4.718499 -0.635143 -0.042075 
4.727388 -0.431364 0.260174 
4.736198 -1.090230 -0.417688 
4.744932 -0.431155 0.146753 
4.753590 -0.536077 0.206599 
4.762174 -0.474800 0.221215 
4.770685 -0.261215 0.562500 
4.787492 -0.507063 0.216088 
4.795791 -0.584980 0.072041 
4.812184 -0.613291 0.082348 
4.820282 -0.798927 -0.067144 
4.828314 -0.855882 -0.214229 
4.844187 -0.635205 -0.268086 
4.852030 -0.333340 0.410561 
4.859812 -0.677729 -0.070920 
4.867534 -1.083153 -0.586436 
4.882802 -0.899582 -0.219723 
4.890349 -0.749391 -0.038817 
4.897840 -0.961053 -0.211549 
4.912655 -0.646229 0.004826 
4.919981 -0.628786 -0.056763 
4.934474 -0.672198 0.082612 
4.941642 -0.667503 0.078811 
4.955827 -0.716592 0.043649 
4.962845 -0.620372 0.017024 
4.969813 -0.934776 -0.242103 
4.983607 -0.379817 0.452935 
4.990433 -0.288150 0.456365 
4.997212 -0.293375 0.440076 
5.003946 -0.450058 0.288229 
5.010635 -0.671081 0.013381 
5.017280 -0.688759 0.048818 
5.030438 -0.540556 0.096456 
5.036953 -0.398197 0.365000 
5.043425 -0.266181 0.556586 
5.049856 -0.604131 0.052408 
5.056246 -0.885458 -0.175289 
5.062595 -0.660860 0.039165 
5.075174 -1.257826 -0.539385 
5.093750 -0.362690 0.439868 
5.099866 -0.631069 0.215725 
5.111988 -0.309966 0.472964 
5.117994 -0.701947 0.037511 
5.123964 -0.487062 0.305686 
5.129899 -0.607309 0.119844 
5.135798 -0.472608 0.361536 
5.141664 -0.593349 0.063387 
5.153292 -0.452341 0.341235 
5.159055 -0.481018 0.200303 
5.170484 -0.699666 -0.013834 
5.181784 -0.752646 0.018232 
5.204007 -1.146936 -0.347041 
5.209486 -0.549709 0.335312 
5.220356 -0.903617 -0.054275 
5.231109 -0.757234 0.062937 
5.247024 -0.662053 0.104733 
5.252273 -0.537109 0.365576 
5.257495 -0.725395 0.102439 
5.262690 -0.644853 0.140555 
5.273000 -0.814241 -0.183448 
5.293305 -0.683636 0.097334 
5.298317 -0.520402 0.308581 
5.308268 -0.437477 0.324319 
5.313206 -0.829451 0.022519 
5.323010 -0.729445 -0.016598 
5.327876 -0.994078 -0.120780 
5.332719 -1.360977 -0.518360 
5.342334 -0.450649 0.371075 
5.347108 -0.449086 0.408421 
5.351858 -0.445778 0.343387 
5.356586 -0.502203 0.327294 
5.361292 -0.819333 0.028685 
5.375278 -1.045723 -0.226979 
5.379897 -0.820458 0.056548 
5.384495 -0.973444 -0.264513 
5.389072 -0.821511 -0.082743 
5.393628 -1.075820 -0.258058 
5.398163 -1.144512 -0.257282 
5.407172 -0.583029 0.199335 
5.420535 -0.417397 0.425595 
5.424950 -0.738086 0.068310 
5.429346 -0.774089 0.059593 
5.433722 -0.686203 0.152553 
5.438079 -0.879870 -0.070442 
5.442418 -1.000376 -0.278011 
5.459586 -0.529030 0.359719 
5.468060 -0.590435 0.218165 
5.472271 -0.424025 0.396979 
5.480639 -1.038534 -0.126276 
5.497168 -0.936022 -0.116824 
5.501258 -0.542390 0.286761 
5.505332 -0.496947 0.311238 
5.521461 -0.734387 0.109456 
5.525453 -0.743845 0.106033 
5.541264 -0.775194 0.121034 
5.556828 -0.821998 0.001958 
5.568345 -0.827128 0.012471 
5.575949 -0.739860 0.094886 
5.587249 -1.096492 -0.238954 
5.590987 -0.668278 0.187416 
5.594711 -1.195142 -0.381035 
5.605802 -0.828398 0.029695 
5.609472 -0.631146 0.173726 
5.624018 -0.765392 0.072493 
5.631212 -0.701745 0.162502 
5.634790 -0.849624 -0.008583 
5.641907 -0.726466 0.203703 
5.648974 -0.665289 0.165928 
5.652489 -1.259180 -0.402382 
5.662960 -0.582285 0.235087 
5.666427 -0.715891 0.082880 
5.669881 -0.921316 -0.096198 
5.680173 -0.879234 -0.025829 
5.683580 -0.966491 -0.096697 
5.686975 -0.623857 0.197407 
5.693732 -0.625471 0.212296 
5.700444 -0.788761 0.095832 
5.707110 -0.789790 0.029445 
5.717028 -0.653700 0.195794 
5.730100 -1.081293 -0.171983 
5.733341 -0.681908 0.143603 
5.743003 -0.880250 -0.062527 
5.749393 -1.103860 -0.222593 
5.758902 -0.918742 -0.021641 
5.762051 -0.906419 -0.073373 
5.780744 -0.833379 0.021057 
5.808142 -0.868470 -0.026837 
5.860786 -1.001203 -0.144685 
5.866468 -0.708385 0.134078 
5.872118 -1.055558 -0.154631 
5.874931 -0.945400 -0.053660 
5.883322 -1.060516 -0.178088 
5.888878 -0.923207 -0.061971 
5.891644 -1.073506 -0.162457 
5.897154 -0.862687 0.021298 
5.899897 -0.915758 -0.073093 
5.955837 -0.997404 -0.131703 
5.968708 -1.285598 -0.457482 
5.971262 -1.231028 -0.340433 
5.976351 -1.140760 -0.275351 
5.986452 -1.067021 -0.155355 
6.001415 -1.036052 -0.167471 
6.006353 -0.873206 -0.047050 
6.013715 -0.991142 -0.117319 
6.018593 -1.056506 -0.180812 
6.045005 -1.123070 -0.248357 
6.052089 -1.100582 -0.189820 
6.066108 -0.981570 -0.106879 
6.075346 -1.250035 -0.408633 
6.100319 -0.982334 -0.101183 
6.113682 -1.248423 -0.376307 
6.115892 -0.931779 -0.090222 
6.131226 -1.287428 -0.391903 
6.135565 -1.010292 -0.141863 
6.142037 -1.094300 -0.218442 
6.146329 -1.200638 -0.283568 
6.156979 -1.077958 -0.203653 
6.165418 -1.171137 -0.327634 
6.177944 -0.985899 -0.107798 
6.186209 -1.409438 -0.500072 
6.198479 -1.101866 -0.217024 
6.244167 -1.334652 -0.430291 
6.257668 -1.194800 -0.316865 
6.272877 -1.183826 -0.313968 
6.276643 -1.227677 -0.381844 
6.293419 -1.314985 -0.425585 
6.318968 -1.362656 -0.503911 
6.324359 -1.374290 -0.517951 
6.347389 -1.210688 -0.336536 
6.356108 -1.323189 -0.427963 
6.386879 -1.310514 -0.447883 
6.418365 -1.384119 -0.474925 
6.432940 -1.488987 -0.588082 
6.437752 -1.361962 -0.483388 
6.442540 -1.397805 -0.514078 
6.469250 -1.549753 -0.639947 
6.535241 -1.621208 -0.716476 
6.762730 -1.829117 -0.934277 
6.796824 -1.881791 -0.982190 
6.802395 -1.904643 -0.995433 
6.854355 -1.876678 -0.978026 
6.921658 -2.029479 -1.133058 
7.082549 -2.298253 -1.395205 
