0.693147 -1.982815 -3.273495 
1.098612 -0.239601 -2.780182 
1.386294 -0.287682 -2.911536 
1.609438 -0.388618 -2.925284 
1.791759 -0.344738 -2.834065 
1.945910 -0.446826 -2.703984 
2.079442 -0.428375 -2.436957 
2.197225 -0.476979 -2.414968 
2.302585 -0.432823 -2.481038 
2.397895 -0.422304 -2.121396 
2.484907 -0.413290 -1.957636 
2.564949 -0.448957 -1.893747 
2.639057 -0.484524 -1.809686 
2.708050 -0.458391 -1.492197 
2.772589 -0.414540 -1.474583 
2.833213 -0.517188 -1.771214 
2.890372 -0.483928 -1.656307 
2.944439 -0.494431 -1.758205 
2.995732 -0.431013 -1.298081 
3.044522 -0.502012 -1.120769 
3.091042 -0.480399 -1.032545 
3.135494 -0.497767 -1.422131 
3.178054 -0.472555 -0.812851 
3.218876 -0.545708 -1.064155 
3.258097 -0.485021 -0.901593 
3.295837 -0.488766 -0.874242 
3.332205 -0.551516 -1.140338 
3.367296 -0.488102 -0.798562 
3.401197 -0.481611 -0.572704 
3.433987 -0.527484 -0.896556 
3.465736 -0.408105 -0.525533 
3.496508 -0.532796 -0.722863 
3.526361 -0.473029 -0.537333 
3.555348 -0.568455 -0.639831 
3.583519 -0.424900 -0.269154 
3.610918 -0.808544 -1.018863 
3.637586 -0.596872 -0.911716 
3.663562 -0.440414 -0.337394 
3.688879 -0.591578 -0.675748 
3.713572 -0.736873 -0.846108 
3.737670 -0.623511 -0.466600 
3.761200 -0.357818 -0.302876 
3.784190 -0.508747 -0.251572 
3.806662 -0.649484 -0.724752 
3.828641 -0.559508 -0.457377 
3.850148 -0.358342 0.071539 
3.871201 -0.557476 -0.486208 
3.891820 -0.714793 -0.592150 
3.912023 -0.613380 -0.300696 
3.931826 -0.475672 -0.282966 
3.951244 -0.515710 -0.128877 
3.970292 -0.487966 -0.155796 
3.988984 -0.597076 -0.219780 
4.007333 -0.489429 -0.201251 
4.025352 -0.677873 -0.572592 
4.043051 -0.579457 -0.357727 
4.060443 -0.855138 -0.701679 
4.077537 -0.749764 -0.363983 
4.094345 -0.562771 -0.041927 
4.110874 -0.586341 -0.137014 
4.127134 -0.562415 -0.184867 
4.143135 -0.878821 -0.357745 
4.158883 -0.697841 -0.364281 
4.174387 -0.744115 -0.346953 
4.189655 -0.719601 -0.222087 
4.204693 -0.728621 -0.123562 
4.219508 -0.405397 0.032799 
4.234107 -0.582919 -0.124903 
4.248495 -0.628472 -0.085096 
4.262680 -0.423580 0.040048 
4.276666 -0.485855 0.416583 
4.290459 -0.737607 -0.812904 
4.304065 -0.651319 -0.125401 
4.317488 -0.805313 -0.306016 
4.330733 -0.837506 -0.267519 
4.343805 -0.710782 -0.131622 
4.356709 -0.650180 0.036281 
4.382027 -1.304997 -0.900754 
4.394449 -0.648163 -0.060351 
4.406719 -0.370040 0.294488 
4.418841 -0.513468 -0.124761 
4.430817 -0.698340 -0.241929 
4.442651 -0.474191 0.035557 
4.454347 -0.372303 0.039594 
4.465908 -0.587724 -0.004054 
4.477337 -0.592054 -0.227766 
4.488636 -0.694848 0.021408 
4.499810 -0.668537 -0.002019 
4.510860 -0.542746 0.018566 
4.521789 -0.763339 -0.111064 
4.532599 -0.642410 0.094341 
4.543295 -0.292591 0.319486 
4.553877 -0.629900 0.133236 
4.564348 -0.799943 -0.211426 
4.574711 -0.866131 -0.194065 
4.584967 -0.649951 0.051164 
4.595120 -0.522098 0.038722 
4.605170 -0.382750 0.140502 
4.615121 -0.194989 0.563700 
4.624973 -0.508790 0.006183 
4.634729 -1.104905 -0.423192 
4.644391 -0.842481 0.046590 
4.653960 -0.557427 -0.030185 
4.663439 -1.400675 -0.970799 
4.672829 -0.476803 0.199711 
4.682131 -0.539403 0.198166 
4.691348 -0.505668 -0.055524 
4.700480 -0.814203 -0.307005 
4.709530 -0.345809 0.349116 
4.718499 -0.837397 -0.114718 
4.727388 -0.876167 -0.119957 
4.736198 -0.515784 0.106880 
4.762174 -0.653951 -0.000003 
4.770685 -0.524869 0.445546 
4.779123 -0.807515 0.011575 
4.787492 -0.714425 0.110175 
4.804021 -0.734374 0.098446 
4.812184 -0.462242 0.392472 
4.820282 -0.923164 -0.046368 
4.828314 -0.591582 0.197672 
4.836282 -0.455617 0.317825 
4.844187 -0.658776 0.304497 
4.852030 -0.781228 0.076623 
4.859812 -0.461118 0.278633 
4.867534 -0.602377 0.281191 
4.875197 -0.648973 -0.105766 
4.882802 -0.806637 0.031354 
4.897840 -0.342895 0.384804 
4.905275 -0.646360 0.236015 
4.919981 -1.237677 -0.528073 
4.927254 -0.253572 0.558462 
4.934474 -0.639168 0.268484 
4.948760 -0.941072 -0.369045 
4.955827 -0.742590 -0.182411 
4.969813 -0.465767 0.438542 
4.983607 -0.634515 0.176916 
4.997212 -0.324344 0.511027 
5.003946 -0.341031 0.348457 
5.010635 -0.693577 -0.048035 
5.017280 -0.705139 0.175841 
5.030438 -0.678371 0.218046 
5.036953 -0.749625 0.117229 
5.043425 -0.548920 0.316378 
5.049856 -0.354285 0.597332 
5.056246 -0.668230 0.119407 
5.062595 -0.445175 0.381635 
5.068904 -0.569496 0.152004 
5.075174 -0.680770 0.080516 
5.087596 -1.036308 -0.128589 
5.093750 -1.183985 -0.384144 
5.099866 -0.800967 0.101680 
5.111988 -0.422718 0.279869 
5.117994 -0.500501 0.491220 
5.123964 -0.739490 0.181198 
5.129899 -0.720179 -0.021924 
5.135798 -0.660328 0.180008 
5.153292 -0.634688 0.362320 
5.164786 -1.189069 -0.296531 
5.170484 -0.388931 0.473526 
5.176150 -0.669153 0.138001 
5.187386 -0.461960 0.469009 
5.231109 -0.726922 0.047187 
5.236442 -1.404144 -0.387842 
5.241747 -0.744418 0.205475 
5.247024 -0.767808 0.169077 
5.252273 -0.658391 0.372844 
5.257495 -0.823515 0.077322 
5.273000 -0.600669 0.320344 
5.278115 -0.921519 0.070401 
5.293305 -0.788748 -0.116586 
5.298317 -0.390021 0.470148 
5.303305 -0.773688 0.025346 
5.308268 -0.635789 0.229351 
5.318120 -0.530194 0.326990 
5.323010 -0.962282 -0.143549 
5.327876 -0.455609 0.415994 
5.332719 -0.899021 -0.017048 
5.337538 -0.990586 -0.056572 
5.342334 -1.030509 -0.327313 
5.351858 -0.902419 0.022339 
5.361292 -0.623578 0.314686 
5.384495 -0.860677 0.084500 
5.402677 -0.490866 0.486255 
5.407172 -0.700604 0.226278 
5.429346 -0.752261 0.005796 
5.433722 -0.613342 0.263325 
5.442418 -0.538973 0.303654 
5.451038 -1.127177 -0.149453 
5.455321 -1.056755 -0.118157 
5.459586 -0.592270 0.371244 
5.468060 -0.705048 0.234015 
5.476464 -1.074948 -0.099058 
5.480639 -1.103154 -0.212687 
5.484797 -1.140913 -0.211642 
5.488938 -0.708623 0.340087 
5.497168 -0.522766 0.345223 
5.509388 -0.786803 0.166970 
5.521461 -0.787186 0.094387 
5.541264 -0.586288 0.290392 
5.545177 -0.521886 0.435834 
5.556828 -0.911756 0.034086 
5.564520 -0.767241 0.148904 
5.568345 -0.539484 0.365353 
5.572154 -0.797631 0.159530 
5.583496 -0.717520 0.147352 
5.587249 -1.011051 -0.100030 
5.590987 -0.812790 0.201831 
5.594711 -0.664621 0.194372 
5.598422 -0.660797 0.271640 
5.602119 -0.783056 0.231239 
5.616771 -0.699684 0.236203 
5.624018 -0.889479 0.064010 
5.645447 -1.039597 -0.044074 
5.652489 -0.742060 0.191175 
5.655992 -0.697626 0.217148 
5.673323 -1.017346 -0.039450 
5.686975 -0.635754 0.293183 
5.690359 -0.956246 -0.020871 
5.700444 -1.086245 -0.050778 
5.703782 -0.628384 0.373535 
5.710427 -0.917111 -0.042299 
5.717028 -0.804359 0.126505 
5.730100 -0.814603 0.138351 
5.736572 -0.958290 0.047092 
5.771441 -0.978771 -0.053256 
5.817111 -0.710459 0.214005 
5.828946 -1.113795 -0.192745 
5.846439 -1.041389 -0.146964 
5.849325 -0.862694 0.097803 
5.852202 -0.791436 0.282634 
5.880533 -1.084525 -0.089204 
5.897154 -0.896521 0.076544 
5.910797 -0.870244 0.049872 
5.913503 -1.066208 -0.049370 
5.932245 -0.995218 -0.035851 
5.950643 -1.112731 -0.092035 
5.963579 -1.145176 -0.118890 
5.976351 -1.173187 -0.147939 
5.983936 -1.107364 -0.123838 
5.986452 -1.138266 -0.201204 
5.996452 -1.030402 -0.035500 
5.998937 -1.051781 -0.063598 
6.021023 -0.757602 0.300887 
6.042633 -0.920362 0.048336 
6.049733 -1.161163 -0.142432 
6.059123 -0.955545 -0.017552 
6.066108 -1.157214 -0.164929 
6.073045 -1.220712 -0.218900 
6.075346 -1.054407 -0.074447 
6.086775 -1.337640 -0.313807 
6.089045 -1.167711 -0.189418 
6.098074 -1.056265 -0.087599 
6.109248 -1.020912 -0.048281 
6.126869 -0.973803 -0.017816 
6.150603 -1.153386 -0.154443 
6.180017 -1.320909 -0.337453 
6.184149 -1.267093 -0.304165 
6.192362 -1.373343 -0.382677 
6.208590 -1.236961 -0.263532 
6.228511 -1.119457 -0.174389 
6.255750 -1.323510 -0.342362 
6.274762 -1.172408 -0.195616 
6.278521 -1.256022 -0.273153 
6.327937 -1.329801 -0.332852 
6.331502 -0.915614 0.112051 
6.364751 -1.304449 -0.334039 
6.373320 -1.389452 -0.394237 
6.400257 -1.421957 -0.442270 
6.405228 -1.527992 -0.519849 
6.423247 -1.412806 -0.426236 
6.463029 -1.662121 -0.650145 
6.483107 -1.665671 -0.656210 
6.659294 -1.793043 -0.793351 
6.745236 -1.903884 -0.896144 
6.747587 -1.369397 -0.335155 
6.790097 -1.956527 -0.937255 
6.827629 -1.913760 -0.920499 
6.880384 -2.027648 -1.030159 
7.050989 -2.274012 -1.269515 
