0.693147 -2.071598 -3.171520 
1.098612 -0.349585 -2.997433 
1.386294 -0.278380 -3.068131 
1.609438 -0.352630 -2.531227 
1.791759 -0.370780 -2.859450 
1.945910 -0.452412 -2.728300 
2.079442 -0.406700 -2.835975 
2.197225 -0.407971 -2.463008 
2.302585 -0.412573 -2.093629 
2.397895 -0.475434 -2.340300 
2.484907 -0.415557 -2.198588 
2.564949 -0.435423 -1.943479 
2.639057 -0.422722 -1.674114 
2.708050 -0.463395 -1.634685 
2.772589 -0.403776 -1.589936 
2.833213 -0.391491 -1.290131 
2.890372 -0.509177 -1.390533 
2.944439 -0.457870 -1.433922 
2.995732 -0.515494 -1.491852 
3.044522 -0.496084 -1.204574 
3.091042 -0.527032 -1.346061 
3.135494 -0.610024 -1.310934 
3.178054 -0.461963 -1.244171 
3.218876 -0.474179 -0.885463 
3.258097 -0.396717 -0.634352 
3.295837 -0.483178 -0.888764 
3.332205 -0.532111 -1.070563 
3.367296 -0.508240 -0.893859 
3.401197 -0.503902 -0.690856 
3.433987 -0.489536 -0.790219 
3.465736 -0.461206 -0.434749 
3.496508 -0.554825 -0.945694 
3.526361 -0.503576 -0.495130 
3.555348 -0.432040 -0.185974 
3.583519 -0.496764 -0.592833 
3.610918 -0.527369 -0.730818 
3.637586 -0.491641 -0.500763 
3.663562 -0.597536 -0.486620 
3.688879 -0.432456 -0.145930 
3.713572 -0.518628 -0.622595 
3.737670 -0.378023 -0.406636 
3.761200 -0.570510 -0.647136 
3.784190 -0.546575 -0.406988 
3.806662 -0.553817 -0.249401 
3.828641 -0.602973 -0.408688 
3.850148 -0.485263 -0.073669 
3.871201 -0.550413 -0.341560 
3.891820 -0.708117 -0.290182 
3.912023 -0.409156 0.033938 
3.931826 -0.431670 0.009083 
3.951244 -0.716604 -0.532384 
3.970292 -0.597268 -0.307418 
3.988984 -0.485116 -0.135110 
4.007333 -0.444133 -0.049799 
4.025352 -0.505170 -0.081781 
4.043051 -0.659624 -0.331114 
4.060443 -0.687504 -0.443957 
4.077537 -0.507028 -0.174221 
4.094345 -0.606235 0.003085 
4.110874 -0.653648 -0.326754 
4.127134 -0.480756 -0.068363 
4.143135 -0.766695 -0.483233 
4.158883 -0.657255 -0.252927 
4.174387 -0.438914 0.215763 
4.189655 -0.598307 -0.099039 
4.204693 -0.600334 0.111781 
4.219508 -0.603668 -0.112960 
4.234107 -0.536054 0.007891 
4.248495 -0.833372 -0.169117 
4.262680 -0.352706 0.393434 
4.276666 -0.615357 0.055398 
4.290459 -0.399150 0.358906 
4.304065 -0.605546 -0.031281 
4.330733 -0.422424 0.266027 
4.343805 -0.500545 0.101463 
4.356709 -0.889857 -0.291759 
4.369448 -0.482879 0.171206 
4.382027 -0.809960 -0.211030 
4.394449 -0.572208 0.230684 
4.406719 -0.712942 -0.227246 
4.430817 -0.756951 -0.159054 
4.442651 -0.378316 0.272175 
4.454347 -0.488832 0.218488 
4.465908 -0.965615 -0.360211 
4.477337 -0.559979 0.134984 
4.488636 -0.555254 0.137238 
4.499810 -0.563796 0.015810 
4.510860 -0.358152 0.365796 
4.521789 -0.595107 0.015882 
4.532599 -0.541097 0.139100 
4.553877 -0.677527 0.040740 
4.564348 -0.647971 0.049475 
4.584967 -0.778887 -0.068453 
4.595120 -0.650550 0.096051 
4.605170 -0.558500 0.071342 
4.624973 -0.542687 0.112632 
4.634729 -0.144250 0.680420 
4.644391 -0.576691 0.182392 
4.653960 -0.941628 -0.216860 
4.663439 -0.660117 -0.052849 
4.672829 -0.915613 -0.379578 
4.682131 -0.414058 0.347974 
4.691348 -0.399404 0.316259 
4.700480 -0.511972 0.053607 
4.709530 -0.664586 0.158767 
4.718499 -0.569767 0.177220 
4.727388 -0.234020 0.515338 
4.736198 -0.364430 0.376251 
4.744932 -0.611473 0.033835 
4.753590 -0.540009 0.112705 
4.762174 -0.392214 0.465500 
4.770685 -0.622591 0.038645 
4.779123 -0.647350 0.158688 
4.787492 -0.836393 -0.031910 
4.804021 -0.667505 0.187758 
4.812184 -0.625231 0.251214 
4.828314 -0.604247 0.216305 
4.836282 -0.520365 0.316849 
4.852030 -0.746150 -0.083728 
4.859812 -0.585434 0.164957 
4.875197 -0.907529 -0.396774 
4.882802 -0.296438 0.560282 
4.890349 -0.682116 0.114505 
4.905275 -0.778192 0.101037 
4.919981 -0.573001 0.285498 
4.927254 -0.691468 0.199035 
4.934474 -0.776277 0.076044 
4.941642 -0.609647 0.233970 
4.948760 -0.370251 0.485316 
4.955827 -0.516631 0.312836 
4.962845 -0.421759 0.338798 
4.969813 -0.476924 0.368843 
4.976734 -0.764849 0.086535 
4.990433 -0.412142 0.388226 
5.010635 -0.233885 0.618256 
5.023881 -1.172954 -0.511094 
5.030438 -0.828487 0.034047 
5.036953 -0.824857 0.105397 
5.043425 -0.778247 0.083972 
5.049856 -0.462353 0.379787 
5.056246 -0.572615 0.133609 
5.062595 -0.893293 -0.079989 
5.068904 -0.559476 0.230487 
5.075174 -0.390299 0.433538 
5.081404 -0.320678 0.536482 
5.087596 -0.920679 -0.046144 
5.099866 -0.417194 0.466056 
5.105945 -0.281497 0.601562 
5.111988 -0.561802 0.355855 
5.117994 -0.677228 0.157168 
5.129899 -0.661177 0.245754 
5.135798 -0.527301 0.322238 
5.141664 -0.568873 0.342818 
5.147494 -0.316241 0.614855 
5.164786 -0.595150 0.357805 
5.170484 -0.343916 0.440062 
5.176150 -0.848225 0.040096 
5.187386 -0.552267 0.278087 
5.192957 -0.487295 0.455355 
5.204007 -0.620756 0.237074 
5.225747 -0.603711 0.325718 
5.241747 -0.419880 0.503976 
5.252273 -0.631002 0.284284 
5.257495 -0.540195 0.366216 
5.273000 -0.430286 0.509210 
5.288267 -0.353728 0.508343 
5.303305 -0.739274 0.177792 
5.308268 -0.538660 0.384300 
5.313206 -0.545432 0.329174 
5.323010 -0.709178 0.201652 
5.327876 -0.484152 0.517457 
5.332719 -0.722135 0.205636 
5.342334 -0.370464 0.532878 
5.347108 -0.795582 0.078589 
5.351858 -0.599997 0.242327 
5.361292 -0.720903 0.249647 
5.365976 -0.793734 0.153641 
5.370638 -0.528052 0.308106 
5.375278 -0.581947 0.366813 
5.389072 -0.703220 0.271158 
5.398163 -0.754356 0.050536 
5.407172 -1.179581 -0.232908 
5.411646 -0.660356 0.193052 
5.420535 -0.746734 0.188704 
5.429346 -0.496192 0.481851 
5.455321 -1.031399 -0.063670 
5.459586 -0.598297 0.247187 
5.463832 -0.404382 0.498916 
5.472271 -0.622170 0.281330 
5.476464 -0.619579 0.258122 
5.480639 -0.575042 0.368326 
5.488938 -0.635339 0.331906 
5.493061 -0.659867 0.296947 
5.509388 -0.698441 0.268716 
5.517453 -1.021689 -0.178164 
5.521461 -0.718027 0.234654 
5.525453 -0.692871 0.194171 
5.537334 -0.868596 0.075331 
5.541264 -0.950263 0.034061 
5.549076 -0.766719 0.147306 
5.552960 -0.570068 0.409433 
5.556828 -0.722040 0.207047 
5.560682 -0.448035 0.514216 
5.568345 -0.408265 0.515789 
5.575949 -0.563427 0.397574 
5.605802 -0.860376 0.071304 
5.620401 -0.580621 0.347336 
5.624018 -0.778091 0.117717 
5.631212 -0.768235 0.179712 
5.638355 -0.930898 0.027021 
5.641907 -0.502754 0.435788 
5.648974 -0.732818 0.153406 
5.662960 -0.656560 0.278313 
5.666427 -0.783257 0.222734 
5.669881 -0.741470 0.174179 
5.680173 -0.535459 0.400415 
5.693732 -0.578962 0.330218 
5.697093 -0.670188 0.265657 
5.700444 -0.844370 0.110813 
5.710427 -0.849054 0.079262 
5.713733 -0.620760 0.326957 
5.723585 -0.603218 0.322058 
5.730100 -0.868110 0.113351 
5.749393 -0.700417 0.272118 
5.755742 -0.719221 0.242617 
5.765191 -0.602559 0.331145 
5.783825 -0.920444 0.061580 
5.786897 -1.001500 -0.027908 
5.789960 -0.762140 0.217700 
5.805135 -0.686717 0.238197 
5.808142 -0.823148 0.148841 
5.820083 -0.979040 0.013633 
5.843544 -0.792184 0.166962 
5.852202 -0.923195 0.035111 
5.869297 -0.850058 0.094104 
5.880533 -0.738002 0.185032 
5.929589 -0.913084 0.099289 
5.932245 -0.820014 0.139064 
5.934894 -0.734350 0.255866 
5.940171 -1.230869 -0.252847 
5.942799 -0.827168 0.155215 
5.948035 -1.010707 -0.025784 
5.971262 -0.736477 0.213800 
5.978886 -0.916561 0.043957 
5.993961 -0.972760 -0.018843 
6.011267 -1.081058 -0.095123 
6.013715 -1.073337 -0.070858 
6.018593 -0.845630 0.145376 
6.052089 -1.116163 -0.135043 
6.063785 -1.026444 -0.053034 
6.066108 -0.937068 0.061543 
6.077642 -0.863569 0.085350 
6.095825 -0.868070 0.110758 
6.100319 -1.199450 -0.211468 
6.109248 -1.151621 -0.145402 
6.111467 -1.091504 -0.098777 
6.113682 -1.140654 -0.156592 
6.118097 -1.083724 -0.076912 
6.120297 -1.165738 -0.160005 
6.139885 -1.159555 -0.183445 
6.144186 -0.947437 0.014461 
6.156979 -1.002257 -0.014331 
6.163315 -0.979157 -0.003830 
6.177944 -1.122696 -0.107576 
6.210600 -1.163767 -0.160099 
6.224558 -1.073678 -0.088747 
6.236370 -0.957241 0.022453 
6.246107 -1.132103 -0.150246 
6.248043 -1.364723 -0.360445 
6.265301 -1.046648 -0.078356 
6.272877 -1.244930 -0.289998 
6.298949 -1.131698 -0.149214 
6.324359 -1.164590 -0.185793 
6.342121 -1.295247 -0.310776 
6.359574 -1.198141 -0.200071 
6.366470 -1.158802 -0.185377 
6.376727 -1.142951 -0.164941 
6.411818 -1.340135 -0.371011 
6.415097 -1.272469 -0.288483 
6.442540 -1.372392 -0.412325 
6.461468 -1.419416 -0.417948 
6.487684 -1.336532 -0.345929 
6.535241 -1.422339 -0.423566 
6.543912 -1.388597 -0.405157 
6.588926 -1.534332 -0.540893 
6.617403 -1.655722 -0.658009 
6.622736 -1.601529 -0.605495 
6.630683 -1.514293 -0.530726 
6.669498 -1.707853 -0.703731 
6.697034 -1.720626 -0.716383 
6.790097 -1.764604 -0.768195 
6.857514 -1.882008 -0.879972 
6.867974 -1.827875 -0.833887 
6.931472 -1.889923 -0.896443 
6.990257 -2.124360 -1.125524 
7.109879 -2.215123 -1.220493 
