0.693147 -2.480266 -3.473263 
1.098612 -0.390759 -3.181467 
1.386294 -0.399195 -3.270075 
1.609438 -0.537817 -3.022993 
1.791759 -0.426209 -2.517370 
1.945910 -0.502920 -2.372925 
2.079442 -0.447535 -2.591583 
2.197225 -0.499287 -2.237064 
2.302585 -0.477979 -2.193658 
2.397895 -0.518644 -2.137473 
2.484907 -0.499746 -2.061256 
2.564949 -0.535780 -1.972047 
2.639057 -0.478162 -1.705044 
2.708050 -0.526960 -1.555537 
2.772589 -0.475337 -1.415163 
2.833213 -0.585699 -1.531868 
2.890372 -0.410961 -1.267774 
2.944439 -0.540662 -1.202249 
2.995732 -0.471574 -1.299559 
3.044522 -0.508774 -1.167556 
3.091042 -0.499377 -0.817887 
3.135494 -0.507400 -1.137228 
3.178054 -0.505518 -0.740933 
3.218876 -0.532323 -0.676595 
3.258097 -0.528017 -0.865906 
3.295837 -0.399060 -0.527399 
3.332205 -0.535930 -0.630598 
3.367296 -0.476265 -0.641440 
3.401197 -0.587145 -0.745838 
3.433987 -0.564740 -0.802398 
3.465736 -0.489998 -0.186649 
3.496508 -0.662421 -0.686454 
3.526361 -0.459222 -0.624084 
3.555348 -0.558629 -0.577046 
3.583519 -0.576295 -0.501445 
3.610918 -0.587534 -0.281091 
3.637586 -0.441419 -0.230927 
3.663562 -0.678272 -0.564108 
3.688879 -0.529754 -0.238487 
3.713572 -0.565188 -0.195241 
3.737670 -0.711187 -0.812753 
3.761200 -0.686139 -0.331940 
3.784190 -0.608215 -0.081214 
3.806662 -0.688330 -0.543418 
3.828641 -1.010460 -0.999651 
3.850148 -0.531613 -0.166836 
3.871201 -0.567992 -0.060227 
3.891820 -0.485975 -0.000097 
3.912023 -0.493022 0.159412 
3.931826 -0.487442 0.127544 
3.951244 -0.449610 0.121959 
3.970292 -0.797978 -0.463967 
3.988984 -0.554628 0.009556 
4.007333 -0.431234 0.132359 
4.025352 -0.557602 -0.044150 
4.043051 -0.637625 -0.187560 
4.060443 -0.768136 -0.248569 
4.077537 -0.752058 -0.268760 
4.094345 -0.362837 0.143898 
4.110874 -0.418495 0.269598 
4.127134 -0.573677 0.071091 
4.143135 -0.726819 -0.070434 
4.158883 -0.805876 -0.172861 
4.174387 -0.670414 -0.151003 
4.189655 -0.763868 -0.115516 
4.204693 -0.717840 0.040574 
4.219508 -0.580385 0.103268 
4.234107 -0.603084 -0.042668 
4.248495 -1.231842 -0.589165 
4.262680 -0.817397 -0.153656 
4.276666 -0.781039 -0.051369 
4.304065 -0.476807 0.089662 
4.317488 -0.587601 0.053367 
4.330733 -0.432441 0.395678 
4.343805 -0.429537 0.222059 
4.356709 -0.548632 0.118321 
4.369448 -0.966355 -0.356283 
4.382027 -0.747504 -0.156043 
4.394449 -0.806105 -0.090592 
4.406719 -0.359108 0.400074 
4.418841 -0.582875 0.139114 
4.430817 -0.300343 0.387403 
4.442651 -0.936476 -0.111603 
4.454347 -0.428677 0.121939 
4.465908 -0.548976 0.299660 
4.477337 -0.518524 0.017977 
4.488636 -0.726123 -0.000563 
4.499810 -0.399532 0.233472 
4.510860 -0.522965 0.244770 
4.521789 -0.650222 -0.051732 
4.532599 -0.878373 -0.009156 
4.553877 -0.503592 0.429327 
4.595120 -0.849736 0.032200 
4.615121 -0.376251 0.359298 
4.624973 -0.627547 0.251585 
4.634729 -0.528936 0.371303 
4.644391 -0.424285 0.225111 
4.653960 -0.942607 -0.216300 
4.672829 -0.565347 0.172477 
4.682131 -0.406495 0.491197 
4.691348 -0.369116 0.273110 
4.700480 -0.149577 0.790583 
4.709530 -0.510856 0.248672 
4.718499 -1.102763 -0.383420 
4.727388 -0.436735 0.390904 
4.736198 -0.517855 0.395120 
4.744932 -0.465515 0.508579 
4.762174 -0.650909 0.331882 
4.770685 -0.464697 0.472865 
4.779123 -0.567120 0.348678 
4.787492 -0.327623 0.407824 
4.795791 -0.784088 0.083095 
4.804021 -0.353940 0.560758 
4.812184 -0.744466 0.155287 
4.820282 -0.747214 0.207999 
4.828314 -0.613657 0.299538 
4.836282 -0.322792 0.711788 
4.844187 -0.594983 0.389987 
4.852030 -0.432199 0.479805 
4.875197 -0.391941 0.383752 
4.882802 -0.899318 -0.048101 
4.890349 -0.692995 0.199775 
4.897840 -0.432218 0.418222 
4.905275 -0.746493 -0.054159 
4.919981 -0.406676 0.508611 
4.927254 -0.954031 -0.069804 
4.941642 -1.375899 -0.348893 
4.948760 -1.234878 -0.308698 
4.976734 -0.567305 0.389188 
4.983607 -0.493584 0.433583 
4.990433 -0.473487 0.404753 
4.997212 -1.358123 -0.443809 
5.003946 -0.608448 0.408313 
5.017280 -0.635760 0.421464 
5.023881 -1.128876 -0.220471 
5.036953 -0.744428 0.102078 
5.049856 -0.899328 0.121487 
5.056246 -0.766478 0.236339 
5.062595 -0.708594 0.278326 
5.068904 -0.740400 0.247829 
5.075174 -0.348324 0.668629 
5.081404 -0.648503 0.386244 
5.087596 -0.388924 0.541818 
5.093750 -1.247008 -0.305964 
5.099866 -0.669356 0.222777 
5.105945 -0.506208 0.453165 
5.111988 -0.467855 0.530550 
5.129899 -1.089398 -0.328032 
5.135798 -0.764891 0.184941 
5.147494 -0.821264 0.121966 
5.153292 -0.550666 0.395504 
5.159055 -0.666525 0.362875 
5.170484 -0.786265 0.027738 
5.176150 -0.719574 0.280941 
5.181784 -1.003599 -0.067252 
5.187386 -1.091902 -0.128193 
5.198497 -0.681261 0.262562 
5.209486 -0.807741 0.095820 
5.214936 -0.594954 0.386885 
5.225747 -0.645143 0.368877 
5.236442 -0.561529 0.468144 
5.247024 -0.896144 0.129767 
5.262690 -0.959561 -0.127704 
5.267858 -0.583784 0.392618 
5.278115 -0.938660 0.095850 
5.283204 -0.480146 0.568404 
5.293305 -0.655599 0.289818 
5.303305 -0.917813 0.085241 
5.308268 -0.721583 0.315596 
5.332719 -0.530034 0.449661 
5.342334 -0.522441 0.459114 
5.361292 -0.457286 0.519985 
5.370638 -0.687188 0.305758 
5.375278 -0.527471 0.429692 
5.379897 -0.662924 0.376651 
5.393628 -0.617507 0.334384 
5.402677 -1.102745 -0.118079 
5.411646 -0.586803 0.401758 
5.416100 -0.609064 0.369410 
5.433722 -0.975063 0.016885 
5.438079 -0.778993 0.258549 
5.446737 -0.708536 0.275832 
5.451038 -0.617651 0.353101 
5.468060 -1.099276 -0.037133 
5.476464 -0.681263 0.287325 
5.493061 -0.916256 0.083811 
5.497168 -1.035880 -0.064954 
5.505332 -0.781855 0.271156 
5.533389 -0.877102 0.176125 
5.537334 -0.713494 0.299863 
5.545177 -0.950269 0.056848 
5.564520 -0.640852 0.342823 
5.572154 -0.662813 0.375121 
5.575949 -0.883609 0.106733 
5.594711 -0.895671 0.128108 
5.605802 -1.004712 0.031957 
5.613128 -0.789564 0.268135 
5.631212 -0.756141 0.212662 
5.655992 -1.017554 0.010585 
5.666427 -1.000108 0.045982 
5.676754 -0.885801 0.165149 
5.697093 -1.171816 -0.102687 
5.703782 -1.125605 -0.102211 
5.730100 -1.166134 -0.186076 
5.739793 -1.040159 -0.034936 
5.755742 -1.026542 0.010847 
5.758902 -1.051043 0.009745 
5.786897 -0.827381 0.238082 
5.793014 -0.927480 0.116106 
5.814131 -1.203516 -0.117068 
5.820083 -0.796883 0.224189 
5.823046 -1.055517 0.014735 
5.826000 -0.976765 0.083602 
5.843544 -1.013361 0.010558 
5.849325 -0.966004 0.098411 
5.872118 -0.983893 0.063985 
5.874931 -0.905612 0.127988 
5.891644 -0.893067 0.131880 
5.916202 -1.139923 -0.091990 
5.918894 -1.072637 -0.037707 
5.950643 -1.162944 -0.158673 
5.958425 -0.967211 0.066626 
5.988961 -1.169624 -0.122450 
5.991465 -1.059506 -0.014411 
6.042633 -1.104753 -0.076718 
6.045005 -1.454204 -0.411865 
6.063785 -1.387980 -0.345492 
6.077642 -1.344432 -0.292878 
6.089045 -1.152886 -0.097165 
6.104793 -1.110667 -0.064643 
6.107023 -1.068437 -0.038942 
6.133398 -1.338512 -0.318117 
6.144186 -1.257874 -0.202438 
6.180017 -1.148760 -0.126710 
6.192362 -1.123101 -0.085934 
6.194405 -1.173252 -0.121593 
6.200509 -1.349189 -0.312028 
6.226537 -1.178828 -0.136633 
6.240276 -1.287736 -0.244831 
6.282267 -1.618382 -0.556281 
6.295266 -1.584285 -0.533688 
6.311735 -1.496194 -0.434577 
6.369901 -1.606679 -0.536885 
6.483107 -1.660471 -0.598801 
6.637258 -1.904764 -0.835927 
6.643790 -1.803412 -0.745217 
6.736967 -1.946256 -0.887741 
6.745236 -2.087789 -1.024588 
6.776507 -2.415899 -1.347612 
6.874198 -2.208116 -1.149964 
