0.693147 -2.147392 -3.184619 
1.098612 -0.246400 -3.422119 
1.386294 -0.270588 -3.056341 
1.609438 -0.339738 -2.623907 
1.791759 -0.424756 -2.744002 
1.945910 -0.463628 -2.776220 
2.079442 -0.462134 -2.452752 
2.197225 -0.440227 -2.105292 
2.302585 -0.452024 -2.468223 
2.397895 -0.478722 -2.062439 
2.484907 -0.382137 -1.811925 
2.564949 -0.476324 -1.896137 
2.639057 -0.425101 -1.799926 
2.708050 -0.418731 -1.548021 
2.772589 -0.448588 -1.511935 
2.833213 -0.471241 -1.441493 
2.890372 -0.409238 -1.374357 
2.944439 -0.513054 -1.675961 
2.995732 -0.479459 -1.358619 
3.044522 -0.534405 -1.454875 
3.091042 -0.470173 -1.071026 
3.135494 -0.449010 -1.043962 
3.178054 -0.467950 -0.992080 
3.218876 -0.526331 -1.056720 
3.258097 -0.590137 -1.246776 
3.295837 -0.511312 -0.974719 
3.332205 -0.538762 -1.070948 
3.367296 -0.534923 -0.820955 
3.401197 -0.494291 -0.911158 
3.433987 -0.585427 -0.983021 
3.465736 -0.423278 -0.595114 
3.496508 -0.519543 -0.871104 
3.526361 -0.520880 -0.818956 
3.555348 -0.519103 -0.520658 
3.583519 -0.430169 -0.442682 
3.610918 -0.479642 -0.382708 
3.637586 -0.583370 -0.480018 
3.663562 -0.530757 -0.914239 
3.688879 -0.586548 -0.449067 
3.713572 -0.471481 -0.493590 
3.737670 -0.628765 -0.522881 
3.761200 -0.524041 -0.252639 
3.784190 -0.650668 -0.663646 
3.806662 -0.423388 -0.065061 
3.828641 -0.643661 -0.600084 
3.850148 -0.444994 -0.235548 
3.871201 -0.618152 -0.490741 
3.891820 -0.318722 -0.029551 
3.912023 -0.540338 -0.094957 
3.931826 -0.617868 -0.457287 
3.951244 -0.823476 -0.893685 
3.970292 -0.573947 -0.387461 
3.988984 -0.452183 0.020718 
4.007333 -0.704339 -0.717154 
4.025352 -0.397802 0.162626 
4.043051 -0.393518 0.042293 
4.060443 -0.709559 -0.445905 
4.077537 -0.717430 -0.410926 
4.094345 -0.704269 -0.375028 
4.110874 -0.789310 -0.564553 
4.127134 -0.712222 -0.599919 
4.143135 -0.544270 0.254685 
4.158883 -0.720325 -0.188043 
4.174387 -0.527885 -0.060753 
4.189655 -0.633767 -0.358746 
4.204693 -0.278885 0.087458 
4.219508 -1.048538 -0.971680 
4.234107 -0.743829 -0.223239 
4.248495 -0.898477 -0.475846 
4.262680 -0.476625 0.123708 
4.276666 -0.328124 0.349483 
4.290459 -0.730219 -0.106241 
4.304065 -0.764578 -0.325040 
4.317488 -0.544818 0.075402 
4.330733 -0.748566 -0.230555 
4.343805 -0.629561 -0.066644 
4.356709 -0.645739 -0.042421 
4.369448 -0.596774 -0.242574 
4.394449 -0.983323 -0.586574 
4.406719 -0.656076 0.021808 
4.418841 -0.760648 0.035492 
4.430817 -0.754498 0.101219 
4.442651 -0.626924 0.006265 
4.454347 -0.871876 -0.352799 
4.465908 -0.312124 0.260437 
4.477337 -0.538453 -0.209715 
4.488636 -0.685410 -0.177788 
4.499810 -0.678379 -0.288222 
4.510860 -0.703734 -0.196933 
4.521789 -0.193553 0.535708 
4.532599 -0.853494 -0.295604 
4.543295 -0.693947 -0.147559 
4.553877 -0.624497 0.077923 
4.574711 -0.402338 0.143820 
4.584967 -0.825148 -0.088773 
4.595120 -0.608655 -0.255507 
4.605170 -0.577763 0.174664 
4.615121 -0.475215 0.041452 
4.624973 -0.682369 -0.104916 
4.634729 -1.179278 -0.557936 
4.644391 -0.586871 0.041956 
4.653960 -0.657517 -0.203988 
4.663439 -0.479414 0.299384 
4.672829 -0.691658 -0.058384 
4.682131 -0.492244 0.049971 
4.691348 -0.593517 0.103606 
4.700480 -0.580845 0.123906 
4.709530 -0.350483 0.373307 
4.718499 -0.609644 0.193611 
4.736198 -0.724062 0.053850 
4.744932 -0.586148 -0.003282 
4.753590 -0.630446 -0.086439 
4.770685 -0.839948 -0.011822 
4.779123 -0.622705 0.208462 
4.787492 -0.572765 0.253864 
4.795791 -0.581285 -0.034033 
4.812184 -0.639908 0.119253 
4.820282 -0.658610 0.128486 
4.828314 -0.410761 0.171691 
4.836282 -0.789968 -0.028992 
4.844187 -0.569913 0.271621 
4.859812 -0.282090 0.514311 
4.867534 -0.351330 0.412176 
4.875197 -0.548404 0.225838 
4.905275 -0.886216 -0.084311 
4.919981 -0.403675 0.417226 
4.927254 -0.570615 0.217332 
4.941642 -0.466293 0.453090 
4.948760 -0.848082 -0.237286 
4.955827 -0.910157 -0.302009 
4.962845 -0.613726 0.072686 
4.976734 -0.214630 0.620194 
4.990433 -0.761245 0.045454 
4.997212 -0.287325 0.605447 
5.003946 -0.749125 0.010772 
5.010635 -0.669725 0.079929 
5.017280 -0.404254 0.281865 
5.023881 -0.411669 0.512074 
5.030438 -0.478760 0.358962 
5.036953 -0.733918 0.134651 
5.049856 -0.685211 0.032252 
5.056246 -0.743655 0.008609 
5.062595 -0.520252 0.178108 
5.075174 -0.540346 0.220543 
5.081404 -0.535295 0.404936 
5.087596 -0.542247 0.261461 
5.099866 -0.873000 -0.088492 
5.123964 -0.567301 0.215884 
5.129899 -0.731809 0.126138 
5.141664 -0.626500 0.330708 
5.147494 -0.750047 0.073944 
5.159055 -0.709269 0.049224 
5.170484 -0.731604 0.166137 
5.176150 -0.659340 0.110472 
5.181784 -0.476096 0.441110 
5.187386 -0.730171 0.187780 
5.192957 -0.823468 0.064260 
5.198497 -1.133272 -0.312472 
5.209486 -0.904746 -0.218701 
5.220356 -0.581127 0.302152 
5.231109 -1.309239 -0.468531 
5.241747 -0.697690 0.185339 
5.257495 -0.702028 0.199446 
5.267858 -0.537608 0.344004 
5.278115 -0.799442 0.065257 
5.288267 -0.395192 0.439362 
5.293305 -0.586936 0.251360 
5.298317 -1.333108 -0.488827 
5.303305 -0.614881 0.202149 
5.308268 -0.595074 0.264560 
5.313206 -0.587142 0.114763 
5.318120 -0.874888 -0.030593 
5.323010 -0.689163 -0.012188 
5.327876 -1.388528 -0.524175 
5.332719 -1.072078 -0.194074 
5.342334 -0.766651 -0.010213 
5.347108 -0.904745 -0.070885 
5.351858 -0.525760 0.364144 
5.356586 -0.390239 0.477194 
5.365976 -0.639555 0.293360 
5.384495 -0.626568 0.278763 
5.389072 -1.170152 -0.265936 
5.393628 -1.164268 -0.254799 
5.402677 -1.011733 -0.148000 
5.407172 -0.784102 0.033604 
5.411646 -0.517076 0.339326 
5.424950 -0.618954 0.308115 
5.433722 -0.684563 0.281161 
5.438079 -0.928700 -0.042743 
5.442418 -0.731123 0.136877 
5.455321 -0.741931 0.040536 
5.468060 -0.794564 0.099865 
5.484797 -0.583489 0.307119 
5.497168 -1.092013 -0.146621 
5.501258 -1.127403 -0.236952 
5.505332 -0.780909 0.050296 
5.513429 -0.674729 0.240883 
5.517453 -0.721703 0.120916 
5.525453 -0.629789 0.231197 
5.549076 -0.522060 0.353314 
5.552960 -1.043189 -0.173794 
5.564520 -1.119714 -0.182244 
5.572154 -1.163909 -0.269642 
5.575949 -1.105249 -0.171475 
5.579730 -0.589297 0.278075 
5.587249 -0.651288 0.216171 
5.598422 -0.820887 0.128316 
5.605802 -0.690865 0.175091 
5.613128 -0.607316 0.276956 
5.624018 -0.884568 0.042922 
5.631212 -0.707290 0.188874 
5.641907 -0.789360 0.086230 
5.645447 -0.828368 0.123826 
5.652489 -0.744575 0.163635 
5.662960 -0.798775 0.109717 
5.666427 -0.776105 0.152937 
5.680173 -0.652427 0.250552 
5.690359 -0.969593 -0.056231 
5.693732 -0.944433 0.018935 
5.700444 -0.977741 -0.020794 
5.703782 -1.140741 -0.194329 
5.707110 -0.802214 0.115977 
5.713733 -1.142636 -0.205755 
5.720312 -0.840177 0.136763 
5.736572 -0.738535 0.138063 
5.758902 -0.896772 0.010552 
5.762051 -0.848735 0.078194 
5.783825 -1.274638 -0.341800 
5.789960 -1.069488 -0.125763 
5.811141 -0.719612 0.177804 
5.814131 -0.864813 -0.003123 
5.855072 -0.884410 0.044158 
5.869297 -1.071188 -0.187977 
5.886104 -1.076627 -0.133736 
5.908083 -0.865396 0.044092 
5.913503 -1.159107 -0.189333 
5.921578 -1.054942 -0.121881 
5.945421 -1.066428 -0.122750 
5.950643 -1.004563 -0.074939 
5.953243 -0.943856 -0.004987 
5.961005 -1.276202 -0.331564 
5.976351 -0.909655 0.000210 
5.988961 -1.206459 -0.270032 
5.991465 -0.978952 -0.031394 
6.001415 -1.112819 -0.147368 
6.018593 -1.135930 -0.183527 
6.030685 -1.066599 -0.120120 
6.042633 -1.077439 -0.129728 
6.045005 -1.126566 -0.176301 
6.056784 -0.996541 -0.063338 
6.059123 -0.922444 -0.011774 
6.070738 -1.041023 -0.123184 
6.077642 -1.206681 -0.270668 
6.079933 -1.377821 -0.411477 
6.089045 -1.189404 -0.254050 
6.093570 -1.073549 -0.124947 
6.098074 -1.110477 -0.148131 
6.104793 -1.067328 -0.144462 
6.142037 -1.160474 -0.222377 
6.159095 -1.146443 -0.202900 
6.171701 -1.264786 -0.343259 
6.175867 -1.336740 -0.362754 
6.182085 -1.211434 -0.274046 
6.192362 -1.167208 -0.264650 
6.216606 -1.513990 -0.554766 
6.251904 -1.268449 -0.337315 
6.259581 -1.416972 -0.450766 
6.261492 -1.362751 -0.451614 
6.272877 -1.281906 -0.351031 
6.297109 -1.290474 -0.327370 
6.343880 -1.330049 -0.395140 
6.364751 -1.347394 -0.417064 
6.371612 -1.425018 -0.464179 
6.380123 -1.366380 -0.417067 
6.381816 -1.493797 -0.535870 
6.505784 -1.721683 -0.750066 
6.566672 -1.758183 -0.786647 
6.608001 -1.719485 -0.763455 
6.777647 -1.980396 -1.009324 
6.792344 -1.999369 -1.032747 
6.814543 -1.887319 -0.930614 
6.834109 -1.931821 -0.971324 
7.037028 -2.309832 -1.350878 
