0.693147 -2.055725 -3.082813 
1.098612 -0.201740 -3.156047 
1.386294 -0.277810 -2.939371 
1.609438 -0.380536 -2.887542 
1.791759 -0.394415 -2.384236 
1.945910 -0.388184 -2.585814 
2.079442 -0.484469 -2.555868 
2.197225 -0.449530 -2.243287 
2.302585 -0.444767 -2.374261 
2.397895 -0.422547 -2.106314 
2.484907 -0.391216 -1.841358 
2.564949 -0.432032 -1.800198 
2.639057 -0.427725 -1.528769 
2.708050 -0.439220 -1.521355 
2.772589 -0.456393 -1.628433 
2.833213 -0.452925 -1.646148 
2.890372 -0.459532 -1.377099 
2.944439 -0.486637 -1.496698 
2.995732 -0.379595 -1.147476 
3.044522 -0.560385 -1.474517 
3.091042 -0.528597 -1.273907 
3.135494 -0.422516 -1.028682 
3.178054 -0.449395 -1.126667 
3.218876 -0.539398 -1.133590 
3.258097 -0.562109 -1.041599 
3.295837 -0.503265 -1.064230 
3.332205 -0.493205 -0.795450 
3.367296 -0.494578 -0.860243 
3.401197 -0.498149 -0.887845 
3.433987 -0.591999 -1.087535 
3.465736 -0.534138 -0.741835 
3.496508 -0.557260 -0.773764 
3.526361 -0.509934 -0.605891 
3.555348 -0.445622 -0.528428 
3.583519 -0.526668 -0.727041 
3.610918 -0.698975 -0.916530 
3.637586 -0.562188 -0.564721 
3.663562 -0.572345 -0.673396 
3.688879 -0.454754 -0.369737 
3.713572 -0.405011 -0.154509 
3.737670 -0.574887 -0.343166 
3.761200 -0.545779 -0.472416 
3.784190 -0.392345 -0.253376 
3.806662 -0.471952 -0.321933 
3.828641 -0.373134 -0.084005 
3.850148 -0.729499 -0.751520 
3.871201 -0.335943 0.153347 
3.891820 -0.534894 -0.491944 
3.912023 -0.765744 -0.633812 
3.931826 -0.525086 -0.315795 
3.951244 -0.577890 -0.057438 
3.970292 -0.720586 -0.465596 
3.988984 -0.528193 -0.209926 
4.007333 -0.387487 0.035822 
4.025352 -0.663440 -0.121043 
4.043051 -0.714731 -0.606347 
4.060443 -0.649863 -0.334858 
4.077537 -0.976915 -1.364646 
4.094345 -0.633286 -0.246256 
4.110874 -0.355822 -0.101283 
4.127134 -0.787943 -0.693734 
4.143135 -1.031701 -0.614501 
4.158883 -0.550409 -0.277249 
4.174387 -0.895231 -0.519341 
4.189655 -0.652425 -0.116113 
4.204693 -0.725709 -0.512933 
4.219508 -0.417189 -0.010282 
4.234107 -0.748298 -0.401674 
4.248495 -0.728714 -0.378338 
4.262680 -0.542404 -0.051410 
4.276666 -0.716846 -0.260932 
4.290459 -0.399096 0.275944 
4.304065 -0.606574 0.021461 
4.317488 -1.041910 -0.560417 
4.330733 -0.931202 -0.373225 
4.343805 -0.528545 0.057007 
4.356709 -0.511854 0.063265 
4.369448 -0.730832 -0.154384 
4.382027 -0.760632 -0.262719 
4.394449 -0.699890 -0.221595 
4.418841 -0.468770 0.215668 
4.430817 -0.431678 0.213010 
4.442651 -0.455909 0.092323 
4.454347 -0.682591 -0.246763 
4.465908 -0.793782 -0.335065 
4.477337 -0.932717 -0.533296 
4.488636 -0.507558 -0.042786 
4.499810 -0.627561 -0.266284 
4.510860 -1.116419 -0.565006 
4.521789 -0.989249 -0.442787 
4.543295 -0.475759 -0.083113 
4.553877 -0.410772 0.410893 
4.564348 -0.586927 0.026701 
4.574711 -0.639644 -0.012691 
4.584967 -0.674594 -0.203120 
4.595120 -0.507933 0.163343 
4.615121 -0.595289 0.118492 
4.624973 -0.499320 0.172812 
4.634729 -0.557774 0.098060 
4.644391 -0.591059 -0.106762 
4.653960 -0.835892 -0.175118 
4.663439 -0.482614 0.014395 
4.672829 -0.731187 -0.097350 
4.682131 -0.690792 -0.044161 
4.691348 -0.726124 -0.195776 
4.700480 -0.514801 0.183935 
4.709530 -0.598406 0.212361 
4.727388 -0.434532 0.318487 
4.736198 -0.406052 0.383713 
4.744932 -0.634537 0.025121 
4.753590 -0.727802 -0.005148 
4.762174 -0.734022 -0.019428 
4.770685 -0.678518 0.009895 
4.779123 -0.706520 0.014061 
4.787492 -0.417915 0.162772 
4.795791 -0.726836 0.108162 
4.804021 -0.392888 0.168889 
4.820282 -0.615871 -0.128549 
4.836282 -0.628572 0.225259 
4.844187 -0.518185 0.218228 
4.859812 -1.181994 -0.752678 
4.882802 -0.662779 0.166114 
4.890349 -0.984384 -0.251403 
4.897840 -0.444226 0.403884 
4.905275 -0.519944 0.255160 
4.912655 -0.557818 0.174302 
4.919981 -0.406149 0.448180 
4.934474 -1.386981 -0.594454 
4.941642 -1.103533 -0.412214 
4.948760 -0.242742 0.569146 
4.955827 -0.902746 -0.065652 
4.962845 -0.760049 0.050565 
4.976734 -0.838966 -0.285302 
4.983607 -0.506951 0.242162 
4.990433 -0.695143 0.073180 
5.003946 -0.504335 0.358571 
5.010635 -0.358246 0.348401 
5.017280 -0.211639 0.652134 
5.023881 -0.693585 0.119926 
5.030438 -0.420563 0.338878 
5.036953 -0.762573 0.073914 
5.043425 -0.473892 0.388438 
5.049856 -0.679288 -0.086619 
5.062595 -0.965163 -0.242253 
5.068904 -0.813986 0.024624 
5.075174 -0.655796 0.116433 
5.081404 -0.982708 -0.149215 
5.087596 -0.798602 -0.001201 
5.093750 -0.754533 -0.059767 
5.099866 -0.446215 0.400810 
5.105945 -0.495254 0.421020 
5.129899 -0.821305 0.017562 
5.135798 -0.515516 0.253649 
5.147494 -0.684179 0.194852 
5.153292 -0.553556 0.222298 
5.164786 -0.377728 0.464359 
5.170484 -0.477539 0.402964 
5.176150 -0.747859 0.158097 
5.181784 -0.642210 0.185306 
5.187386 -0.805109 -0.026343 
5.192957 -0.933469 -0.251577 
5.209486 -0.693173 0.167005 
5.214936 -0.798082 0.084497 
5.220356 -0.883279 -0.006691 
5.225747 -0.750403 0.141081 
5.257495 -0.615617 0.247950 
5.262690 -0.734855 0.161613 
5.267858 -1.362673 -0.471189 
5.278115 -0.552668 0.300265 
5.283204 -0.720728 0.173478 
5.288267 -0.765778 -0.073858 
5.303305 -0.616304 0.328710 
5.308268 -1.000744 -0.206921 
5.313206 -0.579762 0.290242 
5.318120 -0.575455 0.092268 
5.327876 -0.834420 -0.015578 
5.337538 -0.852559 -0.141338 
5.342334 -0.519008 0.345676 
5.347108 -1.320472 -0.441675 
5.351858 -0.926200 -0.116882 
5.356586 -0.859221 -0.006757 
5.361292 -0.724500 0.144144 
5.365976 -0.855995 0.016339 
5.379897 -0.869336 -0.003926 
5.384495 -0.649207 0.171248 
5.393628 -0.381766 0.465205 
5.402677 -0.459643 0.412501 
5.411646 -1.158439 -0.262494 
5.420535 -0.581306 0.297850 
5.424950 -0.481047 0.351497 
5.446737 -0.801832 0.132214 
5.455321 -1.157122 -0.349493 
5.459586 -0.632812 0.206931 
5.480639 -0.582214 0.274577 
5.493061 -0.450308 0.406872 
5.497168 -0.730288 0.189836 
5.501258 -0.832924 0.027124 
5.509388 -0.514825 0.365546 
5.513429 -1.090211 -0.155611 
5.533389 -0.578254 0.267525 
5.541264 -0.601431 0.286542 
5.549076 -0.865472 0.003475 
5.552960 -0.546829 0.356965 
5.556828 -0.949380 -0.038888 
5.564520 -0.678185 0.187805 
5.575949 -0.758548 0.196332 
5.579730 -1.108416 -0.211356 
5.605802 -0.721994 0.144433 
5.624018 -1.053535 -0.172069 
5.641907 -0.855175 0.092562 
5.645447 -0.602661 0.282325 
5.648974 -0.981915 -0.042158 
5.659482 -0.611851 0.248969 
5.666427 -0.685799 0.200492 
5.669881 -0.648800 0.291873 
5.676754 -1.209070 -0.293635 
5.680173 -0.724575 0.164270 
5.690359 -1.094436 -0.167497 
5.693732 -1.077059 -0.161395 
5.700444 -0.653873 0.282047 
5.707110 -0.833319 0.131598 
5.710427 -0.745528 0.198011 
5.723585 -1.112334 -0.162848 
5.726848 -0.957359 -0.018183 
5.730100 -1.030881 -0.144089 
5.736572 -0.864446 0.005648 
5.739793 -0.995989 -0.050136 
5.749393 -0.829255 0.110729 
5.755742 -0.722281 0.161551 
5.768321 -0.868933 0.042044 
5.774552 -0.769892 0.154523 
5.777652 -0.775996 0.137515 
5.793014 -1.250822 -0.335923 
5.796058 -1.006071 -0.138873 
5.802118 -0.799981 0.046368 
5.843544 -0.811495 0.114807 
5.860786 -0.876939 0.015955 
5.866468 -1.084917 -0.187934 
5.924256 -1.068141 -0.144223 
5.932245 -1.166728 -0.203073 
5.942799 -0.818133 0.070316 
5.945421 -1.107548 -0.133465 
5.953243 -0.923863 0.016134 
5.955837 -1.138206 -0.200494 
5.966147 -0.983873 -0.063588 
5.986452 -1.287046 -0.348118 
6.016157 -1.117900 -0.166792 
6.021023 -0.900707 0.011087 
6.023448 -1.053515 -0.123606 
6.033086 -0.927013 0.011559 
6.035481 -1.002086 -0.045805 
6.059123 -1.104843 -0.144967 
6.073045 -1.201653 -0.237482 
6.077642 -1.137106 -0.187034 
6.098074 -1.185016 -0.248248 
6.102559 -1.206540 -0.272574 
6.109248 -1.001158 -0.072516 
6.113682 -1.098174 -0.178578 
6.126869 -1.377992 -0.415841 
6.142037 -1.195264 -0.236973 
6.152733 -1.101110 -0.175699 
6.167516 -1.078200 -0.164530 
6.177944 -1.176345 -0.238057 
6.190315 -1.215534 -0.286799 
6.218600 -1.319085 -0.375797 
6.220590 -1.514988 -0.565449 
6.226537 -1.349901 -0.422304 
6.248043 -1.277736 -0.335423 
6.255750 -1.225465 -0.300853 
6.269096 -1.345522 -0.431162 
6.282267 -1.398220 -0.458643 
6.295266 -1.249796 -0.292464 
6.338594 -1.328311 -0.390912 
6.356108 -1.284158 -0.361273 
6.381816 -1.500380 -0.553172 
6.400257 -1.396120 -0.459156 
6.413459 -1.464515 -0.512240 
6.513230 -1.686391 -0.720614 
6.556778 -1.677145 -0.723398 
6.614726 -1.855555 -0.894226 
6.783325 -1.798367 -0.843558 
6.788972 -1.969734 -1.014572 
6.791221 -1.963079 -1.003364 
6.848005 -1.963035 -1.007468 
7.021084 -2.274236 -1.319052 
