0.693147 -2.025374 -3.107144 
1.098612 -0.265703 -3.454843 
1.386294 -0.310576 -2.775281 
1.609438 -0.328344 -2.706534 
1.791759 -0.368651 -2.820534 
1.945910 -0.417463 -2.624322 
2.079442 -0.398228 -2.608809 
2.197225 -0.411931 -2.516988 
2.302585 -0.443767 -2.480700 
2.397895 -0.440370 -2.047019 
2.484907 -0.411630 -1.699895 
2.564949 -0.497144 -1.917959 
2.639057 -0.412699 -1.797700 
2.708050 -0.509597 -2.076701 
2.772589 -0.429061 -1.595256 
2.833213 -0.506650 -1.686236 
2.890372 -0.460452 -1.524149 
2.944439 -0.471283 -1.653949 
2.995732 -0.461255 -1.379103 
3.044522 -0.514579 -1.516552 
3.091042 -0.526911 -1.155019 
3.135494 -0.446485 -1.161940 
3.178054 -0.495373 -1.065825 
3.218876 -0.467192 -1.211047 
3.258097 -0.507948 -1.020221 
3.295837 -0.440647 -0.722809 
3.332205 -0.532808 -0.762049 
3.367296 -0.504049 -0.753167 
3.401197 -0.476854 -0.980580 
3.433987 -0.615340 -0.968102 
3.465736 -0.517010 -0.733788 
3.496508 -0.428114 -0.667129 
3.526361 -0.539219 -0.658157 
3.555348 -0.629903 -0.901722 
3.583519 -0.499456 -0.707619 
3.610918 -0.574671 -0.606150 
3.637586 -0.651836 -0.592744 
3.663562 -0.509105 -0.485237 
3.688879 -0.463218 -0.656637 
3.713572 -0.443982 -0.251394 
3.737670 -0.747749 -0.599404 
3.761200 -0.603163 -0.685457 
3.784190 -0.466257 -0.275607 
3.806662 -0.520979 -0.432522 
3.828641 -0.538994 -0.358587 
3.850148 -0.515137 -0.484481 
3.871201 -0.622272 -0.524397 
3.891820 -0.678583 -0.508239 
3.912023 -0.562649 -0.388371 
3.931826 -0.344976 -0.109927 
3.951244 -0.500929 -0.136232 
3.970292 -0.336903 -0.009283 
3.988984 -0.661823 -0.397480 
4.007333 -0.609147 -0.329168 
4.025352 -0.596501 -0.267426 
4.043051 -0.533663 -0.223091 
4.060443 -0.475663 -0.322382 
4.077537 -0.464989 0.055595 
4.094345 -0.686848 -0.331022 
4.110874 -0.872538 -0.700041 
4.127134 -0.555540 -0.217592 
4.143135 -0.608988 -0.000666 
4.158883 -0.753930 -0.457427 
4.174387 -0.594636 -0.025159 
4.189655 -0.646828 -0.337780 
4.204693 -0.696155 -0.495144 
4.219508 -0.607179 -0.163068 
4.234107 -0.285414 0.068747 
4.248495 -0.674298 0.012391 
4.262680 -0.469600 0.152241 
4.276666 -0.638727 -0.129389 
4.290459 -0.803999 -0.393511 
4.304065 -0.560869 -0.013700 
4.317488 -0.503772 0.040498 
4.330733 -0.898157 -0.549240 
4.343805 -0.810359 -0.355744 
4.356709 -0.622341 -0.095940 
4.369448 -0.626087 0.064386 
4.382027 -0.506175 0.053831 
4.394449 -0.790998 -0.180174 
4.406719 -0.708989 -0.173503 
4.418841 -0.447997 0.111032 
4.430817 -0.497509 0.056681 
4.442651 -0.646234 -0.113267 
4.454347 -0.463809 -0.069384 
4.465908 -1.108605 -0.649909 
4.477337 -0.872202 -0.567208 
4.488636 -0.523446 0.055876 
4.499810 -0.808403 -0.371116 
4.510860 -0.446437 0.146124 
4.521789 -0.583219 0.068660 
4.532599 -0.717245 0.061803 
4.543295 -0.568388 -0.135841 
4.553877 -0.466120 0.015031 
4.564348 -0.916875 -0.200949 
4.574711 -0.479965 0.060970 
4.584967 -0.714933 -0.091336 
4.595120 -0.709529 -0.065640 
4.615121 -0.565356 -0.102501 
4.624973 -0.552678 0.157431 
4.634729 -0.507387 0.109204 
4.644391 -0.483423 -0.047497 
4.663439 -0.998941 -0.284744 
4.672829 -0.442455 0.233474 
4.682131 -1.001397 -0.479576 
4.691348 -0.274975 0.304599 
4.700480 -0.563732 -0.045528 
4.709530 -0.732300 -0.082075 
4.718499 -0.602658 -0.007622 
4.727388 -0.499657 0.304024 
4.736198 -0.636809 -0.080862 
4.744932 -0.482243 0.220103 
4.753590 -0.695487 -0.218315 
4.762174 -0.750198 -0.332928 
4.779123 -0.605235 0.157113 
4.787492 -0.593505 0.066739 
4.795791 -0.399579 0.295076 
4.804021 -0.621804 0.169441 
4.812184 -0.467734 0.035216 
4.836282 -0.621688 0.172222 
4.852030 -0.654877 0.003301 
4.859812 -0.662112 0.014021 
4.867534 -0.938772 -0.280884 
4.882802 -0.548284 0.251541 
4.890349 -0.665054 -0.070690 
4.897840 -0.844602 -0.103099 
4.905275 -0.837239 -0.068081 
4.912655 -0.854474 -0.100870 
4.919981 -0.752408 -0.123520 
4.927254 -0.414958 0.386606 
4.934474 -0.674246 0.065986 
4.948760 -0.448011 0.262132 
4.955827 -0.738027 0.069888 
4.962845 -0.484134 0.225665 
4.969813 -0.372099 0.155406 
4.983607 -0.714653 0.094611 
4.990433 -0.455025 0.254921 
5.003946 -0.295429 0.457545 
5.010635 -0.955554 -0.157827 
5.017280 -0.717266 -0.116231 
5.023881 -0.808338 -0.112668 
5.030438 -0.747371 0.042309 
5.043425 -0.739775 0.013269 
5.049856 -0.516523 -0.009351 
5.056246 -0.527729 0.207944 
5.062595 -0.661320 0.064745 
5.068904 -0.282547 0.508098 
5.081404 -0.536214 0.244966 
5.093750 -0.667424 0.089641 
5.117994 -0.303430 0.473575 
5.123964 -0.567012 0.191559 
5.129899 -0.586957 0.142353 
5.135798 -0.747955 0.056455 
5.141664 -0.643583 0.026169 
5.147494 -0.511576 0.276471 
5.153292 -1.148062 -0.381360 
5.164786 -0.630481 0.237867 
5.170484 -0.675482 0.239706 
5.176150 -0.777480 -0.046020 
5.192957 -0.527236 0.384891 
5.198497 -0.715279 0.041411 
5.220356 -0.833436 0.025509 
5.225747 -0.764445 -0.017327 
5.231109 -0.617596 0.282649 
5.236442 -0.444223 0.344443 
5.241747 -0.605143 0.324226 
5.247024 -0.491061 0.353126 
5.257495 -0.507282 0.291816 
5.262690 -0.478107 0.311737 
5.267858 -0.870524 -0.215030 
5.273000 -1.000716 -0.155428 
5.278115 -0.883851 -0.073523 
5.283204 -0.806135 0.060526 
5.298317 -0.387734 0.356834 
5.303305 -0.683306 0.194492 
5.308268 -0.523984 0.346188 
5.313206 -0.938133 -0.241637 
5.327876 -1.440714 -0.642549 
5.332719 -0.650858 0.140528 
5.337538 -0.925873 -0.137121 
5.342334 -0.386394 0.418364 
5.347108 -0.421783 0.385905 
5.351858 -0.862200 -0.135956 
5.361292 -0.415999 0.386957 
5.365976 -0.883155 -0.220228 
5.370638 -0.542714 0.244063 
5.375278 -0.704801 0.025205 
5.393628 -0.605875 0.276251 
5.433722 -0.537756 0.375850 
5.438079 -0.811248 0.091023 
5.442418 -0.683084 0.189380 
5.455321 -0.497220 0.350544 
5.459586 -0.378007 0.444596 
5.463832 -1.160377 -0.285800 
5.468060 -0.860661 -0.035943 
5.472271 -0.717491 0.081576 
5.476464 -1.092802 -0.267742 
5.493061 -0.731494 0.133374 
5.497168 -1.013107 -0.193714 
5.521461 -1.118680 -0.227971 
5.537334 -0.623430 0.227547 
5.541264 -1.171413 -0.355552 
5.549076 -0.539187 0.252606 
5.556828 -1.152979 -0.261648 
5.560682 -0.782852 0.136096 
5.564520 -0.692882 0.102846 
5.568345 -0.663971 0.139534 
5.572154 -0.782064 0.077183 
5.590987 -0.579616 0.339310 
5.594711 -0.978940 -0.100119 
5.605802 -0.758200 0.117680 
5.609472 -0.804397 -0.000979 
5.613128 -0.668405 0.124696 
5.620401 -0.798311 0.150123 
5.627621 -0.672695 0.193264 
5.634790 -0.785723 0.018680 
5.638355 -0.673564 0.196687 
5.645447 -1.064587 -0.172003 
5.648974 -0.627560 0.202281 
5.655992 -0.785867 0.042503 
5.659482 -0.941874 -0.072292 
5.676754 -0.963663 -0.109827 
5.683580 -0.625517 0.226446 
5.697093 -0.886127 -0.004504 
5.707110 -0.663767 0.252590 
5.717028 -1.252824 -0.364307 
5.730100 -0.839883 0.008373 
5.746203 -0.831552 0.024726 
5.749393 -0.684313 0.143647 
5.777652 -0.963401 -0.033649 
5.783825 -1.070504 -0.161928 
5.834811 -0.704440 0.147557 
5.837730 -0.978253 -0.090694 
5.840642 -0.961179 -0.070799 
5.843544 -0.837397 0.066351 
5.860786 -1.095503 -0.230820 
5.874931 -0.964497 -0.173251 
5.877736 -1.062499 -0.153995 
5.883322 -1.037270 -0.104459 
5.886104 -1.142614 -0.218042 
5.888878 -0.920614 -0.062429 
5.891644 -0.903105 -0.015223 
5.937536 -0.998991 -0.114141 
5.958425 -1.100293 -0.167792 
5.971262 -1.265267 -0.359553 
5.976351 -0.889113 -0.053735 
5.986452 -1.028082 -0.152690 
5.991465 -0.978081 -0.074423 
6.006353 -1.131794 -0.254880 
6.011267 -1.099136 -0.222650 
6.013715 -1.194932 -0.372543 
6.052089 -1.127582 -0.193819 
6.056784 -0.951829 -0.071064 
6.063785 -1.235288 -0.326449 
6.066108 -0.928953 -0.078763 
6.070738 -1.327338 -0.403258 
6.075346 -1.257031 -0.323493 
6.098074 -1.228273 -0.324905 
6.102559 -1.137890 -0.261421 
6.104793 -1.094734 -0.177297 
6.122493 -1.023314 -0.156141 
6.124683 -1.000151 -0.126359 
6.133398 -0.960534 -0.086820 
6.148468 -1.144708 -0.250955 
6.165418 -1.097763 -0.197634 
6.182085 -1.453511 -0.532859 
6.200509 -1.166489 -0.281202 
6.226537 -1.162178 -0.309768 
6.244167 -1.245534 -0.366656 
6.267201 -1.361130 -0.469398 
6.270988 -1.326468 -0.453363 
6.276643 -1.410589 -0.485063 
6.289716 -1.185878 -0.309057 
6.291569 -1.382328 -0.522574 
6.302619 -1.300837 -0.385750 
6.359574 -1.263780 -0.382181 
6.385194 -1.429800 -0.509721 
6.403574 -1.506703 -0.581440 
6.434547 -1.400848 -0.512878 
6.436150 -1.426665 -0.533760 
6.466145 -1.613081 -0.685844 
6.481577 -1.607681 -0.682500 
6.712956 -1.821574 -0.910470 
6.746412 -1.881720 -0.958923 
6.768493 -1.894200 -0.972207 
6.860664 -1.959635 -1.051938 
6.887553 -2.032796 -1.117693 
7.044905 -2.276175 -1.361539 
